[
  "[2000]LOGTASK.dispatch()",
  "[2000]LOGTASK.state=RUNNING",
  "[2000]LOGTASK.enterSVC(ena_int,intno=2)",
  "[2000]LOGTASK.leaveSVC(ena_int,ercd=0)",
  "[2000]LOGTASK.enterSVC(dly_tsk,dlytim=10)",
  "[2000]LOGTASK.wait()",
  "[2000]LOGTASK.state=WAITING",
  "[2000]MAIN_TASK.dispatch()",
  "[2000]MAIN_TASK.state=RUNNING",
  "[2000]MAIN_TASK.enterSVC(act_tsk,tskid=2)",
  "[2000]TASK1.activate()",
  "[2000]TASK1.state=RUNNABLE",
  "[2000]MAIN_TASK.leaveSVC(act_tsk,ercd=0)",
  "[2000]MAIN_TASK.enterSVC(act_tsk,tskid=3)",
  "[2000]TASK2.activate()",
  "[2000]TASK2.state=RUNNABLE",
  "[2000]MAIN_TASK.leaveSVC(act_tsk,ercd=0)",
  "[2000]MAIN_TASK.enterSVC(act_tsk,tskid=4)",
  "[2000]TASK3.activate()",
  "[2000]TASK3.state=RUNNABLE",
  "[2000]MAIN_TASK.leaveSVC(act_tsk,ercd=0)",
  "[2000]MAIN_TASK.enterSVC(dly_tsk,dlytim=40)",
  "[2000]MAIN_TASK.wait()",
  "[2000]MAIN_TASK.state=WAITING",
  "[2000]TASK1.dispatch()",
  "[2000]TASK1.state=RUNNING",
  "[2000]TASK1.enterSVC(ena_tex,)",
  "[12000]LOGTASK.releaseFromWaiting()",
  "[12000]LOGTASK.state=RUNNABLE",
  "[13000]TASK1.preempt()",
  "[13000]TASK1.state=RUNNABLE",
  "[13000]LOGTASK.dispatch()",
  "[13000]LOGTASK.state=RUNNING",
  "[13000]LOGTASK.leaveSVC(dly_tsk,ercd=0)",
  "[13000]LOGTASK.enterSVC(dly_tsk,dlytim=10)",
  "[13000]LOGTASK.wait()",
  "[13000]LOGTASK.state=WAITING",
  "[13000]TASK1.dispatch()",
  "[13000]TASK1.state=RUNNING",
  "[23000]LOGTASK.releaseFromWaiting()",
  "[23000]LOGTASK.state=RUNNABLE",
  "[24000]TASK1.preempt()",
  "[24000]TASK1.state=RUNNABLE",
  "[24000]LOGTASK.dispatch()",
  "[24000]LOGTASK.state=RUNNING",
  "[24000]LOGTASK.leaveSVC(dly_tsk,ercd=0)",
  "[24000]LOGTASK.enterSVC(dly_tsk,dlytim=10)",
  "[24000]LOGTASK.wait()",
  "[24000]LOGTASK.state=WAITING",
  "[24000]TASK1.dispatch()",
  "[24000]TASK1.state=RUNNING",
  "[34000]LOGTASK.releaseFromWaiting()",
  "[34000]LOGTASK.state=RUNNABLE",
  "[35000]TASK1.preempt()",
  "[35000]TASK1.state=RUNNABLE",
  "[35000]LOGTASK.dispatch()",
  "[35000]LOGTASK.state=RUNNING",
  "[35000]LOGTASK.leaveSVC(dly_tsk,ercd=0)",
  "[35000]LOGTASK.enterSVC(dly_tsk,dlytim=10)",
  "[35000]LOGTASK.wait()",
  "[35000]LOGTASK.state=WAITING",
  "[35000]TASK1.dispatch()",
  "[35000]TASK1.state=RUNNING",
  "[42000]MAIN_TASK.releaseFromWaiting()",
  "[42000]MAIN_TASK.state=RUNNABLE",
  "[43000]TASK1.preempt()",
  "[43000]TASK1.state=RUNNABLE",
  "[43000]MAIN_TASK.dispatch()",
  "[43000]MAIN_TASK.state=RUNNING",
  "[43000]MAIN_TASK.leaveSVC(dly_tsk,ercd=0)",
  "[43000]MAIN_TASK.enterSVC(dly_tsk,dlytim=40)",
  "[43000]MAIN_TASK.wait()",
  "[43000]MAIN_TASK.state=WAITING",
  "[43000]TASK2.dispatch()",
  "[43000]TASK2.state=RUNNING",
  "[43000]TASK2.enterSVC(ena_tex,)",
  "[45000]LOGTASK.releaseFromWaiting()",
  "[45000]LOGTASK.state=RUNNABLE",
  "[46000]TASK2.preempt()",
  "[46000]TASK2.state=RUNNABLE",
  "[46000]LOGTASK.dispatch()",
  "[46000]LOGTASK.state=RUNNING",
  "[46000]LOGTASK.leaveSVC(dly_tsk,ercd=0)",
  "[46000]LOGTASK.enterSVC(dly_tsk,dlytim=10)",
  "[46000]LOGTASK.wait()",
  "[46000]LOGTASK.state=WAITING",
  "[46000]TASK2.dispatch()",
  "[46000]TASK2.state=RUNNING",
  "[56000]LOGTASK.releaseFromWaiting()",
  "[56000]LOGTASK.state=RUNNABLE",
  "[57000]TASK2.preempt()",
  "[57000]TASK2.state=RUNNABLE",
  "[57000]LOGTASK.dispatch()",
  "[57000]LOGTASK.state=RUNNING",
  "[57000]LOGTASK.leaveSVC(dly_tsk,ercd=0)",
  "[57000]LOGTASK.enterSVC(dly_tsk,dlytim=10)",
  "[57000]LOGTASK.wait()",
  "[57000]LOGTASK.state=WAITING",
  "[57000]TASK2.dispatch()",
  "[57000]TASK2.state=RUNNING",
  "[67000]LOGTASK.releaseFromWaiting()",
  "[67000]LOGTASK.state=RUNNABLE",
  "[68000]TASK2.preempt()",
  "[68000]TASK2.state=RUNNABLE",
  "[68000]LOGTASK.dispatch()",
  "[68000]LOGTASK.state=RUNNING",
  "[68000]LOGTASK.leaveSVC(dly_tsk,ercd=0)",
  "[68000]LOGTASK.enterSVC(dly_tsk,dlytim=10)",
  "[68000]LOGTASK.wait()",
  "[68000]LOGTASK.state=WAITING",
  "[68000]TASK2.dispatch()",
  "[68000]TASK2.state=RUNNING",
  "[78000]LOGTASK.releaseFromWaiting()",
  "[78000]LOGTASK.state=RUNNABLE",
  "[79000]TASK2.preempt()",
  "[79000]TASK2.state=RUNNABLE",
  "[79000]LOGTASK.dispatch()",
  "[79000]LOGTASK.state=RUNNING",
  "[79000]LOGTASK.leaveSVC(dly_tsk,ercd=0)",
  "[79000]LOGTASK.enterSVC(dly_tsk,dlytim=10)",
  "[79000]LOGTASK.wait()",
  "[79000]LOGTASK.state=WAITING",
  "[79000]TASK2.dispatch()",
  "[79000]TASK2.state=RUNNING",
  "[83000]MAIN_TASK.releaseFromWaiting()",
  "[83000]MAIN_TASK.state=RUNNABLE",
  "[84000]TASK2.preempt()",
  "[84000]TASK2.state=RUNNABLE",
  "[84000]MAIN_TASK.dispatch()",
  "[84000]MAIN_TASK.state=RUNNING",
  "[84000]MAIN_TASK.leaveSVC(dly_tsk,ercd=0)",
  "[84000]MAIN_TASK.enterSVC(dly_tsk,dlytim=40)",
  "[84000]MAIN_TASK.wait()",
  "[84000]MAIN_TASK.state=WAITING",
  "[84000]TASK3.dispatch()",
  "[84000]TASK3.state=RUNNING",
  "[84000]TASK3.enterSVC(ena_tex,)",
  "[89000]LOGTASK.releaseFromWaiting()",
  "[89000]LOGTASK.state=RUNNABLE",
  "[90000]TASK3.preempt()",
  "[90000]TASK3.state=RUNNABLE",
  "[90000]LOGTASK.dispatch()",
  "[90000]LOGTASK.state=RUNNING",
  "[90000]LOGTASK.leaveSVC(dly_tsk,ercd=0)",
  "[90000]LOGTASK.enterSVC(dly_tsk,dlytim=10)",
  "[90000]LOGTASK.wait()",
  "[90000]LOGTASK.state=WAITING",
  "[90000]TASK3.dispatch()",
  "[90000]TASK3.state=RUNNING",
  "[100000]LOGTASK.releaseFromWaiting()",
  "[100000]LOGTASK.state=RUNNABLE",
  "[101000]TASK3.preempt()",
  "[101000]TASK3.state=RUNNABLE",
  "[101000]LOGTASK.dispatch()",
  "[101000]LOGTASK.state=RUNNING",
  "[101000]LOGTASK.leaveSVC(dly_tsk,ercd=0)",
  "[101000]LOGTASK.enterSVC(dly_tsk,dlytim=10)",
  "[101000]LOGTASK.wait()",
  "[101000]LOGTASK.state=WAITING",
  "[101000]TASK3.dispatch()",
  "[101000]TASK3.state=RUNNING",
  "[111000]LOGTASK.releaseFromWaiting()",
  "[111000]LOGTASK.state=RUNNABLE",
  "[112000]TASK3.preempt()",
  "[112000]TASK3.state=RUNNABLE",
  "[112000]LOGTASK.dispatch()",
  "[112000]LOGTASK.state=RUNNING",
  "[112000]LOGTASK.leaveSVC(dly_tsk,ercd=0)",
  "[112000]LOGTASK.enterSVC(dly_tsk,dlytim=10)",
  "[112000]LOGTASK.wait()",
  "[112000]LOGTASK.state=WAITING",
  "[112000]TASK3.dispatch()",
  "[112000]TASK3.state=RUNNING",
  "[122000]LOGTASK.releaseFromWaiting()",
  "[122000]LOGTASK.state=RUNNABLE",
  "[123000]TASK3.preempt()",
  "[123000]TASK3.state=RUNNABLE",
  "[123000]LOGTASK.dispatch()",
  "[123000]LOGTASK.state=RUNNING",
  "[123000]LOGTASK.leaveSVC(dly_tsk,ercd=0)",
  "[123000]LOGTASK.enterSVC(dly_tsk,dlytim=10)",
  "[123000]LOGTASK.wait()",
  "[123000]LOGTASK.state=WAITING",
  "[123000]TASK3.dispatch()",
  "[123000]TASK3.state=RUNNING",
  "[124000]MAIN_TASK.releaseFromWaiting()",
  "[124000]MAIN_TASK.state=RUNNABLE",
  "[125000]TASK3.preempt()",
  "[125000]TASK3.state=RUNNABLE",
  "[125000]MAIN_TASK.dispatch()",
  "[125000]MAIN_TASK.state=RUNNING",
  "[125000]MAIN_TASK.leaveSVC(dly_tsk,ercd=0)",
  "[125000]MAIN_TASK.enterSVC(dly_tsk,dlytim=40)",
  "[125000]MAIN_TASK.wait()",
  "[125000]MAIN_TASK.state=WAITING",
  "[125000]TASK1.dispatch()",
  "[125000]TASK1.state=RUNNING",
  "[133000]LOGTASK.releaseFromWaiting()",
  "[133000]LOGTASK.state=RUNNABLE",
  "[134000]TASK1.preempt()",
  "[134000]TASK1.state=RUNNABLE",
  "[134000]LOGTASK.dispatch()",
  "[134000]LOGTASK.state=RUNNING",
  "[134000]LOGTASK.leaveSVC(dly_tsk,ercd=0)",
  "[134000]LOGTASK.enterSVC(dly_tsk,dlytim=10)",
  "[134000]LOGTASK.wait()",
  "[134000]LOGTASK.state=WAITING",
  "[134000]TASK1.dispatch()",
  "[134000]TASK1.state=RUNNING",
  "[144000]LOGTASK.releaseFromWaiting()",
  "[144000]LOGTASK.state=RUNNABLE",
  "[145000]TASK1.preempt()",
  "[145000]TASK1.state=RUNNABLE",
  "[145000]LOGTASK.dispatch()",
  "[145000]LOGTASK.state=RUNNING",
  "[145000]LOGTASK.leaveSVC(dly_tsk,ercd=0)",
  "[145000]LOGTASK.enterSVC(dly_tsk,dlytim=10)",
  "[145000]LOGTASK.wait()",
  "[145000]LOGTASK.state=WAITING",
  "[145000]TASK1.dispatch()",
  "[145000]TASK1.state=RUNNING",
  "[155000]LOGTASK.releaseFromWaiting()",
  "[155000]LOGTASK.state=RUNNABLE",
  "[156000]TASK1.preempt()",
  "[156000]TASK1.state=RUNNABLE",
  "[156000]LOGTASK.dispatch()",
  "[156000]LOGTASK.state=RUNNING",
  "[156000]LOGTASK.leaveSVC(dly_tsk,ercd=0)",
  "[156000]LOGTASK.enterSVC(dly_tsk,dlytim=10)",
  "[156000]LOGTASK.wait()",
  "[156000]LOGTASK.state=WAITING",
  "[156000]TASK1.dispatch()",
  "[156000]TASK1.state=RUNNING",
  "[165000]MAIN_TASK.releaseFromWaiting()",
  "[165000]MAIN_TASK.state=RUNNABLE",
  "[166000]TASK1.preempt()",
  "[166000]TASK1.state=RUNNABLE",
  "[166000]MAIN_TASK.dispatch()",
  "[166000]MAIN_TASK.state=RUNNING",
  "[166000]MAIN_TASK.leaveSVC(dly_tsk,ercd=0)",
  "[166000]MAIN_TASK.enterSVC(dly_tsk,dlytim=40)",
  "[166000]MAIN_TASK.wait()",
  "[166000]MAIN_TASK.state=WAITING",
  "[166000]TASK1.dispatch()",
  "[166000]TASK1.state=RUNNING",
  "[166000]TASK1.enterSVC(slp_tsk,)",
  "[166000]TASK1.wait()",
  "[166000]TASK1.state=WAITING",
  "[166000]TASK2.dispatch()",
  "[166000]TASK2.state=RUNNING",
  "[166000]LOGTASK.releaseFromWaiting()",
  "[166000]LOGTASK.state=RUNNABLE",
  "[167000]TASK2.preempt()",
  "[167000]TASK2.state=RUNNABLE",
  "[167000]LOGTASK.dispatch()",
  "[167000]LOGTASK.state=RUNNING",
  "[167000]LOGTASK.leaveSVC(dly_tsk,ercd=0)",
  "[167000]LOGTASK.enterSVC(dly_tsk,dlytim=10)",
  "[167000]LOGTASK.wait()",
  "[167000]LOGTASK.state=WAITING",
  "[167000]TASK2.dispatch()",
  "[167000]TASK2.state=RUNNING",
  "[177000]LOGTASK.releaseFromWaiting()",
  "[177000]LOGTASK.state=RUNNABLE",
  "[178000]TASK2.preempt()",
  "[178000]TASK2.state=RUNNABLE",
  "[178000]LOGTASK.dispatch()",
  "[178000]LOGTASK.state=RUNNING",
  "[178000]LOGTASK.leaveSVC(dly_tsk,ercd=0)",
  "[178000]LOGTASK.enterSVC(dly_tsk,dlytim=10)",
  "[178000]LOGTASK.wait()",
  "[178000]LOGTASK.state=WAITING",
  "[178000]TASK2.dispatch()",
  "[178000]TASK2.state=RUNNING",
  "[188000]LOGTASK.releaseFromWaiting()",
  "[188000]LOGTASK.state=RUNNABLE",
  "[189000]TASK2.preempt()",
  "[189000]TASK2.state=RUNNABLE",
  "[189000]LOGTASK.dispatch()",
  "[189000]LOGTASK.state=RUNNING",
  "[189000]LOGTASK.leaveSVC(dly_tsk,ercd=0)",
  "[189000]LOGTASK.enterSVC(dly_tsk,dlytim=10)",
  "[189000]LOGTASK.wait()",
  "[189000]LOGTASK.state=WAITING",
  "[189000]TASK2.dispatch()",
  "[189000]TASK2.state=RUNNING",
  "[199000]LOGTASK.releaseFromWaiting()",
  "[199000]LOGTASK.state=RUNNABLE",
  "[200000]TASK2.preempt()",
  "[200000]TASK2.state=RUNNABLE",
  "[200000]LOGTASK.dispatch()",
  "[200000]LOGTASK.state=RUNNING",
  "[200000]LOGTASK.leaveSVC(dly_tsk,ercd=0)",
  "[200000]LOGTASK.enterSVC(dly_tsk,dlytim=10)",
  "[200000]LOGTASK.wait()",
  "[200000]LOGTASK.state=WAITING",
  "[200000]TASK2.dispatch()",
  "[200000]TASK2.state=RUNNING",
  "[206000]MAIN_TASK.releaseFromWaiting()",
  "[206000]MAIN_TASK.state=RUNNABLE",
  "[207000]TASK2.preempt()",
  "[207000]TASK2.state=RUNNABLE",
  "[207000]MAIN_TASK.dispatch()",
  "[207000]MAIN_TASK.state=RUNNING",
  "[207000]MAIN_TASK.leaveSVC(dly_tsk,ercd=0)",
  "[207000]MAIN_TASK.enterSVC(dly_tsk,dlytim=40)",
  "[207000]MAIN_TASK.wait()",
  "[207000]MAIN_TASK.state=WAITING",
  "[207000]TASK2.dispatch()",
  "[207000]TASK2.state=RUNNING",
  "[207000]TASK2.enterSVC(slp_tsk,)",
  "[207000]TASK2.wait()",
  "[207000]TASK2.state=WAITING",
  "[207000]TASK3.dispatch()",
  "[207000]TASK3.state=RUNNING",
  "[210000]LOGTASK.releaseFromWaiting()",
  "[210000]LOGTASK.state=RUNNABLE",
  "[211000]TASK3.preempt()",
  "[211000]TASK3.state=RUNNABLE",
  "[211000]LOGTASK.dispatch()",
  "[211000]LOGTASK.state=RUNNING",
  "[211000]LOGTASK.leaveSVC(dly_tsk,ercd=0)",
  "[211000]LOGTASK.enterSVC(dly_tsk,dlytim=10)",
  "[211000]LOGTASK.wait()",
  "[211000]LOGTASK.state=WAITING",
  "[211000]TASK3.dispatch()",
  "[211000]TASK3.state=RUNNING",
  "[221000]LOGTASK.releaseFromWaiting()",
  "[221000]LOGTASK.state=RUNNABLE",
  "[222000]TASK3.preempt()",
  "[222000]TASK3.state=RUNNABLE",
  "[222000]LOGTASK.dispatch()",
  "[222000]LOGTASK.state=RUNNING",
  "[222000]LOGTASK.leaveSVC(dly_tsk,ercd=0)",
  "[222000]LOGTASK.enterSVC(dly_tsk,dlytim=10)",
  "[222000]LOGTASK.wait()",
  "[222000]LOGTASK.state=WAITING",
  "[222000]TASK3.dispatch()",
  "[222000]TASK3.state=RUNNING",
  "[232000]LOGTASK.releaseFromWaiting()",
  "[232000]LOGTASK.state=RUNNABLE",
  "[233000]TASK3.preempt()",
  "[233000]TASK3.state=RUNNABLE",
  "[233000]LOGTASK.dispatch()",
  "[233000]LOGTASK.state=RUNNING",
  "[233000]LOGTASK.leaveSVC(dly_tsk,ercd=0)",
  "[233000]LOGTASK.enterSVC(dly_tsk,dlytim=10)",
  "[233000]LOGTASK.wait()",
  "[233000]LOGTASK.state=WAITING",
  "[233000]TASK3.dispatch()",
  "[233000]TASK3.state=RUNNING",
  "[243000]LOGTASK.releaseFromWaiting()",
  "[243000]LOGTASK.state=RUNNABLE",
  "[244000]TASK3.preempt()",
  "[244000]TASK3.state=RUNNABLE",
  "[244000]LOGTASK.dispatch()",
  "[244000]LOGTASK.state=RUNNING",
  "[244000]LOGTASK.leaveSVC(dly_tsk,ercd=0)",
  "[244000]LOGTASK.enterSVC(dly_tsk,dlytim=10)",
  "[244000]LOGTASK.wait()",
  "[244000]LOGTASK.state=WAITING",
  "[244000]TASK3.dispatch()",
  "[244000]TASK3.state=RUNNING",
  "[247000]MAIN_TASK.releaseFromWaiting()",
  "[247000]MAIN_TASK.state=RUNNABLE",
  "[248000]TASK3.preempt()",
  "[248000]TASK3.state=RUNNABLE",
  "[248000]MAIN_TASK.dispatch()",
  "[248000]MAIN_TASK.state=RUNNING",
  "[248000]MAIN_TASK.leaveSVC(dly_tsk,ercd=0)",
  "[248000]MAIN_TASK.enterSVC(dly_tsk,dlytim=40)",
  "[248000]MAIN_TASK.wait()",
  "[248000]MAIN_TASK.state=WAITING",
  "[248000]TASK3.dispatch()",
  "[248000]TASK3.state=RUNNING",
  "[248000]TASK3.enterSVC(slp_tsk,)",
  "[248000]TASK3.wait()",
  "[248000]TASK3.state=WAITING",
  "[254000]LOGTASK.releaseFromWaiting()",
  "[254000]LOGTASK.state=RUNNABLE",
  "[255000]LOGTASK.dispatch()",
  "[255000]LOGTASK.state=RUNNING",
  "[255000]LOGTASK.leaveSVC(dly_tsk,ercd=0)",
  "[255000]LOGTASK.enterSVC(dly_tsk,dlytim=10)",
  "[255000]LOGTASK.wait()",
  "[255000]LOGTASK.state=WAITING",
  "[265000]LOGTASK.releaseFromWaiting()",
  "[265000]LOGTASK.state=RUNNABLE",
  "[266000]LOGTASK.dispatch()",
  "[266000]LOGTASK.state=RUNNING",
  "[266000]LOGTASK.leaveSVC(dly_tsk,ercd=0)",
  "[266000]LOGTASK.enterSVC(dly_tsk,dlytim=10)",
  "[266000]LOGTASK.wait()",
  "[266000]LOGTASK.state=WAITING",
  "[276000]LOGTASK.releaseFromWaiting()",
  "[276000]LOGTASK.state=RUNNABLE",
  "[277000]LOGTASK.dispatch()",
  "[277000]LOGTASK.state=RUNNING",
  "[277000]LOGTASK.leaveSVC(dly_tsk,ercd=0)",
  "[277000]LOGTASK.enterSVC(dly_tsk,dlytim=10)",
  "[277000]LOGTASK.wait()",
  "[277000]LOGTASK.state=WAITING",
  "[287000]LOGTASK.releaseFromWaiting()",
  "[287000]LOGTASK.state=RUNNABLE",
  "[288000]LOGTASK.dispatch()",
  "[288000]LOGTASK.state=RUNNING",
  "[288000]LOGTASK.leaveSVC(dly_tsk,ercd=0)",
  "[288000]LOGTASK.enterSVC(dly_tsk,dlytim=10)",
  "[288000]LOGTASK.wait()",
  "[288000]LOGTASK.state=WAITING",
  "[288000]MAIN_TASK.releaseFromWaiting()",
  "[288000]MAIN_TASK.state=RUNNABLE",
  "[289000]MAIN_TASK.dispatch()",
  "[289000]MAIN_TASK.state=RUNNING",
  "[289000]MAIN_TASK.leaveSVC(dly_tsk,ercd=0)",
  "[289000]MAIN_TASK.enterSVC(wup_tsk,tskid=2)",
  "[289000]TASK1.releaseFromWaiting()",
  "[289000]TASK1.state=RUNNABLE",
  "[289000]MAIN_TASK.leaveSVC(wup_tsk,ercd=0)",
  "[289000]MAIN_TASK.enterSVC(wup_tsk,tskid=3)",
  "[289000]TASK2.releaseFromWaiting()",
  "[289000]TASK2.state=RUNNABLE",
  "[289000]MAIN_TASK.leaveSVC(wup_tsk,ercd=0)",
  "[289000]MAIN_TASK.enterSVC(wup_tsk,tskid=4)",
  "[289000]TASK3.releaseFromWaiting()",
  "[289000]TASK3.state=RUNNABLE",
  "[289000]MAIN_TASK.leaveSVC(wup_tsk,ercd=0)",
  "[289000]MAIN_TASK.enterSVC(dly_tsk,dlytim=40)",
  "[289000]MAIN_TASK.wait()",
  "[289000]MAIN_TASK.state=WAITING",
  "[289000]TASK1.dispatch()",
  "[289000]TASK1.state=RUNNING",
  "[289000]TASK1.leaveSVC(slp_tsk,ercd=0)",
  "[298000]LOGTASK.releaseFromWaiting()",
  "[298000]LOGTASK.state=RUNNABLE",
  "[299000]TASK1.preempt()",
  "[299000]TASK1.state=RUNNABLE",
  "[299000]LOGTASK.dispatch()",
  "[299000]LOGTASK.state=RUNNING",
  "[299000]LOGTASK.leaveSVC(dly_tsk,ercd=0)",
  "[299000]LOGTASK.enterSVC(dly_tsk,dlytim=10)",
  "[299000]LOGTASK.wait()",
  "[299000]LOGTASK.state=WAITING",
  "[299000]TASK1.dispatch()",
  "[299000]TASK1.state=RUNNING",
  "[309000]LOGTASK.releaseFromWaiting()",
  "[309000]LOGTASK.state=RUNNABLE",
  "[310000]TASK1.preempt()",
  "[310000]TASK1.state=RUNNABLE",
  "[310000]LOGTASK.dispatch()",
  "[310000]LOGTASK.state=RUNNING",
  "[310000]LOGTASK.leaveSVC(dly_tsk,ercd=0)",
  "[310000]LOGTASK.enterSVC(dly_tsk,dlytim=10)",
  "[310000]LOGTASK.wait()",
  "[310000]LOGTASK.state=WAITING",
  "[310000]TASK1.dispatch()",
  "[310000]TASK1.state=RUNNING",
  "[320000]LOGTASK.releaseFromWaiting()",
  "[320000]LOGTASK.state=RUNNABLE",
  "[321000]TASK1.preempt()",
  "[321000]TASK1.state=RUNNABLE",
  "[321000]LOGTASK.dispatch()",
  "[321000]LOGTASK.state=RUNNING",
  "[321000]LOGTASK.leaveSVC(dly_tsk,ercd=0)",
  "[321000]LOGTASK.enterSVC(dly_tsk,dlytim=10)",
  "[321000]LOGTASK.wait()",
  "[321000]LOGTASK.state=WAITING",
  "[321000]TASK1.dispatch()",
  "[321000]TASK1.state=RUNNING",
  "[329000]MAIN_TASK.releaseFromWaiting()",
  "[329000]MAIN_TASK.state=RUNNABLE",
  "[330000]TASK1.preempt()",
  "[330000]TASK1.state=RUNNABLE",
  "[330000]MAIN_TASK.dispatch()",
  "[330000]MAIN_TASK.state=RUNNING",
  "[330000]MAIN_TASK.leaveSVC(dly_tsk,ercd=0)",
  "[330000]MAIN_TASK.enterSVC(dly_tsk,dlytim=40)",
  "[330000]MAIN_TASK.wait()",
  "[330000]MAIN_TASK.state=WAITING",
  "[330000]TASK1.dispatch()",
  "[330000]TASK1.state=RUNNING",
  "[330000]TASK1.enterSVC(ext_tsk,)",
  "[330000]TASK1.exit()",
  "[330000]TASK1.state=DORMANT",
  "[330000]TASK2.dispatch()",
  "[330000]TASK2.state=RUNNING",
  "[330000]TASK2.leaveSVC(slp_tsk,ercd=0)",
  "[331000]LOGTASK.releaseFromWaiting()",
  "[331000]LOGTASK.state=RUNNABLE",
  "[332000]TASK2.preempt()",
  "[332000]TASK2.state=RUNNABLE",
  "[332000]LOGTASK.dispatch()",
  "[332000]LOGTASK.state=RUNNING",
  "[332000]LOGTASK.leaveSVC(dly_tsk,ercd=0)",
  "[332000]LOGTASK.enterSVC(dly_tsk,dlytim=10)",
  "[332000]LOGTASK.wait()",
  "[332000]LOGTASK.state=WAITING",
  "[332000]TASK2.dispatch()",
  "[332000]TASK2.state=RUNNING",
  "[342000]LOGTASK.releaseFromWaiting()",
  "[342000]LOGTASK.state=RUNNABLE",
  "[343000]TASK2.preempt()",
  "[343000]TASK2.state=RUNNABLE",
  "[343000]LOGTASK.dispatch()",
  "[343000]LOGTASK.state=RUNNING",
  "[343000]LOGTASK.leaveSVC(dly_tsk,ercd=0)",
  "[343000]LOGTASK.enterSVC(dly_tsk,dlytim=10)",
  "[343000]LOGTASK.wait()",
  "[343000]LOGTASK.state=WAITING",
  "[343000]TASK2.dispatch()",
  "[343000]TASK2.state=RUNNING",
  "[353000]LOGTASK.releaseFromWaiting()",
  "[353000]LOGTASK.state=RUNNABLE",
  "[354000]TASK2.preempt()",
  "[354000]TASK2.state=RUNNABLE",
  "[354000]LOGTASK.dispatch()",
  "[354000]LOGTASK.state=RUNNING",
  "[354000]LOGTASK.leaveSVC(dly_tsk,ercd=0)",
  "[354000]LOGTASK.enterSVC(dly_tsk,dlytim=10)",
  "[354000]LOGTASK.wait()",
  "[354000]LOGTASK.state=WAITING",
  "[354000]TASK2.dispatch()",
  "[354000]TASK2.state=RUNNING",
  "[364000]LOGTASK.releaseFromWaiting()",
  "[364000]LOGTASK.state=RUNNABLE",
  "[365000]TASK2.preempt()",
  "[365000]TASK2.state=RUNNABLE",
  "[365000]LOGTASK.dispatch()",
  "[365000]LOGTASK.state=RUNNING",
  "[365000]LOGTASK.leaveSVC(dly_tsk,ercd=0)",
  "[365000]LOGTASK.enterSVC(dly_tsk,dlytim=10)",
  "[365000]LOGTASK.wait()",
  "[365000]LOGTASK.state=WAITING",
  "[365000]TASK2.dispatch()",
  "[365000]TASK2.state=RUNNING",
  "[370000]MAIN_TASK.releaseFromWaiting()",
  "[370000]MAIN_TASK.state=RUNNABLE",
  "[371000]TASK2.preempt()",
  "[371000]TASK2.state=RUNNABLE",
  "[371000]MAIN_TASK.dispatch()",
  "[371000]MAIN_TASK.state=RUNNING",
  "[371000]MAIN_TASK.leaveSVC(dly_tsk,ercd=0)",
  "[371000]MAIN_TASK.enterSVC(dly_tsk,dlytim=40)",
  "[371000]MAIN_TASK.wait()",
  "[371000]MAIN_TASK.state=WAITING",
  "[371000]TASK2.dispatch()",
  "[371000]TASK2.state=RUNNING",
  "[371000]TASK2.enterSVC(ext_tsk,)",
  "[371000]TASK2.exit()",
  "[371000]TASK2.state=DORMANT",
  "[371000]TASK3.dispatch()",
  "[371000]TASK3.state=RUNNING",
  "[371000]TASK3.leaveSVC(slp_tsk,ercd=0)",
  "[375000]LOGTASK.releaseFromWaiting()",
  "[375000]LOGTASK.state=RUNNABLE",
  "[376000]TASK3.preempt()",
  "[376000]TASK3.state=RUNNABLE",
  "[376000]LOGTASK.dispatch()",
  "[376000]LOGTASK.state=RUNNING",
  "[376000]LOGTASK.leaveSVC(dly_tsk,ercd=0)",
  "[376000]LOGTASK.enterSVC(dly_tsk,dlytim=10)",
  "[376000]LOGTASK.wait()",
  "[376000]LOGTASK.state=WAITING",
  "[376000]TASK3.dispatch()",
  "[376000]TASK3.state=RUNNING",
  "[386000]LOGTASK.releaseFromWaiting()",
  "[386000]LOGTASK.state=RUNNABLE",
  "[387000]TASK3.preempt()",
  "[387000]TASK3.state=RUNNABLE",
  "[387000]LOGTASK.dispatch()",
  "[387000]LOGTASK.state=RUNNING",
  "[387000]LOGTASK.leaveSVC(dly_tsk,ercd=0)",
  "[387000]LOGTASK.enterSVC(dly_tsk,dlytim=10)",
  "[387000]LOGTASK.wait()",
  "[387000]LOGTASK.state=WAITING",
  "[387000]TASK3.dispatch()",
  "[387000]TASK3.state=RUNNING",
  "[397000]LOGTASK.releaseFromWaiting()",
  "[397000]LOGTASK.state=RUNNABLE",
  "[398000]TASK3.preempt()",
  "[398000]TASK3.state=RUNNABLE",
  "[398000]LOGTASK.dispatch()",
  "[398000]LOGTASK.state=RUNNING",
  "[398000]LOGTASK.leaveSVC(dly_tsk,ercd=0)",
  "[398000]LOGTASK.enterSVC(dly_tsk,dlytim=10)",
  "[398000]LOGTASK.wait()",
  "[398000]LOGTASK.state=WAITING",
  "[398000]TASK3.dispatch()",
  "[398000]TASK3.state=RUNNING",
  "[408000]LOGTASK.releaseFromWaiting()",
  "[408000]LOGTASK.state=RUNNABLE",
  "[409000]TASK3.preempt()",
  "[409000]TASK3.state=RUNNABLE",
  "[409000]LOGTASK.dispatch()",
  "[409000]LOGTASK.state=RUNNING",
  "[409000]LOGTASK.leaveSVC(dly_tsk,ercd=0)",
  "[409000]LOGTASK.enterSVC(dly_tsk,dlytim=10)",
  "[409000]LOGTASK.wait()",
  "[409000]LOGTASK.state=WAITING",
  "[409000]TASK3.dispatch()",
  "[409000]TASK3.state=RUNNING",
  "[411000]MAIN_TASK.releaseFromWaiting()",
  "[411000]MAIN_TASK.state=RUNNABLE",
  "[412000]TASK3.preempt()",
  "[412000]TASK3.state=RUNNABLE",
  "[412000]MAIN_TASK.dispatch()",
  "[412000]MAIN_TASK.state=RUNNING",
  "[412000]MAIN_TASK.leaveSVC(dly_tsk,ercd=0)",
  "[412000]MAIN_TASK.enterSVC(dly_tsk,dlytim=40)",
  "[412000]MAIN_TASK.wait()",
  "[412000]MAIN_TASK.state=WAITING",
  "[412000]TASK3.dispatch()",
  "[412000]TASK3.state=RUNNING",
  "[412000]TASK3.enterSVC(ext_tsk,)",
  "[412000]TASK3.exit()",
  "[412000]TASK3.state=DORMANT",
  "[419000]LOGTASK.releaseFromWaiting()",
  "[419000]LOGTASK.state=RUNNABLE",
  "[420000]LOGTASK.dispatch()",
  "[420000]LOGTASK.state=RUNNING",
  "[420000]LOGTASK.leaveSVC(dly_tsk,ercd=0)",
  "[420000]LOGTASK.enterSVC(dly_tsk,dlytim=10)",
  "[420000]LOGTASK.wait()",
  "[420000]LOGTASK.state=WAITING",
  "[430000]LOGTASK.releaseFromWaiting()",
  "[430000]LOGTASK.state=RUNNABLE",
  "[431000]LOGTASK.dispatch()",
  "[431000]LOGTASK.state=RUNNING",
  "[431000]LOGTASK.leaveSVC(dly_tsk,ercd=0)",
  "[431000]LOGTASK.enterSVC(dly_tsk,dlytim=10)",
  "[431000]LOGTASK.wait()",
  "[431000]LOGTASK.state=WAITING",
  "[441000]LOGTASK.releaseFromWaiting()",
  "[441000]LOGTASK.state=RUNNABLE",
  "[442000]LOGTASK.dispatch()",
  "[442000]LOGTASK.state=RUNNING",
  "[442000]LOGTASK.leaveSVC(dly_tsk,ercd=0)",
  "[442000]LOGTASK.enterSVC(dly_tsk,dlytim=10)",
  "[442000]LOGTASK.wait()",
  "[442000]LOGTASK.state=WAITING",
  "[452000]MAIN_TASK.releaseFromWaiting()",
  "[452000]MAIN_TASK.state=RUNNABLE",
  "[452000]LOGTASK.releaseFromWaiting()",
  "[452000]LOGTASK.state=RUNNABLE",
  "[453000]LOGTASK.dispatch()",
  "[453000]LOGTASK.state=RUNNING",
  "[453000]LOGTASK.leaveSVC(dly_tsk,ercd=0)",
  "[453000]LOGTASK.enterSVC(dly_tsk,dlytim=10)",
  "[453000]LOGTASK.wait()",
  "[453000]LOGTASK.state=WAITING",
  "[453000]MAIN_TASK.dispatch()",
  "[453000]MAIN_TASK.state=RUNNING",
  "[453000]MAIN_TASK.leaveSVC(dly_tsk,ercd=0)"
]