[538201]:[2]: enter to sns_ctx.
[538377]:[2]: leave to sns_ctx state=1.
[538560]:[2]: enter to iget_pid p_prcid=1394908.
[538751]:[2]: leave to iget_pid ercd=0. prcid=2
[538970]:[2]: enter to iget_pid p_prcid=1394908.
[539161]:[2]: leave to iget_pid ercd=0. prcid=2
[539368]:[2]: enter to sns_ctx.
[539544]:[2]: leave to sns_ctx state=1.
[539727]:[2]: enter to iget_pid p_prcid=1394836.
[539918]:[2]: leave to iget_pid ercd=0. prcid=2
[540085]:[2]: Processor 2 start.
[540269]:[2]: enter to sns_ctx.
[540445]:[2]: leave to sns_ctx state=1.
[540626]:[2]: enter to iget_pid p_prcid=1394880.
[540817]:[2]: leave to iget_pid ercd=0. prcid=2
[541859]:[1]: dispatch to task 4.
[542069]:[1]: enter to sns_ctx.
[542245]:[1]: leave to sns_ctx state=0.
[542427]:[1]: enter to get_pid p_prcid=1390332.
[542619]:[1]: leave to get_pid ercd=0. prcid=1
[543316]:[1]: enter to sns_ctx.
[543492]:[1]: leave to sns_ctx state=0.
[543674]:[1]: enter to get_pid p_prcid=1390252.
[543866]:[1]: leave to get_pid ercd=0. prcid=1
[544030]:[1]: Sample program starts (exinf = 0).
[544214]:[1]: enter to sns_ctx.
[544390]:[1]: leave to sns_ctx state=0.
[544574]:[1]: enter to get_pid p_prcid=1390296.
[544766]:[1]: leave to get_pid ercd=0. prcid=1
[545048]:[1]: enter to sns_dpn.
[545241]:[1]: leave to sns_dpn state=0.
[545432]:[1]: enter to dis_dsp.
[545684]:[1]: leave to dis_dsp ercd=0.
[545962]:[1]: enter to ena_int intno=2.
[546186]:[1]: leave to ena_int ercd=0.
[546436]:[1]: enter to ena_dsp.
[546723]:[1]: leave to ena_dsp ercd=0.
[546927]:[1]: enter to sns_dpn.
[547120]:[1]: leave to sns_dpn state=0.
[547352]:[1]: enter to act_tsk tskid=1.
[547619]:[1]: task 1 becomes RUNNABLE.
[547854]:[1]: leave to act_tsk ercd=0.
[548040]:[1]: enter to act_tsk tskid=2.
[548307]:[1]: task 2 becomes RUNNABLE.
[548542]:[1]: leave to act_tsk ercd=0.
[548725]:[1]: enter to act_tsk tskid=3.
[548992]:[1]: task 3 becomes RUNNABLE.
[549227]:[1]: leave to act_tsk ercd=0.
[549412]:[1]: enter to dly_tsk dlytim=10.
[549901]:[1]: task 4 becomes WAITING.
[550115]:[1]: dispatch from task 4.
[550291]:[1]: dispatch to task 1.
[550491]:[1]: enter to ena_tex.
[550761]:[1]: leave to ena_tex ercd=0
[2621311]:[1]: task 4 becomes RUNNABLE.
[2621850]:[1]: dispatch from task 1.
[2622026]:[1]: dispatch to task 4.
[2622232]:[1]: leave to dly_tsk ercd=0.
[2622415]:[1]: enter to rot_rdq tskpri=10.
[2622724]:[1]: leave to rot_rdq ercd=0.
[2622907]:[1]: enter to dly_tsk dlytim=10.
[2623396]:[1]: task 4 becomes WAITING.
[2623610]:[1]: dispatch from task 4.
[2623786]:[1]: dispatch to task 2.
[2623986]:[1]: enter to ena_tex.
[2624256]:[1]: leave to ena_tex ercd=0
[4717251]:[1]: task 4 becomes RUNNABLE.
[4717790]:[1]: dispatch from task 2.
[4717966]:[1]: dispatch to task 4.
[4718172]:[1]: leave to dly_tsk ercd=0.
[4718355]:[1]: enter to rot_rdq tskpri=10.
[4718664]:[1]: leave to rot_rdq ercd=0.
[4718847]:[1]: enter to dly_tsk dlytim=10.
[4719336]:[1]: task 4 becomes WAITING.
[4719550]:[1]: dispatch from task 4.
[4719726]:[1]: dispatch to task 3.
[4719926]:[1]: enter to ena_tex.
[4720196]:[1]: leave to ena_tex ercd=0
[6813191]:[1]: task 4 becomes RUNNABLE.
[6813730]:[1]: dispatch from task 3.
[6813906]:[1]: dispatch to task 4.
[6814112]:[1]: leave to dly_tsk ercd=0.
[6814295]:[1]: enter to rot_rdq tskpri=10.
[6814604]:[1]: leave to rot_rdq ercd=0.
[6814787]:[1]: enter to dly_tsk dlytim=10.
[6815276]:[1]: task 4 becomes WAITING.
[6815490]:[1]: dispatch from task 4.
[6815666]:[1]: dispatch to task 1.
[8909082]:[1]: task 4 becomes RUNNABLE.
[8909621]:[1]: dispatch from task 1.
[8909797]:[1]: dispatch to task 4.
[8910003]:[1]: leave to dly_tsk ercd=0.
[8910190]:[1]: enter to dly_tsk dlytim=10.
[8910679]:[1]: task 4 becomes WAITING.
[8910893]:[1]: dispatch from task 4.
[8911069]:[1]: dispatch to task 1.
[8911585]:[1]: enter to sns_ctx.
[8911761]:[1]: leave to sns_ctx state=0.
[8911943]:[1]: enter to get_pid p_prcid=1377908.
[8912135]:[1]: leave to get_pid ercd=0. prcid=1
[8912299]:[1]: #1#slp_tsk()
[8912483]:[1]: enter to sns_ctx.
[8912659]:[1]: leave to sns_ctx state=0.
[8912843]:[1]: enter to get_pid p_prcid=1377952.
[8913035]:[1]: leave to get_pid ercd=0. prcid=1
[8913311]:[1]: enter to slp_tsk.
[8913640]:[1]: task 1 becomes WAITING.
[8913854]:[1]: dispatch from task 1.
[8914030]:[1]: dispatch to task 2.
[11005239]:[1]: task 4 becomes RUNNABLE.
[11005778]:[1]: dispatch from task 2.
[11005954]:[1]: dispatch to task 4.
[11006160]:[1]: leave to dly_tsk ercd=0.
[11006347]:[1]: enter to dly_tsk dlytim=10.
[11006836]:[1]: task 4 becomes WAITING.
[11007050]:[1]: dispatch from task 4.
[11007226]:[1]: dispatch to task 2.
[11007758]:[1]: enter to sns_ctx.
[11007934]:[1]: leave to sns_ctx state=0.
[11008116]:[1]: enter to get_pid p_prcid=1382004.
[11008308]:[1]: leave to get_pid ercd=0. prcid=1
[11008472]:[1]: #2#slp_tsk()
[11008656]:[1]: enter to sns_ctx.
[11008832]:[1]: leave to sns_ctx state=0.
[11009016]:[1]: enter to get_pid p_prcid=1382048.
[11009208]:[1]: leave to get_pid ercd=0. prcid=1
[11009484]:[1]: enter to slp_tsk.
[11009813]:[1]: task 2 becomes WAITING.
[11010027]:[1]: dispatch from task 2.
[11010203]:[1]: dispatch to task 3.
[13101412]:[1]: task 4 becomes RUNNABLE.
[13101951]:[1]: dispatch from task 3.
[13102127]:[1]: dispatch to task 4.
[13102333]:[1]: leave to dly_tsk ercd=0.
[13102520]:[1]: enter to dly_tsk dlytim=10.
[13103009]:[1]: task 4 becomes WAITING.
[13103223]:[1]: dispatch from task 4.
[13103399]:[1]: dispatch to task 3.
[13103931]:[1]: enter to sns_ctx.
[13104107]:[1]: leave to sns_ctx state=0.
[13104289]:[1]: enter to get_pid p_prcid=1386100.
[13104481]:[1]: leave to get_pid ercd=0. prcid=1
[13104645]:[1]: #3#slp_tsk()
[13104829]:[1]: enter to sns_ctx.
[13105005]:[1]: leave to sns_ctx state=0.
[13105189]:[1]: enter to get_pid p_prcid=1386144.
[13105381]:[1]: leave to get_pid ercd=0. prcid=1
[13105657]:[1]: enter to slp_tsk.
[13106012]:[1]: task 3 becomes WAITING.
[13106226]:[1]: dispatch from task 3.
[15073853]:[1]: task 4 becomes RUNNABLE.
[15074365]:[1]: dispatch to task 4.
[15074571]:[1]: leave to dly_tsk ercd=0.
[15074754]:[1]: enter to wup_tsk tskid=1.
[15075061]:[1]: task 1 becomes RUNNABLE.
[15075308]:[1]: leave to wup_tsk ercd=0.
[15075489]:[1]: enter to wup_tsk tskid=2.
[15075796]:[1]: task 2 becomes RUNNABLE.
[15076043]:[1]: leave to wup_tsk ercd=0.
[15076224]:[1]: enter to wup_tsk tskid=3.
[15076531]:[1]: task 3 becomes RUNNABLE.
[15076778]:[1]: leave to wup_tsk ercd=0.
[15076961]:[1]: enter to dly_tsk dlytim=10.
[15077450]:[1]: task 4 becomes WAITING.
[15077664]:[1]: dispatch from task 4.
[15077840]:[1]: dispatch to task 1.
[15078052]:[1]: leave to slp_tsk ercd=0.
[17169909]:[1]: task 4 becomes RUNNABLE.
[17170448]:[1]: dispatch from task 1.
[17170624]:[1]: dispatch to task 4.
[17170830]:[1]: leave to dly_tsk ercd=0.
[17171023]:[1]: enter to mig_tsk tskid=1. prcid=2.
[17171405]:[1]: task 1 migrates from processor 1 to processor 2.
[17171582]:[1]: task 1 becomes RUNNABLE.
[17171853]:[1]: leave to mig_tsk ercd=0.
[17172040]:[1]: enter to dly_tsk dlytim=10.
[17172165]:[2]: dispatch to task 1.
[17172529]:[1]: task 4 becomes WAITING.
[17172743]:[1]: dispatch from task 4.
[17172919]:[1]: dispatch to task 2.
[17173131]:[1]: leave to slp_tsk ercd=0.
[19265874]:[1]: task 4 becomes RUNNABLE.
[19266413]:[1]: dispatch from task 2.
[19266589]:[1]: dispatch to task 4.
[19266795]:[1]: leave to dly_tsk ercd=0.
[19266988]:[1]: enter to mig_tsk tskid=2. prcid=2.
[19267370]:[1]: task 2 migrates from processor 1 to processor 2.
[19267547]:[1]: task 2 becomes RUNNABLE.
[19267789]:[1]: leave to mig_tsk ercd=0.
[19267976]:[1]: enter to dly_tsk dlytim=10.
[19268465]:[1]: task 4 becomes WAITING.
[19268679]:[1]: dispatch from task 4.
[19268855]:[1]: dispatch to task 3.
[19269067]:[1]: leave to slp_tsk ercd=0.
[21361835]:[1]: task 4 becomes RUNNABLE.
[21362374]:[1]: dispatch from task 3.
[21362550]:[1]: dispatch to task 4.
[21362756]:[1]: leave to dly_tsk ercd=0.
[21362949]:[1]: enter to mig_tsk tskid=3. prcid=2.
[21363352]:[1]: task 3 migrates from processor 1 to processor 2.
[21363529]:[1]: task 3 becomes RUNNABLE.
[21363771]:[1]: leave to mig_tsk ercd=0.
[21363958]:[1]: enter to dly_tsk dlytim=10.
[21364399]:[1]: task 4 becomes WAITING.
[21364613]:[1]: dispatch from task 4.
[23333993]:[1]: task 4 becomes RUNNABLE.
[23334504]:[1]: dispatch to task 4.
[23334710]:[1]: leave to dly_tsk ercd=0.
[23334897]:[1]: enter to dly_tsk dlytim=10.
[23335233]:[2]: enter to sns_ctx.
[23335338]:[1]: task 4 becomes WAITING.
[23335439]:[2]: leave to sns_ctx state=0.
[23335552]:[1]: dispatch from task 4.
[23335641]:[2]: enter to get_pid p_prcid=1377908.
[23335833]:[2]: leave to get_pid ercd=0. prcid=2
[23335997]:[2]: #1#mig_tsk(PE1)
[23336181]:[2]: enter to sns_ctx.
[23336357]:[2]: leave to sns_ctx state=0.
[23336541]:[2]: enter to get_pid p_prcid=1377952.
[23336733]:[2]: leave to get_pid ercd=0. prcid=2
[23336970]:[2]: enter to mig_tsk tskid=0. prcid=1.
[23337292]:[2]: task 1 migrates from processor 2 to processor 1.
[23337610]:[2]: task 1 becomes RUNNABLE.
[23337893]:[2]: dispatch from task 1.
[23338069]:[2]: dispatch to task 2.
[23338187]:[1]: dispatch to task 1.
[23338386]:[1]: leave to mig_tsk ercd=0.
[25429813]:[1]: task 4 becomes RUNNABLE.
[25430352]:[1]: dispatch from task 1.
[25430528]:[1]: dispatch to task 4.
[25430734]:[1]: leave to dly_tsk ercd=0.
[25430921]:[1]: enter to dly_tsk dlytim=10.
[25431345]:[2]: enter to sns_ctx.
[25431440]:[1]: task 4 becomes WAITING.
[25431521]:[2]: leave to sns_ctx state=0.
[25431654]:[1]: dispatch from task 4.
[25431753]:[2]: enter to get_pid p_prcid=1382004.
[25431830]:[1]: dispatch to task 1.
[25431945]:[2]: leave to get_pid ercd=0. prcid=2
[25432109]:[2]: #2#mig_tsk(PE1)
[25432293]:[2]: enter to sns_ctx.
[25432469]:[2]: leave to sns_ctx state=0.
[25432653]:[2]: enter to get_pid p_prcid=1382048.
[25432845]:[2]: leave to get_pid ercd=0. prcid=2
[25433082]:[2]: enter to mig_tsk tskid=0. prcid=1.
[25433404]:[2]: task 2 migrates from processor 2 to processor 1.
[25433722]:[2]: task 2 becomes RUNNABLE.
[25433973]:[2]: dispatch from task 2.
[25434149]:[2]: dispatch to task 3.
[27525667]:[1]: task 4 becomes RUNNABLE.
[27526206]:[1]: dispatch from task 1.
[27526382]:[1]: dispatch to task 4.
[27526588]:[1]: leave to dly_tsk ercd=0.
[27526775]:[1]: enter to dly_tsk dlytim=10.
[27527154]:[2]: enter to sns_ctx.
[27527284]:[1]: task 4 becomes WAITING.
[27527390]:[2]: leave to sns_ctx state=0.
[27527518]:[1]: dispatch from task 4.
[27527622]:[2]: enter to get_pid p_prcid=1386100.
[27527714]:[1]: dispatch to task 1.
[27527814]:[2]: leave to get_pid ercd=0. prcid=2
[27527978]:[2]: #3#mig_tsk(PE1)
[27528162]:[2]: enter to sns_ctx.
[27528338]:[2]: leave to sns_ctx state=0.
[27528522]:[2]: enter to get_pid p_prcid=1386144.
[27528714]:[2]: leave to get_pid ercd=0. prcid=2
[27528951]:[2]: enter to mig_tsk tskid=0. prcid=1.
[27529273]:[2]: task 3 migrates from processor 2 to processor 1.
[27529617]:[2]: task 3 becomes RUNNABLE.
[27529868]:[2]: dispatch from task 3.
[29621485]:[1]: task 4 becomes RUNNABLE.
[29622024]:[1]: dispatch from task 1.
[29622200]:[1]: dispatch to task 4.
[29622406]:[1]: leave to dly_tsk ercd=0.
[29622593]:[1]: enter to dly_tsk dlytim=10.
[29623082]:[1]: task 4 becomes WAITING.
[29623296]:[1]: dispatch from task 4.
[29623472]:[1]: dispatch to task 1.
[29623988]:[1]: enter to sns_ctx.
[29624164]:[1]: leave to sns_ctx state=0.
[29624346]:[1]: enter to get_pid p_prcid=1377908.
[29624538]:[1]: leave to get_pid ercd=0. prcid=1
[29624702]:[1]: #1#ext_tsk()
[29624886]:[1]: enter to sns_ctx.
[29625062]:[1]: leave to sns_ctx state=0.
[29625246]:[1]: enter to get_pid p_prcid=1377952.
[29625438]:[1]: leave to get_pid ercd=0. prcid=1
[29625718]:[1]: enter to ext_tsk.
[29626110]:[1]: task 1 becomes DORMANT.
[29626326]:[1]: dispatch from task 1.
[29626502]:[1]: dispatch to task 2.
[29626701]:[1]: leave to mig_tsk ercd=0.
[31717652]:[1]: task 4 becomes RUNNABLE.
[31718191]:[1]: dispatch from task 2.
[31718367]:[1]: dispatch to task 4.
[31718573]:[1]: leave to dly_tsk ercd=0.
[31718760]:[1]: enter to dly_tsk dlytim=10.
[31719249]:[1]: task 4 becomes WAITING.
[31719463]:[1]: dispatch from task 4.
[31719639]:[1]: dispatch to task 2.
[31720155]:[1]: enter to sns_ctx.
[31720331]:[1]: leave to sns_ctx state=0.
[31720513]:[1]: enter to get_pid p_prcid=1382004.
[31720705]:[1]: leave to get_pid ercd=0. prcid=1
[31720869]:[1]: #2#ext_tsk()
[31721053]:[1]: enter to sns_ctx.
[31721229]:[1]: leave to sns_ctx state=0.
[31721413]:[1]: enter to get_pid p_prcid=1382048.
[31721605]:[1]: leave to get_pid ercd=0. prcid=1
[31721885]:[1]: enter to ext_tsk.
[31722277]:[1]: task 2 becomes DORMANT.
[31722493]:[1]: dispatch from task 2.
[31722669]:[1]: dispatch to task 3.
[31722868]:[1]: leave to mig_tsk ercd=0.
[33813819]:[1]: task 4 becomes RUNNABLE.
[33814358]:[1]: dispatch from task 3.
[33814534]:[1]: dispatch to task 4.
[33814740]:[1]: leave to dly_tsk ercd=0.
[33814927]:[1]: enter to dly_tsk dlytim=10.
[33815416]:[1]: task 4 becomes WAITING.
[33815630]:[1]: dispatch from task 4.
[33815806]:[1]: dispatch to task 3.
[33816322]:[1]: enter to sns_ctx.
[33816498]:[1]: leave to sns_ctx state=0.
[33816680]:[1]: enter to get_pid p_prcid=1386100.
[33816872]:[1]: leave to get_pid ercd=0. prcid=1
[33817036]:[1]: #3#ext_tsk()
[33817220]:[1]: enter to sns_ctx.
[33817396]:[1]: leave to sns_ctx state=0.
[33817580]:[1]: enter to get_pid p_prcid=1386144.
[33817772]:[1]: leave to get_pid ercd=0. prcid=1
[33818052]:[1]: enter to ext_tsk.
[33818470]:[1]: task 3 becomes DORMANT.
[33818686]:[1]: dispatch from task 3.
[35786301]:[1]: task 4 becomes RUNNABLE.
[35786813]:[1]: dispatch to task 4.
[35787019]:[1]: leave to dly_tsk ercd=0.
[35787204]:[1]: enter to act_tsk tskid=1.
[35787471]:[1]: task 1 becomes RUNNABLE.
[35787706]:[1]: leave to act_tsk ercd=0.
[35787892]:[1]: enter to act_tsk tskid=2.
[35788159]:[1]: task 2 becomes RUNNABLE.
[35788394]:[1]: leave to act_tsk ercd=0.
[35788577]:[1]: enter to act_tsk tskid=3.
[35788844]:[1]: task 3 becomes RUNNABLE.
[35789079]:[1]: leave to act_tsk ercd=0.
[35789264]:[1]: enter to dly_tsk dlytim=10.
[35789753]:[1]: task 4 becomes WAITING.
[35789967]:[1]: dispatch from task 4.
[35790143]:[1]: dispatch to task 1.
[35790343]:[1]: enter to ena_tex.
[35790613]:[1]: leave to ena_tex ercd=0
[37882399]:[1]: task 4 becomes RUNNABLE.
[37882938]:[1]: dispatch from task 1.
[37883114]:[1]: dispatch to task 4.
[37883320]:[1]: leave to dly_tsk ercd=0.
[37883503]:[1]: enter to rot_rdq tskpri=10.
[37883812]:[1]: leave to rot_rdq ercd=0.
[37883995]:[1]: enter to dly_tsk dlytim=10.
[37884484]:[1]: task 4 becomes WAITING.
[37884698]:[1]: dispatch from task 4.
[37884874]:[1]: dispatch to task 2.
[37885074]:[1]: enter to ena_tex.
[37885344]:[1]: leave to ena_tex ercd=0
[39978339]:[1]: task 4 becomes RUNNABLE.
[39978878]:[1]: dispatch from task 2.
[39979054]:[1]: dispatch to task 4.
[39979260]:[1]: leave to dly_tsk ercd=0.
[39979443]:[1]: enter to rot_rdq tskpri=10.
[39979752]:[1]: leave to rot_rdq ercd=0.
[39979935]:[1]: enter to dly_tsk dlytim=10.
[39980424]:[1]: task 4 becomes WAITING.
[39980638]:[1]: dispatch from task 4.
[39980814]:[1]: dispatch to task 3.
[39981014]:[1]: enter to ena_tex.
[39981284]:[1]: leave to ena_tex ercd=0
[42074279]:[1]: task 4 becomes RUNNABLE.
[42074818]:[1]: dispatch from task 3.
[42074994]:[1]: dispatch to task 4.
[42075200]:[1]: leave to dly_tsk ercd=0.
[42075383]:[1]: enter to rot_rdq tskpri=10.
[42075692]:[1]: leave to rot_rdq ercd=0.
[42075875]:[1]: enter to dly_tsk dlytim=10.
[42076364]:[1]: task 4 becomes WAITING.
[42076578]:[1]: dispatch from task 4.
[42076754]:[1]: dispatch to task 1.
[44170168]:[1]: task 4 becomes RUNNABLE.
[44170707]:[1]: dispatch from task 1.
[44170883]:[1]: dispatch to task 4.
[44171089]:[1]: leave to dly_tsk ercd=0.
[44171276]:[1]: enter to dly_tsk dlytim=10.
[44171765]:[1]: task 4 becomes WAITING.
[44171979]:[1]: dispatch from task 4.
[44172155]:[1]: dispatch to task 1.
[44172675]:[1]: enter to sns_ctx.
[44172851]:[1]: leave to sns_ctx state=0.
[44173033]:[1]: enter to get_pid p_prcid=1377908.
[44173225]:[1]: leave to get_pid ercd=0. prcid=1
[44173389]:[1]: #1#slp_tsk()
[44173573]:[1]: enter to sns_ctx.
[44173749]:[1]: leave to sns_ctx state=0.
[44173933]:[1]: enter to get_pid p_prcid=1377952.
[44174125]:[1]: leave to get_pid ercd=0. prcid=1
[44174401]:[1]: enter to slp_tsk.
[44174730]:[1]: task 1 becomes WAITING.
[44174944]:[1]: dispatch from task 1.
[44175120]:[1]: dispatch to task 2.
[46266329]:[1]: task 4 becomes RUNNABLE.
[46266868]:[1]: dispatch from task 2.
[46267044]:[1]: dispatch to task 4.
[46267250]:[1]: leave to dly_tsk ercd=0.
[46267437]:[1]: enter to dly_tsk dlytim=10.
[46267926]:[1]: task 4 becomes WAITING.
[46268140]:[1]: dispatch from task 4.
[46268316]:[1]: dispatch to task 2.
[46268848]:[1]: enter to sns_ctx.
[46269024]:[1]: leave to sns_ctx state=0.
[46269206]:[1]: enter to get_pid p_prcid=1382004.
[46269398]:[1]: leave to get_pid ercd=0. prcid=1
[46269562]:[1]: #2#slp_tsk()
[46269746]:[1]: enter to sns_ctx.
[46269922]:[1]: leave to sns_ctx state=0.
[46270106]:[1]: enter to get_pid p_prcid=1382048.
[46270298]:[1]: leave to get_pid ercd=0. prcid=1
[46270574]:[1]: enter to slp_tsk.
[46270903]:[1]: task 2 becomes WAITING.
[46271117]:[1]: dispatch from task 2.
[46271293]:[1]: dispatch to task 3.
[48362502]:[1]: task 4 becomes RUNNABLE.
[48363041]:[1]: dispatch from task 3.
[48363217]:[1]: dispatch to task 4.
[48363423]:[1]: leave to dly_tsk ercd=0.
[48363610]:[1]: enter to dly_tsk dlytim=10.
[48364099]:[1]: task 4 becomes WAITING.
[48364313]:[1]: dispatch from task 4.
[48364489]:[1]: dispatch to task 3.
[48365021]:[1]: enter to sns_ctx.
[48365197]:[1]: leave to sns_ctx state=0.
[48365379]:[1]: enter to get_pid p_prcid=1386100.
[48365571]:[1]: leave to get_pid ercd=0. prcid=1
[48365735]:[1]: #3#slp_tsk()
[48365919]:[1]: enter to sns_ctx.
[48366095]:[1]: leave to sns_ctx state=0.
[48366279]:[1]: enter to get_pid p_prcid=1386144.
[48366471]:[1]: leave to get_pid ercd=0. prcid=1
[48366747]:[1]: enter to slp_tsk.
[48367102]:[1]: task 3 becomes WAITING.
[48367316]:[1]: dispatch from task 3.
[50334943]:[1]: task 4 becomes RUNNABLE.
[50335455]:[1]: dispatch to task 4.
[50335661]:[1]: leave to dly_tsk ercd=0.
[50335844]:[1]: enter to wup_tsk tskid=1.
[50336151]:[1]: task 1 becomes RUNNABLE.
[50336398]:[1]: leave to wup_tsk ercd=0.
[50336579]:[1]: enter to wup_tsk tskid=2.
[50336886]:[1]: task 2 becomes RUNNABLE.
[50337133]:[1]: leave to wup_tsk ercd=0.
[50337314]:[1]: enter to wup_tsk tskid=3.
[50337621]:[1]: task 3 becomes RUNNABLE.
[50337868]:[1]: leave to wup_tsk ercd=0.
[50338051]:[1]: enter to dly_tsk dlytim=10.
[50338540]:[1]: task 4 becomes WAITING.
[50338754]:[1]: dispatch from task 4.
[50338930]:[1]: dispatch to task 1.
[50339142]:[1]: leave to slp_tsk ercd=0.
[52430993]:[1]: task 4 becomes RUNNABLE.
[52431532]:[1]: dispatch from task 1.
[52431708]:[1]: dispatch to task 4.
[52431914]:[1]: leave to dly_tsk ercd=0.
[52432107]:[1]: enter to mig_tsk tskid=1. prcid=2.
[52432489]:[1]: task 1 migrates from processor 1 to processor 2.
[52432666]:[1]: task 1 becomes RUNNABLE.
[52432937]:[1]: leave to mig_tsk ercd=0.
[52433124]:[1]: enter to dly_tsk dlytim=10.
[52433260]:[2]: dispatch to task 1.
[52433613]:[1]: task 4 becomes WAITING.
[52433827]:[1]: dispatch from task 4.
[52434003]:[1]: dispatch to task 2.
[52434215]:[1]: leave to slp_tsk ercd=0.
[54526958]:[1]: task 4 becomes RUNNABLE.
[54527497]:[1]: dispatch from task 2.
[54527673]:[1]: dispatch to task 4.
[54527879]:[1]: leave to dly_tsk ercd=0.
[54528072]:[1]: enter to mig_tsk tskid=2. prcid=2.
[54528454]:[1]: task 2 migrates from processor 1 to processor 2.
[54528631]:[1]: task 2 becomes RUNNABLE.
[54528873]:[1]: leave to mig_tsk ercd=0.
[54529060]:[1]: enter to dly_tsk dlytim=10.
[54529549]:[1]: task 4 becomes WAITING.
[54529763]:[1]: dispatch from task 4.
[54529939]:[1]: dispatch to task 3.
[54530151]:[1]: leave to slp_tsk ercd=0.
[56622919]:[1]: task 4 becomes RUNNABLE.
[56623458]:[1]: dispatch from task 3.
[56623634]:[1]: dispatch to task 4.
[56623840]:[1]: leave to dly_tsk ercd=0.
[56624033]:[1]: enter to mig_tsk tskid=3. prcid=2.
[56624436]:[1]: task 3 migrates from processor 1 to processor 2.
[56624613]:[1]: task 3 becomes RUNNABLE.
[56624855]:[1]: leave to mig_tsk ercd=0.
[56625042]:[1]: enter to dly_tsk dlytim=10.
[56625483]:[1]: task 4 becomes WAITING.
[56625697]:[1]: dispatch from task 4.
[58595077]:[1]: task 4 becomes RUNNABLE.
[58595588]:[1]: dispatch to task 4.
[58595794]:[1]: leave to dly_tsk ercd=0.
[58595981]:[1]: enter to dly_tsk dlytim=10.
[58596372]:[2]: enter to sns_ctx.
[58596482]:[1]: task 4 becomes WAITING.
[58596598]:[2]: leave to sns_ctx state=0.
[58596716]:[1]: dispatch from task 4.
[58596820]:[2]: enter to get_pid p_prcid=1377908.
[58597012]:[2]: leave to get_pid ercd=0. prcid=2
[58597176]:[2]: #1#mig_tsk(PE1)
[58597360]:[2]: enter to sns_ctx.
[58597536]:[2]: leave to sns_ctx state=0.
[58597720]:[2]: enter to get_pid p_prcid=1377952.
[58597912]:[2]: leave to get_pid ercd=0. prcid=2
[58598149]:[2]: enter to mig_tsk tskid=0. prcid=1.
[58598471]:[2]: task 1 migrates from processor 2 to processor 1.
[58598789]:[2]: task 1 becomes RUNNABLE.
[58599072]:[2]: dispatch from task 1.
[58599248]:[2]: dispatch to task 2.
[58599375]:[1]: dispatch to task 1.
[58599574]:[1]: leave to mig_tsk ercd=0.
[60690867]:[1]: task 4 becomes RUNNABLE.
[60691406]:[1]: dispatch from task 1.
[60691582]:[1]: dispatch to task 4.
[60691788]:[1]: leave to dly_tsk ercd=0.
[60691975]:[1]: enter to dly_tsk dlytim=10.
[60692360]:[2]: enter to sns_ctx.
[60692484]:[1]: task 4 becomes WAITING.
[60692586]:[2]: leave to sns_ctx state=0.
[60692708]:[1]: dispatch from task 4.
[60692798]:[2]: enter to get_pid p_prcid=1382004.
[60692914]:[1]: dispatch to task 1.
[60693020]:[2]: leave to get_pid ercd=0. prcid=2
[60693184]:[2]: #2#mig_tsk(PE1)
[60693368]:[2]: enter to sns_ctx.
[60693544]:[2]: leave to sns_ctx state=0.
[60693728]:[2]: enter to get_pid p_prcid=1382048.
[60693920]:[2]: leave to get_pid ercd=0. prcid=2
[60694157]:[2]: enter to mig_tsk tskid=0. prcid=1.
[60694479]:[2]: task 2 migrates from processor 2 to processor 1.
[60694797]:[2]: task 2 becomes RUNNABLE.
[60695048]:[2]: dispatch from task 2.
[60695224]:[2]: dispatch to task 3.
[62786721]:[1]: task 4 becomes RUNNABLE.
[62787260]:[1]: dispatch from task 1.
[62787436]:[1]: dispatch to task 4.
[62787642]:[1]: leave to dly_tsk ercd=0.
[62787829]:[1]: enter to dly_tsk dlytim=10.
[62788147]:[2]: enter to sns_ctx.
[62788323]:[2]: leave to sns_ctx state=0.
[62788448]:[1]: task 4 becomes WAITING.
[62788565]:[2]: enter to get_pid p_prcid=1386100.
[62788672]:[1]: dispatch from task 4.
[62788787]:[2]: leave to get_pid ercd=0. prcid=2
[62788878]:[1]: dispatch to task 1.
[62788991]:[2]: #3#mig_tsk(PE1)
[62789175]:[2]: enter to sns_ctx.
[62789351]:[2]: leave to sns_ctx state=0.
[62789535]:[2]: enter to get_pid p_prcid=1386144.
[62789727]:[2]: leave to get_pid ercd=0. prcid=2
[62789964]:[2]: enter to mig_tsk tskid=0. prcid=1.
[62790286]:[2]: task 3 migrates from processor 2 to processor 1.
[62790630]:[2]: task 3 becomes RUNNABLE.
[62790881]:[2]: dispatch from task 3.
[64882584]:[1]: task 4 becomes RUNNABLE.
[64883123]:[1]: dispatch from task 1.
[64883299]:[1]: dispatch to task 4.
[64883505]:[1]: leave to dly_tsk ercd=0.
[64883692]:[1]: enter to dly_tsk dlytim=10.
[64884181]:[1]: task 4 becomes WAITING.
[64884395]:[1]: dispatch from task 4.
[64884571]:[1]: dispatch to task 1.
[64885070]:[1]: enter to sns_ctx.
[64885246]:[1]: leave to sns_ctx state=0.
[64885428]:[1]: enter to get_pid p_prcid=1377908.
[64885620]:[1]: leave to get_pid ercd=0. prcid=1
[64885784]:[1]: #1#ext_tsk()
[64885968]:[1]: enter to sns_ctx.
[64886144]:[1]: leave to sns_ctx state=0.
[64886328]:[1]: enter to get_pid p_prcid=1377952.
[64886520]:[1]: leave to get_pid ercd=0. prcid=1
[64886800]:[1]: enter to ext_tsk.
[64887192]:[1]: task 1 becomes DORMANT.
[64887408]:[1]: dispatch from task 1.
[64887584]:[1]: dispatch to task 2.
[64887783]:[1]: leave to mig_tsk ercd=0.
[66978751]:[1]: task 4 becomes RUNNABLE.
[66979290]:[1]: dispatch from task 2.
[66979466]:[1]: dispatch to task 4.
[66979672]:[1]: leave to dly_tsk ercd=0.
[66979859]:[1]: enter to dly_tsk dlytim=10.
[66980348]:[1]: task 4 becomes WAITING.
[66980562]:[1]: dispatch from task 4.
[66980738]:[1]: dispatch to task 2.
[66981237]:[1]: enter to sns_ctx.
[66981413]:[1]: leave to sns_ctx state=0.
[66981595]:[1]: enter to get_pid p_prcid=1382004.
[66981787]:[1]: leave to get_pid ercd=0. prcid=1
[66981951]:[1]: #2#ext_tsk()
[66982135]:[1]: enter to sns_ctx.
[66982311]:[1]: leave to sns_ctx state=0.
[66982495]:[1]: enter to get_pid p_prcid=1382048.
[66982687]:[1]: leave to get_pid ercd=0. prcid=1
[66982967]:[1]: enter to ext_tsk.
[66983359]:[1]: task 2 becomes DORMANT.
[66983575]:[1]: dispatch from task 2.
[66983751]:[1]: dispatch to task 3.
[66983950]:[1]: leave to mig_tsk ercd=0.
[69074918]:[1]: task 4 becomes RUNNABLE.
[69075457]:[1]: dispatch from task 3.
[69075633]:[1]: dispatch to task 4.
[69075839]:[1]: leave to dly_tsk ercd=0.
[69076026]:[1]: enter to dly_tsk dlytim=10.
[69076515]:[1]: task 4 becomes WAITING.
[69076729]:[1]: dispatch from task 4.
[69076905]:[1]: dispatch to task 3.
[69077404]:[1]: enter to sns_ctx.
[69077580]:[1]: leave to sns_ctx state=0.
[69077762]:[1]: enter to get_pid p_prcid=1386100.
[69077954]:[1]: leave to get_pid ercd=0. prcid=1
[69078118]:[1]: #3#ext_tsk()
[69078302]:[1]: enter to sns_ctx.
[69078478]:[1]: leave to sns_ctx state=0.
[69078662]:[1]: enter to get_pid p_prcid=1386144.
[69078854]:[1]: leave to get_pid ercd=0. prcid=1
[69079134]:[1]: enter to ext_tsk.
[69079552]:[1]: task 3 becomes DORMANT.
[69079768]:[1]: dispatch from task 3.
[71047407]:[1]: task 4 becomes RUNNABLE.
[71047919]:[1]: dispatch to task 4.
[71048125]:[1]: leave to dly_tsk ercd=0.
[71048310]:[1]: enter to act_tsk tskid=1.
[71048577]:[1]: task 1 becomes RUNNABLE.
[71048812]:[1]: leave to act_tsk ercd=0.
[71048998]:[1]: enter to act_tsk tskid=2.
[71049265]:[1]: task 2 becomes RUNNABLE.
[71049500]:[1]: leave to act_tsk ercd=0.
[71049683]:[1]: enter to act_tsk tskid=3.
[71049950]:[1]: task 3 becomes RUNNABLE.
[71050185]:[1]: leave to act_tsk ercd=0.
[71050370]:[1]: enter to dly_tsk dlytim=10.
[71050859]:[1]: task 4 becomes WAITING.
[71051073]:[1]: dispatch from task 4.
[71051249]:[1]: dispatch to task 1.
[71051449]:[1]: enter to ena_tex.
[71051719]:[1]: leave to ena_tex ercd=0
[73143496]:[1]: task 4 becomes RUNNABLE.
[73144035]:[1]: dispatch from task 1.
[73144211]:[1]: dispatch to task 4.
[73144417]:[1]: leave to dly_tsk ercd=0.
[73144600]:[1]: enter to rot_rdq tskpri=10.
[73144909]:[1]: leave to rot_rdq ercd=0.
[73145092]:[1]: enter to dly_tsk dlytim=10.
[73145581]:[1]: task 4 becomes WAITING.
[73145795]:[1]: dispatch from task 4.
[73145971]:[1]: dispatch to task 2.
[73146171]:[1]: enter to ena_tex.
[73146441]:[1]: leave to ena_tex ercd=0
[75239436]:[1]: task 4 becomes RUNNABLE.
[75239975]:[1]: dispatch from task 2.
[75240151]:[1]: dispatch to task 4.
[75240357]:[1]: leave to dly_tsk ercd=0.
[75240540]:[1]: enter to rot_rdq tskpri=10.
[75240849]:[1]: leave to rot_rdq ercd=0.
[75241032]:[1]: enter to dly_tsk dlytim=10.
[75241521]:[1]: task 4 becomes WAITING.
[75241735]:[1]: dispatch from task 4.
[75241911]:[1]: dispatch to task 3.
[75242111]:[1]: enter to ena_tex.
[75242381]:[1]: leave to ena_tex ercd=0
[77335376]:[1]: task 4 becomes RUNNABLE.
[77335915]:[1]: dispatch from task 3.
[77336091]:[1]: dispatch to task 4.
[77336297]:[1]: leave to dly_tsk ercd=0.
[77336480]:[1]: enter to rot_rdq tskpri=10.
[77336789]:[1]: leave to rot_rdq ercd=0.
[77336972]:[1]: enter to dly_tsk dlytim=10.
[77337461]:[1]: task 4 becomes WAITING.
[77337675]:[1]: dispatch from task 4.
[77337851]:[1]: dispatch to task 1.
[79431267]:[1]: task 4 becomes RUNNABLE.
[79431806]:[1]: dispatch from task 1.
[79431982]:[1]: dispatch to task 4.
[79432188]:[1]: leave to dly_tsk ercd=0.
[79432375]:[1]: enter to dly_tsk dlytim=10.
[79432864]:[1]: task 4 becomes WAITING.
[79433078]:[1]: dispatch from task 4.
[79433254]:[1]: dispatch to task 1.
[79433781]:[1]: enter to sns_ctx.
[79433957]:[1]: leave to sns_ctx state=0.
[79434139]:[1]: enter to get_pid p_prcid=1377908.
[79434331]:[1]: leave to get_pid ercd=0. prcid=1
[79434495]:[1]: #1#slp_tsk()
[79434679]:[1]: enter to sns_ctx.
[79434855]:[1]: leave to sns_ctx state=0.
[79435039]:[1]: enter to get_pid p_prcid=1377952.
[79435231]:[1]: leave to get_pid ercd=0. prcid=1
[79435507]:[1]: enter to slp_tsk.
[79435836]:[1]: task 1 becomes WAITING.
[79436050]:[1]: dispatch from task 1.
[79436226]:[1]: dispatch to task 2.
[81527435]:[1]: task 4 becomes RUNNABLE.
[81527974]:[1]: dispatch from task 2.
[81528150]:[1]: dispatch to task 4.
[81528356]:[1]: leave to dly_tsk ercd=0.
[81528543]:[1]: enter to dly_tsk dlytim=10.
[81529032]:[1]: task 4 becomes WAITING.
[81529246]:[1]: dispatch from task 4.
[81529422]:[1]: dispatch to task 2.
[81529954]:[1]: enter to sns_ctx.
[81530130]:[1]: leave to sns_ctx state=0.
[81530312]:[1]: enter to get_pid p_prcid=1382004.
[81530504]:[1]: leave to get_pid ercd=0. prcid=1
[81530668]:[1]: #2#slp_tsk()
[81530852]:[1]: enter to sns_ctx.
[81531028]:[1]: leave to sns_ctx state=0.
[81531212]:[1]: enter to get_pid p_prcid=1382048.
[81531404]:[1]: leave to get_pid ercd=0. prcid=1
[81531680]:[1]: enter to slp_tsk.
[81532009]:[1]: task 2 becomes WAITING.
[81532223]:[1]: dispatch from task 2.
[81532399]:[1]: dispatch to task 3.
[83623608]:[1]: task 4 becomes RUNNABLE.
[83624147]:[1]: dispatch from task 3.
[83624323]:[1]: dispatch to task 4.
[83624529]:[1]: leave to dly_tsk ercd=0.
[83624716]:[1]: enter to dly_tsk dlytim=10.
[83625205]:[1]: task 4 becomes WAITING.
[83625419]:[1]: dispatch from task 4.
[83625595]:[1]: dispatch to task 3.
[83626127]:[1]: enter to sns_ctx.
[83626303]:[1]: leave to sns_ctx state=0.
[83626485]:[1]: enter to get_pid p_prcid=1386100.
[83626677]:[1]: leave to get_pid ercd=0. prcid=1
[83626841]:[1]: #3#slp_tsk()
[83627025]:[1]: enter to sns_ctx.
[83627201]:[1]: leave to sns_ctx state=0.
[83627385]:[1]: enter to get_pid p_prcid=1386144.
[83627577]:[1]: leave to get_pid ercd=0. prcid=1
[83627853]:[1]: enter to slp_tsk.
[83628208]:[1]: task 3 becomes WAITING.
[83628422]:[1]: dispatch from task 3.
[85596037]:[1]: task 4 becomes RUNNABLE.
[85596549]:[1]: dispatch to task 4.
[85596755]:[1]: leave to dly_tsk ercd=0.
[85596938]:[1]: enter to wup_tsk tskid=1.
[85597245]:[1]: task 1 becomes RUNNABLE.
[85597492]:[1]: leave to wup_tsk ercd=0.
[85597673]:[1]: enter to wup_tsk tskid=2.
[85597980]:[1]: task 2 becomes RUNNABLE.
[85598227]:[1]: leave to wup_tsk ercd=0.
[85598408]:[1]: enter to wup_tsk tskid=3.
[85598715]:[1]: task 3 becomes RUNNABLE.
[85598962]:[1]: leave to wup_tsk ercd=0.
[85599145]:[1]: enter to dly_tsk dlytim=10.
[85599634]:[1]: task 4 becomes WAITING.
[85599848]:[1]: dispatch from task 4.
[85600024]:[1]: dispatch to task 1.
[85600236]:[1]: leave to slp_tsk ercd=0.
[87692097]:[1]: task 4 becomes RUNNABLE.
[87692636]:[1]: dispatch from task 1.
[87692812]:[1]: dispatch to task 4.
[87693018]:[1]: leave to dly_tsk ercd=0.
[87693211]:[1]: enter to mig_tsk tskid=1. prcid=2.
[87693593]:[1]: task 1 migrates from processor 1 to processor 2.
[87693770]:[1]: task 1 becomes RUNNABLE.
[87694041]:[1]: leave to mig_tsk ercd=0.
[87694228]:[1]: enter to dly_tsk dlytim=10.
[87694405]:[2]: dispatch to task 1.
[87694717]:[1]: task 4 becomes WAITING.
[87694931]:[1]: dispatch from task 4.
[87695107]:[1]: dispatch to task 2.
[87695319]:[1]: leave to slp_tsk ercd=0.
[89788062]:[1]: task 4 becomes RUNNABLE.
[89788601]:[1]: dispatch from task 2.
[89788777]:[1]: dispatch to task 4.
[89788983]:[1]: leave to dly_tsk ercd=0.
[89789176]:[1]: enter to mig_tsk tskid=2. prcid=2.
[89789558]:[1]: task 2 migrates from processor 1 to processor 2.
[89789735]:[1]: task 2 becomes RUNNABLE.
[89789977]:[1]: leave to mig_tsk ercd=0.
[89790164]:[1]: enter to dly_tsk dlytim=10.
[89790653]:[1]: task 4 becomes WAITING.
[89790867]:[1]: dispatch from task 4.
[89791043]:[1]: dispatch to task 3.
[89791255]:[1]: leave to slp_tsk ercd=0.
[91884023]:[1]: task 4 becomes RUNNABLE.
[91884562]:[1]: dispatch from task 3.
[91884738]:[1]: dispatch to task 4.
[91884944]:[1]: leave to dly_tsk ercd=0.
[91885137]:[1]: enter to mig_tsk tskid=3. prcid=2.
[91885540]:[1]: task 3 migrates from processor 1 to processor 2.
[91885717]:[1]: task 3 becomes RUNNABLE.
[91885959]:[1]: leave to mig_tsk ercd=0.
[91886146]:[1]: enter to dly_tsk dlytim=10.
[91886587]:[1]: task 4 becomes WAITING.
[91886801]:[1]: dispatch from task 4.
[93856181]:[1]: task 4 becomes RUNNABLE.
[93856692]:[1]: dispatch to task 4.
[93856898]:[1]: leave to dly_tsk ercd=0.
[93857085]:[1]: enter to dly_tsk dlytim=10.
[93857526]:[1]: task 4 becomes WAITING.
[93857740]:[1]: dispatch from task 4.
[95828175]:[1]: task 4 becomes RUNNABLE.
[95828687]:[1]: dispatch to task 4.
[95828893]:[1]: leave to dly_tsk ercd=0.
[95829080]:[1]: enter to dly_tsk dlytim=10.
[95829521]:[1]: task 4 becomes WAITING.
[95829735]:[1]: dispatch from task 4.
[97800158]:[1]: task 4 becomes RUNNABLE.
[97800670]:[1]: dispatch to task 4.
[97800876]:[1]: leave to dly_tsk ercd=0.
[97801063]:[1]: enter to dly_tsk dlytim=10.
[97801504]:[1]: task 4 becomes WAITING.
[97801718]:[1]: dispatch from task 4.
[99772141]:[1]: task 4 becomes RUNNABLE.
[99772653]:[1]: dispatch to task 4.
[99772859]:[1]: leave to dly_tsk ercd=0.
[99773046]:[1]: enter to dly_tsk dlytim=10.
[99773331]:[2]: enter to sns_ctx.
[99773487]:[1]: task 4 becomes WAITING.
[99773597]:[2]: leave to sns_ctx state=0.
[99773711]:[1]: dispatch from task 4.
[99773819]:[2]: enter to get_pid p_prcid=1377908.
[99774011]:[2]: leave to get_pid ercd=0. prcid=2
[99774175]:[2]: #1#ext_tsk()
[99774359]:[2]: enter to sns_ctx.
[99774535]:[2]: leave to sns_ctx state=0.
[99774719]:[2]: enter to get_pid p_prcid=1377952.
[99774911]:[2]: leave to get_pid ercd=0. prcid=2
[99775139]:[2]: enter to ext_tsk.
[99775531]:[2]: task 1 becomes DORMANT.
[99775747]:[2]: dispatch from task 1.
[99775923]:[2]: dispatch to task 2.
[99776485]:[2]: enter to sns_ctx.
[99776661]:[2]: leave to sns_ctx state=0.
[99776843]:[2]: enter to get_pid p_prcid=1382004.
[99777035]:[2]: leave to get_pid ercd=0. prcid=2
[99777199]:[2]: #2#mig_tsk(PE1)
[99777383]:[2]: enter to sns_ctx.
[99777559]:[2]: leave to sns_ctx state=0.
[99777743]:[2]: enter to get_pid p_prcid=1382048.
[99777935]:[2]: leave to get_pid ercd=0. prcid=2
[99778172]:[2]: enter to mig_tsk tskid=0. prcid=1.
[99778494]:[2]: task 2 migrates from processor 2 to processor 1.
[99778812]:[2]: task 2 becomes RUNNABLE.
[99779095]:[2]: dispatch from task 2.
[99779271]:[2]: dispatch to task 3.
[99779384]:[1]: dispatch to task 2.
[99779583]:[1]: leave to mig_tsk ercd=0.
[99779808]:[2]: enter to sns_ctx.
[99779984]:[2]: leave to sns_ctx state=0.
[99780166]:[2]: enter to get_pid p_prcid=1386100.
[99780358]:[2]: leave to get_pid ercd=0. prcid=2
[99780522]:[2]: #3#mig_tsk(PE1)
[99780706]:[2]: enter to sns_ctx.
[99780882]:[2]: leave to sns_ctx state=0.
[99781066]:[2]: enter to get_pid p_prcid=1386144.
[99781258]:[2]: leave to get_pid ercd=0. prcid=2
[99781495]:[2]: enter to mig_tsk tskid=0. prcid=1.
[99781817]:[2]: task 3 migrates from processor 2 to processor 1.
[99782161]:[2]: task 3 becomes RUNNABLE.
[99782412]:[2]: dispatch from task 3.
[101867730]:[1]: task 4 becomes RUNNABLE.
[101868269]:[1]: dispatch from task 2.
[101868445]:[1]: dispatch to task 4.
[101868651]:[1]: leave to dly_tsk ercd=0.
[101868838]:[1]: enter to dly_tsk dlytim=10.
[101869327]:[1]: task 4 becomes WAITING.
[101869541]:[1]: dispatch from task 4.
[101869717]:[1]: dispatch to task 2.
[101870249]:[1]: enter to sns_ctx.
[101870425]:[1]: leave to sns_ctx state=0.
[101870607]:[1]: enter to get_pid p_prcid=1382004.
[101870799]:[1]: leave to get_pid ercd=0. prcid=1
[101870963]:[1]: #2#ext_tsk()
[101871147]:[1]: enter to sns_ctx.
[101871323]:[1]: leave to sns_ctx state=0.
[101871507]:[1]: enter to get_pid p_prcid=1382048.
[101871699]:[1]: leave to get_pid ercd=0. prcid=1
[101871979]:[1]: enter to ext_tsk.
[101872371]:[1]: task 2 becomes DORMANT.
[101872587]:[1]: dispatch from task 2.
[101872763]:[1]: dispatch to task 3.
[101872962]:[1]: leave to mig_tsk ercd=0.
[103963897]:[1]: task 4 becomes RUNNABLE.
[103964436]:[1]: dispatch from task 3.
[103964612]:[1]: dispatch to task 4.
[103964818]:[1]: leave to dly_tsk ercd=0.
[103965005]:[1]: enter to dly_tsk dlytim=10.
[103965494]:[1]: task 4 becomes WAITING.
[103965708]:[1]: dispatch from task 4.
[103965884]:[1]: dispatch to task 3.
[103966416]:[1]: enter to sns_ctx.
[103966592]:[1]: leave to sns_ctx state=0.
[103966774]:[1]: enter to get_pid p_prcid=1386100.
[103966966]:[1]: leave to get_pid ercd=0. prcid=1
[103967130]:[1]: #3#ext_tsk()
[103967314]:[1]: enter to sns_ctx.
[103967490]:[1]: leave to sns_ctx state=0.
[103967674]:[1]: enter to get_pid p_prcid=1386144.
[103967866]:[1]: leave to get_pid ercd=0. prcid=1
[103968146]:[1]: enter to ext_tsk.
[103968564]:[1]: task 3 becomes DORMANT.
[103968780]:[1]: dispatch from task 3.
[105936383]:[1]: task 4 becomes RUNNABLE.
[105936895]:[1]: dispatch to task 4.
[105937101]:[1]: leave to dly_tsk ercd=0.
[105937286]:[1]: enter to act_tsk tskid=1.
[105937553]:[1]: task 1 becomes RUNNABLE.
[105937817]:[1]: leave to act_tsk ercd=0.
[105938003]:[1]: enter to act_tsk tskid=2.
[105938144]:[2]: dispatch to task 1.
[105938270]:[1]: task 2 becomes RUNNABLE.
[105938374]:[2]: enter to ena_tex.
[105938505]:[1]: leave to act_tsk ercd=0.
[105938644]:[2]: leave to ena_tex ercd=0
[105938718]:[1]: enter to act_tsk tskid=3.
[105938985]:[1]: task 3 becomes RUNNABLE.
[105939220]:[1]: leave to act_tsk ercd=0.
[105939405]:[1]: enter to dly_tsk dlytim=10.
[105939894]:[1]: task 4 becomes WAITING.
[105940108]:[1]: dispatch from task 4.
[105940284]:[1]: dispatch to task 2.
[105940484]:[1]: enter to ena_tex.
[105940754]:[1]: leave to ena_tex ercd=0
[108032515]:[1]: task 4 becomes RUNNABLE.
[108033054]:[1]: dispatch from task 2.
[108033230]:[1]: dispatch to task 4.
[108033436]:[1]: leave to dly_tsk ercd=0.
[108033619]:[1]: enter to rot_rdq tskpri=10.
[108033928]:[1]: leave to rot_rdq ercd=0.
[108034111]:[1]: enter to dly_tsk dlytim=10.
[108034600]:[1]: task 4 becomes WAITING.
[108034814]:[1]: dispatch from task 4.
[108034990]:[1]: dispatch to task 3.
[108035190]:[1]: enter to ena_tex.
[108035460]:[1]: leave to ena_tex ercd=0
[110128451]:[1]: task 4 becomes RUNNABLE.
[110128990]:[1]: dispatch from task 3.
[110129166]:[1]: dispatch to task 4.
[110129372]:[1]: leave to dly_tsk ercd=0.
[110129555]:[1]: enter to rot_rdq tskpri=10.
[110129864]:[1]: leave to rot_rdq ercd=0.
[110130047]:[1]: enter to dly_tsk dlytim=10.
[110130536]:[1]: task 4 becomes WAITING.
[110130750]:[1]: dispatch from task 4.
[110130926]:[1]: dispatch to task 2.
[112224353]:[1]: task 4 becomes RUNNABLE.
[112224892]:[1]: dispatch from task 2.
[112225068]:[1]: dispatch to task 4.
[112225274]:[1]: leave to dly_tsk ercd=0.
[112225457]:[1]: enter to rot_rdq tskpri=10.
[112225766]:[1]: leave to rot_rdq ercd=0.
[112225949]:[1]: enter to dly_tsk dlytim=10.
[112226438]:[1]: task 4 becomes WAITING.
[112226652]:[1]: dispatch from task 4.
[112226828]:[1]: dispatch to task 3.
[114320204]:[1]: task 4 becomes RUNNABLE.
[114320743]:[1]: dispatch from task 3.
[114320919]:[1]: dispatch to task 4.
[114321125]:[1]: leave to dly_tsk ercd=0.
[114321312]:[1]: enter to dly_tsk dlytim=10.
[114321650]:[2]: enter to sns_ctx.
[114321811]:[1]: task 4 becomes WAITING.
[114321916]:[2]: leave to sns_ctx state=0.
[114322025]:[1]: dispatch from task 4.
[114322118]:[2]: enter to get_pid p_prcid=1377908.
[114322201]:[1]: dispatch to task 3.
[114322310]:[2]: leave to get_pid ercd=0. prcid=2
[114322474]:[2]: #1#slp_tsk()
[114322658]:[2]: enter to sns_ctx.
[114322834]:[2]: leave to sns_ctx state=0.
[114323018]:[2]: enter to get_pid p_prcid=1377952.
[114323210]:[2]: leave to get_pid ercd=0. prcid=2
[114323434]:[2]: enter to slp_tsk.
[114323789]:[2]: task 1 becomes WAITING.
[114324003]:[2]: dispatch from task 1.
[116416089]:[1]: task 4 becomes RUNNABLE.
[116416628]:[1]: dispatch from task 3.
[116416804]:[1]: dispatch to task 4.
[116417010]:[1]: leave to dly_tsk ercd=0.
[116417197]:[1]: enter to dly_tsk dlytim=10.
[116417686]:[1]: task 4 becomes WAITING.
[116417900]:[1]: dispatch from task 4.
[116418076]:[1]: dispatch to task 3.
[118511913]:[1]: task 4 becomes RUNNABLE.
[118512452]:[1]: dispatch from task 3.
[118512628]:[1]: dispatch to task 4.
[118512834]:[1]: leave to dly_tsk ercd=0.
[118513021]:[1]: enter to dly_tsk dlytim=10.
[118513510]:[1]: task 4 becomes WAITING.
[118513724]:[1]: dispatch from task 4.
[118513900]:[1]: dispatch to task 3.
[118514432]:[1]: enter to sns_ctx.
[118514608]:[1]: leave to sns_ctx state=0.
