[67131] dispatch to task 4.
[67767] Sample program starts (exinf = 0).
[69639] task 1 becomes RUNNABLE.
[70105] task 4 becomes WAITING.
[70271] dispatch to task 1.
[70992] task1 is running (001).   |
[2544507] task 4 becomes RUNNABLE.
[2544898] dispatch to task 4.
[2545135] task 2 becomes RUNNABLE.
[2545601] task 4 becomes WAITING.
[2545767] dispatch to task 1.
[3979412] task1 is running (002).   |
[5034839] task 4 becomes RUNNABLE.
[5035230] dispatch to task 4.
[5035467] task 3 becomes RUNNABLE.
[5035933] task 4 becomes WAITING.
[5036099] dispatch to task 1.
[7887832] task1 is running (003).   |
[9789569] task 4 becomes RUNNABLE.
[9789960] dispatch to task 4.
[9790495] task 4 becomes WAITING.
[9790661] dispatch to task 2.
[9791382] task2 is running (001).     +
[12279867] task 4 becomes RUNNABLE.
[12280258] dispatch to task 4.
[12280793] task 4 becomes WAITING.
[12280959] dispatch to task 3.
[12281680] task3 is running (001).       *
[14770155] task 4 becomes RUNNABLE.
[14770546] dispatch to task 4.
[14771081] task 4 becomes WAITING.
[14771247] dispatch to task 1.
[16776670] task1 is running (004).   |
[19524866] task 4 becomes RUNNABLE.
[19525257] dispatch to task 4.
[19525771] task 4 becomes WAITING.
[19525937] dispatch to task 1.
[19526650] task1 receives exception 0x0001.
[21468237] task1 is running (005).   |
[22014650] task 4 becomes RUNNABLE.
[22015041] dispatch to task 4.
[22015354] task 1 becomes DORMANT.
[22015848] task 4 becomes WAITING.
[22016014] dispatch to task 2.
[22016727] task2 receives exception 0x0001.
[24217760] task2 is running (002).     +
[24504415] task 4 becomes RUNNABLE.
[24504806] dispatch to task 4.
[24505119] task 2 becomes DORMANT.
[24505613] task 4 becomes WAITING.
[24505779] dispatch to task 3.
[24506492] task3 receives exception 0x0001.
[26707577] task3 is running (002).       *
[26994170] task 4 becomes RUNNABLE.
[26994561] dispatch to task 4.
[26994896] task 3 becomes DORMANT.
[26995251] task 4 becomes WAITING.
[30758177] task 4 becomes RUNNABLE.
[30758540] dispatch to task 4.
[30758777] task 1 becomes RUNNABLE.
[30759243] task 4 becomes WAITING.
[30759409] dispatch to task 1.
[30760130] task1 is running (001).   |
[33248520] task 4 becomes RUNNABLE.
[33248911] dispatch to task 4.
[33249148] task 2 becomes RUNNABLE.
[33249614] task 4 becomes WAITING.
[33249780] dispatch to task 1.
[34669102] task1 is running (002).   |
[35738852] task 4 becomes RUNNABLE.
[35739243] dispatch to task 4.
[35739480] task 3 becomes RUNNABLE.
[35739949] task 4 becomes WAITING.
[35740115] dispatch to task 1.
[38577525] task1 is running (003).   |
[40493598] task 4 becomes RUNNABLE.
[40493989] dispatch to task 4.
[40494417] task 4 becomes WAITING.
[40494583] dispatch to task 1.
[42485841] #1#slp_tsk()
[42486697] task 1 becomes WAITING.
[42486863] dispatch to task 2.
[42487584] task2 is running (001).     +
[42983725] task 4 becomes RUNNABLE.
[42984116] dispatch to task 4.
[42984543] task 4 becomes WAITING.
[42984709] dispatch to task 2.
[45474607] task 4 becomes RUNNABLE.
[45474998] dispatch to task 4.
[45475425] task 4 becomes WAITING.
[45475591] dispatch to task 2.
[46396904] #2#slp_tsk()
[46397760] task 2 becomes WAITING.
[46397926] dispatch to task 3.
[46398647] task3 is running (001).       *
[50229124] task 4 becomes RUNNABLE.
[50229515] dispatch to task 4.
[50229764] task 1 becomes RUNNABLE.
[50230237] task 4 becomes WAITING.
[50230403] dispatch to task 3.
[50306918] #3#slp_tsk()
[50307774] task 3 becomes WAITING.
[50307940] dispatch to task 1.
[50308584] task1 is running (004).   |
[52719254] task 4 becomes RUNNABLE.
[52719645] dispatch to task 4.
[52719894] task 2 becomes RUNNABLE.
[52720367] task 4 becomes WAITING.
[52720533] dispatch to task 1.
[54217023] task1 is running (005).   |
[55209577] task 4 becomes RUNNABLE.
[55209968] dispatch to task 4.
[55210217] task 3 becomes RUNNABLE.
[55210690] task 4 becomes WAITING.
[55210856] dispatch to task 1.
[58125462] task1 is running (006).   |
[59964298] task 4 becomes RUNNABLE.
[59964689] dispatch to task 4.
[59965281] task 4 becomes WAITING.
[59965447] dispatch to task 1.
[60191471] dispatch to task 2.
[60192115] task2 is running (002).     +
[62455297] dispatch to task 3.
[62455941] task3 is running (002).       *
[64719100] dispatch to task 1.
[66562918] task1 is running (007).   |
[66982938] dispatch to task 2.
[68628074] task2 is running (003).     +
[69246754] dispatch to task 3.
[70891532] task3 is running (003).       *
[71510560] dispatch to task 1.
[73774935] dispatch to task 2.
[76039309] dispatch to task 3.
[78303682] dispatch to task 1.
[79527928] task1 is running (008).   |
[80567487] dispatch to task 2.
[81593116] task2 is running (004).     +
[82830685] task 4 becomes RUNNABLE.
[82831554] dispatch to task 4.
[82832286] task 4 becomes WAITING.
[82832452] dispatch to task 3.
[83857776] task3 is running (004).       *
[85321487] dispatch to task 1.
[87585293] task 4 becomes RUNNABLE.
[87585684] dispatch to task 4.
[87586298] task 4 becomes WAITING.
[87586464] dispatch to task 1.
[88191450] task1 is running (009).   |
[92098515] task1 is running (010).   |
[92340029] dispatch to task 2.
[95009711] task2 is running (005).     +
[96867660] task 4 becomes RUNNABLE.
[96868051] dispatch to task 4.
