[1551]:(type=Task,state=RUNNING).preempted
[1551]:(type=Task,id=1).dispatch
[2409]:(type=Task,id=1).state=WAITING
[2414]:(type=Task,state=RUNNING).preempted
[2414]:(type=Task,id=5).dispatch
[12005]:(type=Task,id=1).state=RUNNABLE
[13013]:(type=Task,state=RUNNING).preempted
[13013]:(type=Task,id=1).dispatch
[13024]:(type=Task,id=1).state=WAITING
[13028]:(type=Task,state=RUNNING).preempted
[13028]:(type=Task,id=5).dispatch
[23005]:(type=Task,id=1).state=RUNNABLE
[24013]:(type=Task,state=RUNNING).preempted
[24013]:(type=Task,id=1).dispatch
[24024]:(type=Task,id=1).state=WAITING
[24028]:(type=Task,state=RUNNING).preempted
[24028]:(type=Task,id=5).dispatch
[34005]:(type=Task,id=1).state=RUNNABLE
[35013]:(type=Task,state=RUNNING).preempted
[35013]:(type=Task,id=1).dispatch
[35024]:(type=Task,id=1).state=WAITING
[35028]:(type=Task,state=RUNNING).preempted
[35028]:(type=Task,id=5).dispatch
[45005]:(type=Task,id=1).state=RUNNABLE
[46013]:(type=Task,state=RUNNING).preempted
[46013]:(type=Task,id=1).dispatch
[46327]:(type=Task,id=1).state=WAITING
[46331]:(type=Task,state=RUNNING).preempted
[46331]:(type=Task,id=5).dispatch
[56005]:(type=Task,id=1).state=RUNNABLE
[57013]:(type=Task,state=RUNNING).preempted
[57013]:(type=Task,id=1).dispatch
[57024]:(type=Task,id=1).state=WAITING
[57028]:(type=Task,state=RUNNING).preempted
[57028]:(type=Task,id=5).dispatch
[67005]:(type=Task,id=1).state=RUNNABLE
[68013]:(type=Task,state=RUNNING).preempted
[68013]:(type=Task,id=1).dispatch
[68024]:(type=Task,id=1).state=WAITING
[68028]:(type=Task,state=RUNNING).preempted
[68028]:(type=Task,id=5).dispatch
[78005]:(type=Task,id=1).state=RUNNABLE
[79013]:(type=Task,state=RUNNING).preempted
[79013]:(type=Task,id=1).dispatch
[79024]:(type=Task,id=1).state=WAITING
[79028]:(type=Task,state=RUNNING).preempted
[79028]:(type=Task,id=5).dispatch
[89005]:(type=Task,id=1).state=RUNNABLE
[90013]:(type=Task,state=RUNNING).preempted
[90013]:(type=Task,id=1).dispatch
[90024]:(type=Task,id=1).state=WAITING
[90028]:(type=Task,state=RUNNING).preempted
[90028]:(type=Task,id=5).dispatch
[100913]:(type=Task,id=1).state=RUNNABLE
[101921]:(type=Task,state=RUNNING).preempted
[101921]:(type=Task,id=1).dispatch
[101932]:(type=Task,id=1).state=WAITING
[101936]:(type=Task,state=RUNNING).preempted
[101936]:(type=Task,id=5).dispatch
[111005]:(type=Task,id=1).state=RUNNABLE
[112013]:(type=Task,state=RUNNING).preempted
[112013]:(type=Task,id=1).dispatch
[112024]:(type=Task,id=1).state=WAITING
[112028]:(type=Task,state=RUNNING).preempted
[112028]:(type=Task,id=5).dispatch
[122005]:(type=Task,id=1).state=RUNNABLE
[123013]:(type=Task,state=RUNNING).preempted
[123013]:(type=Task,id=1).dispatch
[123024]:(type=Task,id=1).state=WAITING
[123028]:(type=Task,state=RUNNING).preempted
[123028]:(type=Task,id=5).dispatch
[133005]:(type=Task,id=1).state=RUNNABLE
[134013]:(type=Task,state=RUNNING).preempted
[134013]:(type=Task,id=1).dispatch
[134024]:(type=Task,id=1).state=WAITING
[134028]:(type=Task,state=RUNNING).preempted
[134028]:(type=Task,id=5).dispatch
[144005]:(type=Task,id=1).state=RUNNABLE
[145013]:(type=Task,state=RUNNING).preempted
[145013]:(type=Task,id=1).dispatch
[145024]:(type=Task,id=1).state=WAITING
[145028]:(type=Task,state=RUNNING).preempted
[145028]:(type=Task,id=5).dispatch
[155005]:(type=Task,id=1).state=RUNNABLE
[156013]:(type=Task,state=RUNNING).preempted
[156013]:(type=Task,id=1).dispatch
[156024]:(type=Task,id=1).state=WAITING
[156028]:(type=Task,state=RUNNING).preempted
[156028]:(type=Task,id=5).dispatch
[166005]:(type=Task,id=1).state=RUNNABLE
[167013]:(type=Task,state=RUNNING).preempted
[167013]:(type=Task,id=1).dispatch
[167024]:(type=Task,id=1).state=WAITING
[167028]:(type=Task,state=RUNNING).preempted
[167028]:(type=Task,id=5).dispatch
[177005]:(type=Task,id=1).state=RUNNABLE
[178013]:(type=Task,state=RUNNING).preempted
[178013]:(type=Task,id=1).dispatch
[178024]:(type=Task,id=1).state=WAITING
[178028]:(type=Task,state=RUNNING).preempted
[178028]:(type=Task,id=5).dispatch
[188005]:(type=Task,id=1).state=RUNNABLE
[189013]:(type=Task,state=RUNNING).preempted
[189013]:(type=Task,id=1).dispatch
[189024]:(type=Task,id=1).state=WAITING
[189028]:(type=Task,state=RUNNING).preempted
[189028]:(type=Task,id=5).dispatch
[200910]:(type=Task,id=1).state=RUNNABLE
[200918]:(type=Task,state=RUNNING).preempted
[200918]:(type=Task,id=1).dispatch
[201933]:(type=Task,id=1).state=WAITING
[201937]:(type=Task,state=RUNNING).preempted
[201937]:(type=Task,id=5).dispatch
[211005]:(type=Task,id=1).state=RUNNABLE
[212013]:(type=Task,state=RUNNING).preempted
[212013]:(type=Task,id=1).dispatch
[212024]:(type=Task,id=1).state=WAITING
[212028]:(type=Task,state=RUNNING).preempted
[212028]:(type=Task,id=5).dispatch
[222005]:(type=Task,id=1).state=RUNNABLE
[223013]:(type=Task,state=RUNNING).preempted
[223013]:(type=Task,id=1).dispatch
[223024]:(type=Task,id=1).state=WAITING
[223028]:(type=Task,state=RUNNING).preempted
[223028]:(type=Task,id=5).dispatch
[233005]:(type=Task,id=1).state=RUNNABLE
[234013]:(type=Task,state=RUNNING).preempted
[234013]:(type=Task,id=1).dispatch
[234024]:(type=Task,id=1).state=WAITING
[234028]:(type=Task,state=RUNNING).preempted
[234028]:(type=Task,id=5).dispatch
[244005]:(type=Task,id=1).state=RUNNABLE
[245013]:(type=Task,state=RUNNING).preempted
[245013]:(type=Task,id=1).dispatch
[245024]:(type=Task,id=1).state=WAITING
[245028]:(type=Task,state=RUNNING).preempted
[245028]:(type=Task,id=5).dispatch
[251482]:(type=Task,id=2).state=RUNNABLE
[251489]:(type=Task,id=3).state=RUNNABLE
[251495]:(type=Task,id=4).state=RUNNABLE
[251505]:(type=Task,id=5).state=WAITING
[251510]:(type=Task,state=RUNNING).preempted
[251510]:(type=Task,id=2).dispatch
[255005]:(type=Task,id=1).state=RUNNABLE
[256014]:(type=Task,state=RUNNING).preempted
[256014]:(type=Task,id=1).dispatch
[256024]:(type=Task,id=1).state=WAITING
[256029]:(type=Task,state=RUNNING).preempted
[256029]:(type=Task,id=2).dispatch
[266005]:(type=Task,id=1).state=RUNNABLE
[267014]:(type=Task,state=RUNNING).preempted
[267014]:(type=Task,id=1).dispatch
[267024]:(type=Task,id=1).state=WAITING
[267029]:(type=Task,state=RUNNING).preempted
[267029]:(type=Task,id=2).dispatch
[277005]:(type=Task,id=1).state=RUNNABLE
[278014]:(type=Task,state=RUNNING).preempted
[278014]:(type=Task,id=1).dispatch
[278024]:(type=Task,id=1).state=WAITING
[278029]:(type=Task,state=RUNNING).preempted
[278029]:(type=Task,id=2).dispatch
[288005]:(type=Task,id=1).state=RUNNABLE
[289014]:(type=Task,state=RUNNING).preempted
[289014]:(type=Task,id=1).dispatch
[289024]:(type=Task,id=1).state=WAITING
[289028]:(type=Task,state=RUNNING).preempted
[289028]:(type=Task,id=2).dispatch
[291005]:(type=Task,id=5).state=RUNNABLE
[292014]:(type=Task,state=RUNNING).preempted
[292014]:(type=Task,id=5).dispatch
[292025]:(type=Task,id=5).state=WAITING
[292030]:(type=Task,state=RUNNING).preempted
[292030]:(type=Task,id=3).dispatch
[299006]:(type=Task,id=1).state=RUNNABLE
[301920]:(type=Task,state=RUNNING).preempted
[301920]:(type=Task,id=1).dispatch
[301934]:(type=Task,id=1).state=WAITING
[301939]:(type=Task,state=RUNNING).preempted
[301939]:(type=Task,id=3).dispatch
[311005]:(type=Task,id=1).state=RUNNABLE
[312014]:(type=Task,state=RUNNING).preempted
[312014]:(type=Task,id=1).dispatch
[312024]:(type=Task,id=1).state=WAITING
[312029]:(type=Task,state=RUNNING).preempted
[312029]:(type=Task,id=3).dispatch
[322005]:(type=Task,id=1).state=RUNNABLE
[323014]:(type=Task,state=RUNNING).preempted
[323014]:(type=Task,id=1).dispatch
[323024]:(type=Task,id=1).state=WAITING
[323029]:(type=Task,state=RUNNING).preempted
[323029]:(type=Task,id=3).dispatch
[332005]:(type=Task,id=5).state=RUNNABLE
[333014]:(type=Task,state=RUNNING).preempted
[333014]:(type=Task,id=5).dispatch
[333025]:(type=Task,id=5).state=WAITING
[333030]:(type=Task,state=RUNNING).preempted
[333030]:(type=Task,id=4).dispatch
[333005]:(type=Task,id=1).state=RUNNABLE
[334014]:(type=Task,state=RUNNING).preempted
[334014]:(type=Task,id=1).dispatch
[334024]:(type=Task,id=1).state=WAITING
[334029]:(type=Task,state=RUNNING).preempted
[334029]:(type=Task,id=4).dispatch
[344005]:(type=Task,id=1).state=RUNNABLE
[345014]:(type=Task,state=RUNNING).preempted
[345014]:(type=Task,id=1).dispatch
[345024]:(type=Task,id=1).state=WAITING
[345029]:(type=Task,state=RUNNING).preempted
[345029]:(type=Task,id=4).dispatch
[355005]:(type=Task,id=1).state=RUNNABLE
[356014]:(type=Task,state=RUNNING).preempted
[356014]:(type=Task,id=1).dispatch
[356024]:(type=Task,id=1).state=WAITING
[356029]:(type=Task,state=RUNNING).preempted
[356029]:(type=Task,id=4).dispatch
[366005]:(type=Task,id=1).state=RUNNABLE
[367014]:(type=Task,state=RUNNING).preempted
[367014]:(type=Task,id=1).dispatch
[367024]:(type=Task,id=1).state=WAITING
[367028]:(type=Task,state=RUNNING).preempted
[367028]:(type=Task,id=4).dispatch
[373006]:(type=Task,id=5).state=RUNNABLE
[374014]:(type=Task,state=RUNNING).preempted
[374014]:(type=Task,id=5).dispatch
[374026]:(type=Task,id=5).state=WAITING
[374030]:(type=Task,state=RUNNING).preempted
[374030]:(type=Task,id=2).dispatch
[377006]:(type=Task,id=1).state=RUNNABLE
[378014]:(type=Task,state=RUNNING).preempted
[378014]:(type=Task,id=1).dispatch
[378025]:(type=Task,id=1).state=WAITING
[378029]:(type=Task,state=RUNNING).preempted
[378029]:(type=Task,id=2).dispatch
[388005]:(type=Task,id=1).state=RUNNABLE
[389014]:(type=Task,state=RUNNING).preempted
[389014]:(type=Task,id=1).dispatch
[389024]:(type=Task,id=1).state=WAITING
[389028]:(type=Task,state=RUNNING).preempted
[389028]:(type=Task,id=2).dispatch
[400912]:(type=Task,id=1).state=RUNNABLE
[400920]:(type=Task,state=RUNNING).preempted
[400920]:(type=Task,id=1).dispatch
[401935]:(type=Task,id=1).state=WAITING
[401939]:(type=Task,state=RUNNING).preempted
[401939]:(type=Task,id=2).dispatch
[411005]:(type=Task,id=1).state=RUNNABLE
[412014]:(type=Task,state=RUNNING).preempted
[412014]:(type=Task,id=1).dispatch
[412024]:(type=Task,id=1).state=WAITING
[412028]:(type=Task,state=RUNNING).preempted
[412028]:(type=Task,id=2).dispatch
[414005]:(type=Task,id=5).state=RUNNABLE
[415014]:(type=Task,state=RUNNING).preempted
[415014]:(type=Task,id=5).dispatch
[415023]:(type=Task,id=5).state=WAITING
[415028]:(type=Task,state=RUNNING).preempted
[415028]:(type=Task,id=2).dispatch
[415042]:(type=Task,id=2).state=WAITING
[415046]:(type=Task,state=RUNNING).preempted
[415046]:(type=Task,id=3).dispatch
[422005]:(type=Task,id=1).state=RUNNABLE
[423014]:(type=Task,state=RUNNING).preempted
[423014]:(type=Task,id=1).dispatch
[423147]:(type=Task,id=1).state=WAITING
[423151]:(type=Task,state=RUNNING).preempted
[423151]:(type=Task,id=3).dispatch
[433006]:(type=Task,id=1).state=RUNNABLE
[434014]:(type=Task,state=RUNNING).preempted
[434014]:(type=Task,id=1).dispatch
[434025]:(type=Task,id=1).state=WAITING
[434029]:(type=Task,state=RUNNING).preempted
[434029]:(type=Task,id=3).dispatch
[444006]:(type=Task,id=1).state=RUNNABLE
[445014]:(type=Task,state=RUNNING).preempted
[445014]:(type=Task,id=1).dispatch
[445025]:(type=Task,id=1).state=WAITING
[445029]:(type=Task,state=RUNNING).preempted
[445029]:(type=Task,id=3).dispatch
[455006]:(type=Task,id=5).state=RUNNABLE
[455013]:(type=Task,id=1).state=RUNNABLE
[456021]:(type=Task,state=RUNNING).preempted
[456021]:(type=Task,id=1).dispatch
[456032]:(type=Task,id=1).state=WAITING
[456036]:(type=Task,state=RUNNING).preempted
[456036]:(type=Task,id=5).dispatch
[456046]:(type=Task,id=5).state=WAITING
[456050]:(type=Task,state=RUNNING).preempted
[456050]:(type=Task,id=3).dispatch
[456065]:(type=Task,id=3).state=WAITING
[456070]:(type=Task,state=RUNNING).preempted
[456070]:(type=Task,id=4).dispatch
[466006]:(type=Task,id=1).state=RUNNABLE
[467014]:(type=Task,state=RUNNING).preempted
[467014]:(type=Task,id=1).dispatch
[467147]:(type=Task,id=1).state=WAITING
[467152]:(type=Task,state=RUNNING).preempted
[467152]:(type=Task,id=4).dispatch
[477005]:(type=Task,id=1).state=RUNNABLE
[478014]:(type=Task,state=RUNNING).preempted
[478014]:(type=Task,id=1).dispatch
[478024]:(type=Task,id=1).state=WAITING
[478029]:(type=Task,state=RUNNING).preempted
[478029]:(type=Task,id=4).dispatch
[488005]:(type=Task,id=1).state=RUNNABLE
[489014]:(type=Task,state=RUNNING).preempted
[489014]:(type=Task,id=1).dispatch
[489024]:(type=Task,id=1).state=WAITING
[489028]:(type=Task,state=RUNNING).preempted
[489028]:(type=Task,id=4).dispatch
[496005]:(type=Task,id=5).state=RUNNABLE
[497014]:(type=Task,state=RUNNING).preempted
[497014]:(type=Task,id=5).dispatch
[497023]:(type=Task,id=5).state=WAITING
[497028]:(type=Task,state=RUNNING).preempted
[497028]:(type=Task,id=4).dispatch
[497042]:(type=Task,id=4).state=WAITING
[499006]:(type=Task,id=1).state=RUNNABLE
[501923]:(type=Task,state=RUNNING).preempted
[501923]:(type=Task,id=1).dispatch
[502059]:(type=Task,id=1).state=WAITING
[512005]:(type=Task,id=1).state=RUNNABLE
[513013]:(type=Task,state=RUNNING).preempted
[513013]:(type=Task,id=1).dispatch
[513023]:(type=Task,id=1).state=WAITING
[523005]:(type=Task,id=1).state=RUNNABLE
[524013]:(type=Task,state=RUNNING).preempted
[524013]:(type=Task,id=1).dispatch
[524023]:(type=Task,id=1).state=WAITING
[534005]:(type=Task,id=1).state=RUNNABLE
[535013]:(type=Task,state=RUNNING).preempted
[535013]:(type=Task,id=1).dispatch
[535022]:(type=Task,id=1).state=WAITING
[537005]:(type=Task,id=5).state=RUNNABLE
[538013]:(type=Task,state=RUNNING).preempted
[538013]:(type=Task,id=5).dispatch
[538019]:(type=Task,id=2).state=RUNNABLE
[538026]:(type=Task,id=3).state=RUNNABLE
[538033]:(type=Task,id=4).state=RUNNABLE
[538043]:(type=Task,id=5).state=WAITING
[538047]:(type=Task,state=RUNNING).preempted
[538047]:(type=Task,id=2).dispatch
[545005]:(type=Task,id=1).state=RUNNABLE
[546014]:(type=Task,state=RUNNING).preempted
[546014]:(type=Task,id=1).dispatch
[546024]:(type=Task,id=1).state=WAITING
[546029]:(type=Task,state=RUNNING).preempted
[546029]:(type=Task,id=2).dispatch
[556005]:(type=Task,id=1).state=RUNNABLE
[557014]:(type=Task,state=RUNNING).preempted
[557014]:(type=Task,id=1).dispatch
[557024]:(type=Task,id=1).state=WAITING
[557029]:(type=Task,state=RUNNING).preempted
[557029]:(type=Task,id=2).dispatch
[567005]:(type=Task,id=1).state=RUNNABLE
[568014]:(type=Task,state=RUNNING).preempted
[568014]:(type=Task,id=1).dispatch
[568024]:(type=Task,id=1).state=WAITING
[568028]:(type=Task,state=RUNNING).preempted
[568028]:(type=Task,id=2).dispatch
[578005]:(type=Task,id=5).state=RUNNABLE
[578013]:(type=Task,id=1).state=RUNNABLE
[579021]:(type=Task,state=RUNNING).preempted
[579021]:(type=Task,id=1).dispatch
[579032]:(type=Task,id=1).state=WAITING
[579036]:(type=Task,state=RUNNING).preempted
[579036]:(type=Task,id=5).dispatch
[579046]:(type=Task,id=5).state=WAITING
[579050]:(type=Task,state=RUNNING).preempted
[579050]:(type=Task,id=2).dispatch
[579065]:(type=Task,id=2).state=DORMANT
[579069]:(type=Task,state=RUNNING).preempted
[579069]:(type=Task,id=3).dispatch
[589006]:(type=Task,id=1).state=RUNNABLE
[590014]:(type=Task,state=RUNNING).preempted
[590014]:(type=Task,id=1).dispatch
[590147]:(type=Task,id=1).state=WAITING
[590151]:(type=Task,state=RUNNING).preempted
[590151]:(type=Task,id=3).dispatch
[600916]:(type=Task,id=1).state=RUNNABLE
[601925]:(type=Task,state=RUNNING).preempted
[601925]:(type=Task,id=1).dispatch
[601935]:(type=Task,id=1).state=WAITING
[601940]:(type=Task,state=RUNNING).preempted
[601940]:(type=Task,id=3).dispatch
[611005]:(type=Task,id=1).state=RUNNABLE
[612014]:(type=Task,state=RUNNING).preempted
[612014]:(type=Task,id=1).dispatch
[612024]:(type=Task,id=1).state=WAITING
[612028]:(type=Task,state=RUNNING).preempted
[612028]:(type=Task,id=3).dispatch
[619006]:(type=Task,id=5).state=RUNNABLE
[620014]:(type=Task,state=RUNNING).preempted
[620014]:(type=Task,id=5).dispatch
[620024]:(type=Task,id=5).state=WAITING
[620028]:(type=Task,state=RUNNING).preempted
[620028]:(type=Task,id=3).dispatch
[620043]:(type=Task,id=3).state=DORMANT
[620047]:(type=Task,state=RUNNING).preempted
[620047]:(type=Task,id=4).dispatch
[622005]:(type=Task,id=1).state=RUNNABLE
[623014]:(type=Task,state=RUNNING).preempted
[623014]:(type=Task,id=1).dispatch
[623147]:(type=Task,id=1).state=WAITING
[623151]:(type=Task,state=RUNNING).preempted
[623151]:(type=Task,id=4).dispatch
[633006]:(type=Task,id=1).state=RUNNABLE
[634014]:(type=Task,state=RUNNING).preempted
[634014]:(type=Task,id=1).dispatch
[634025]:(type=Task,id=1).state=WAITING
[634029]:(type=Task,state=RUNNING).preempted
[634029]:(type=Task,id=4).dispatch
[644005]:(type=Task,id=1).state=RUNNABLE
[645014]:(type=Task,state=RUNNING).preempted
[645014]:(type=Task,id=1).dispatch
[645024]:(type=Task,id=1).state=WAITING
[645029]:(type=Task,state=RUNNING).preempted
[645029]:(type=Task,id=4).dispatch
[655005]:(type=Task,id=1).state=RUNNABLE
[656014]:(type=Task,state=RUNNING).preempted
[656014]:(type=Task,id=1).dispatch
[656024]:(type=Task,id=1).state=WAITING
[656028]:(type=Task,state=RUNNING).preempted
[656028]:(type=Task,id=4).dispatch
[660006]:(type=Task,id=5).state=RUNNABLE
[661014]:(type=Task,state=RUNNING).preempted
[661014]:(type=Task,id=5).dispatch
[661024]:(type=Task,id=5).state=WAITING
[661028]:(type=Task,state=RUNNING).preempted
[661028]:(type=Task,id=4).dispatch
[661043]:(type=Task,id=4).state=DORMANT
[666006]:(type=Task,id=1).state=RUNNABLE
[667013]:(type=Task,state=RUNNING).preempted
[667013]:(type=Task,id=1).dispatch
[667145]:(type=Task,id=1).state=WAITING
[677005]:(type=Task,id=1).state=RUNNABLE
[678013]:(type=Task,state=RUNNING).preempted
[678013]:(type=Task,id=1).dispatch
[678023]:(type=Task,id=1).state=WAITING
[688005]:(type=Task,id=1).state=RUNNABLE
[689013]:(type=Task,state=RUNNING).preempted
[689013]:(type=Task,id=1).dispatch
[689022]:(type=Task,id=1).state=WAITING
[700913]:(type=Task,id=1).state=RUNNABLE
[701924]:(type=Task,state=RUNNING).preempted
[701924]:(type=Task,id=1).dispatch
[701934]:(type=Task,id=1).state=WAITING
[701005]:(type=Task,id=5).state=RUNNABLE
[702013]:(type=Task,state=RUNNING).preempted
[702013]:(type=Task,id=5).dispatch
