[1926099] dispatch to task 1.
[1926446] enter to ena_int intno=2.
[1926624] leave from ena_int ercd=0.
[1926926] System logging task is started on port 1.
[1945000] enter to dly_tsk dlytim=10.
[1945398] task 1 becomes WAITING.
[1945560] dispatch from task 1.
[1945707] dispatch to task 5.
[1946412] Sample program starts (exinf = 0).
[1946926] enter to act_tsk tskid=2.
[1947126] task 2 becomes RUNNABLE.
[1947315] leave from act_tsk ercd=0.
[1947461] enter to act_tsk tskid=3.
[1947661] task 3 becomes RUNNABLE.
[1947850] leave from act_tsk ercd=0.
[1947996] enter to act_tsk tskid=4.
[1948196] task 4 becomes RUNNABLE.
[1948385] leave from act_tsk ercd=0.
[1948878] task 5 becomes WAITING.
[1949040] dispatch from task 5.
[1949187] dispatch to task 2.
[1949367] enter to ena_tex.
[1949548] leave from ena_tex ercd=0
[1950218] task1 is running (001).   |
[2136637] enter to int handler 5.
[2136861] leave from int handler 5.
[2363096] enter to int handler 5.
[2363320] leave from int handler 5.
[2589556] enter to int handler 5.
[2589780] leave from int handler 5.
[2816014] enter to int handler 5.
[2816238] leave from int handler 5.
[3042474] enter to int handler 5.
[3042698] leave from int handler 5.
[3268934] enter to int handler 5.
[3269158] leave from int handler 5.
[3495392] enter to int handler 5.
[3495616] leave from int handler 5.
[3721851] enter to int handler 5.
[3722075] leave from int handler 5.
[3948311] enter to int handler 5.
[3948535] leave from int handler 5.
[4174769] enter to int handler 5.
[4174993] leave from int handler 5.
[4401229] enter to int handler 5.
[4401490] task 1 becomes RUNNABLE.
[4401731] leave from int handler 5.
[4401985] dispatch from task 2.
[4402132] dispatch to task 1.
[4402297] leave from dly_tsk ercd=0.
[4429578] enter to dly_tsk dlytim=10.
[4429976] task 1 becomes WAITING.
[4430138] dispatch from task 1.
[4430285] dispatch to task 2.
[4624106] enter to int handler 5.
[4624330] leave from int handler 5.
[4850565] enter to int handler 5.
[4850789] leave from int handler 5.
[5077025] enter to int handler 5.
[5077249] leave from int handler 5.
[5303483] enter to int handler 5.
[5303707] leave from int handler 5.
[5529943] enter to int handler 5.
[5530167] leave from int handler 5.
[5756403] enter to int handler 5.
[5756627] leave from int handler 5.
[5888792] task1 is running (002).   |
[5982631] enter to int handler 5.
[5982855] leave from int handler 5.
[6209091] enter to int handler 5.
[6209315] leave from int handler 5.
[6435551] enter to int handler 5.
[6435775] leave from int handler 5.
[6662009] enter to int handler 5.
[6662233] leave from int handler 5.
[6888468] enter to int handler 5.
[6888729] task 1 becomes RUNNABLE.
[6888970] leave from int handler 5.
[6889224] dispatch from task 2.
[6889371] dispatch to task 1.
[6889536] leave from dly_tsk ercd=0.
[6901936] enter to dly_tsk dlytim=10.
[6902334] task 1 becomes WAITING.
[6902496] dispatch from task 1.
[6902643] dispatch to task 2.
[7113341] enter to int handler 5.
[7113565] leave from int handler 5.
[7339801] enter to int handler 5.
[7340025] leave from int handler 5.
[7566259] enter to int handler 5.
[7566483] leave from int handler 5.
[7792718] enter to int handler 5.
[7792942] leave from int handler 5.
[8019178] enter to int handler 5.
[8019402] leave from int handler 5.
[8245636] enter to int handler 5.
[8245860] leave from int handler 5.
[8472096] enter to int handler 5.
[8472320] leave from int handler 5.
[8698556] enter to int handler 5.
[8698780] leave from int handler 5.
[8925014] enter to int handler 5.
[8925238] leave from int handler 5.
[9151473] enter to int handler 5.
[9151697] leave from int handler 5.
[9377933] enter to int handler 5.
[9378194] task 1 becomes RUNNABLE.
[9378435] leave from int handler 5.
[9378689] dispatch from task 2.
[9378836] dispatch to task 1.
[9379001] leave from dly_tsk ercd=0.
[9379211] enter to dly_tsk dlytim=10.
[9379609] task 1 becomes WAITING.
[9379771] dispatch from task 1.
[9379918] dispatch to task 2.
[9521970] enter to int handler 2.
[9522246] enter to isig_sem semid=1.
[9522473] task 5 becomes RUNNABLE.
[9522683] leave from isig_sem ercd=0.
[9522907] leave from int handler 2.
[9523161] dispatch from task 2.
[9523308] dispatch to task 5.
[9523981] #rot_rdq(three priorities)
[9524234] enter to rot_rdq tskpri=9.
[9524432] leave from rot_rdq ercd=0.
[9524578] enter to rot_rdq tskpri=10.
[9524799] leave from rot_rdq ercd=0.
[9524945] enter to rot_rdq tskpri=11.
[9525143] leave from rot_rdq ercd=0.
[9525645] task 5 becomes WAITING.
[9525807] dispatch from task 5.
[9525954] dispatch to task 3.
[9526134] enter to ena_tex.
[9526315] leave from ena_tex ercd=0
[9526985] task2 is running (001).     +
[9604226] enter to int handler 5.
[9604450] leave from int handler 5.
[9830686] enter to int handler 5.
[9830910] leave from int handler 5.
[10057144] enter to int handler 5.
[10057368] leave from int handler 5.
[10283603] enter to int handler 5.
[10283827] leave from int handler 5.
[10510063] enter to int handler 5.
[10510287] leave from int handler 5.
[10736521] enter to int handler 5.
[10736745] leave from int handler 5.
[10962981] enter to int handler 5.
[10963205] leave from int handler 5.
[11189441] enter to int handler 5.
[11189665] leave from int handler 5.
[11415899] enter to int handler 5.
[11416123] leave from int handler 5.
[11642358] enter to int handler 5.
[11642582] leave from int handler 5.
[11868818] enter to int handler 5.
[11869079] task 1 becomes RUNNABLE.
[11869320] leave from int handler 5.
[11869574] dispatch from task 3.
[11869721] dispatch to task 1.
[11869886] leave from dly_tsk ercd=0.
[11894518] enter to dly_tsk dlytim=10.
[11894916] task 1 becomes WAITING.
[11895078] dispatch from task 1.
[11895225] dispatch to task 3.
[12092081] enter to int handler 5.
[12092305] leave from int handler 5.
[12318541] enter to int handler 5.
[12318765] leave from int handler 5.
[12544999] enter to int handler 5.
[12545223] leave from int handler 5.
[12771459] enter to int handler 5.
[12771683] leave from int handler 5.
[12997919] enter to int handler 5.
[12998143] leave from int handler 5.
[13224377] enter to int handler 5.
[13224601] leave from int handler 5.
[13450836] enter to int handler 5.
[13451060] leave from int handler 5.
[13463440] task2 is running (002).     +
[13677067] enter to int handler 5.
[13677291] leave from int handler 5.
[13903525] enter to int handler 5.
[13903749] leave from int handler 5.
[14129984] enter to int handler 5.
[14130208] leave from int handler 5.
[14356444] enter to int handler 5.
[14356705] task 1 becomes RUNNABLE.
[14356946] leave from int handler 5.
[14357200] dispatch from task 3.
[14357347] dispatch to task 1.
[14357512] leave from dly_tsk ercd=0.
[14370728] enter to dly_tsk dlytim=10.
[14371126] task 1 becomes WAITING.
[14371288] dispatch from task 1.
[14371435] dispatch to task 3.
[14581210] enter to int handler 5.
[14581434] leave from int handler 5.
[14807668] enter to int handler 5.
[14807892] leave from int handler 5.
[15034127] enter to int handler 5.
[15034351] leave from int handler 5.
[15260587] enter to int handler 5.
[15260811] leave from int handler 5.
[15487045] enter to int handler 5.
[15487269] leave from int handler 5.
[15713505] enter to int handler 5.
[15713729] leave from int handler 5.
[15939965] enter to int handler 5.
[15940189] leave from int handler 5.
[16157141] enter to int handler 2.
[16157417] enter to isig_sem semid=1.
[16157644] task 5 becomes RUNNABLE.
[16157854] leave from isig_sem ercd=0.
[16158078] leave from int handler 2.
[16158332] dispatch from task 3.
[16158479] dispatch to task 5.
[16159152] #rot_rdq(three priorities)
[16159405] enter to rot_rdq tskpri=9.
[16159603] leave from rot_rdq ercd=0.
[16159749] enter to rot_rdq tskpri=10.
[16159970] leave from rot_rdq ercd=0.
[16160116] enter to rot_rdq tskpri=11.
[16160314] leave from rot_rdq ercd=0.
[16160816] task 5 becomes WAITING.
[16160978] dispatch from task 5.
[16161125] dispatch to task 4.
[16161305] enter to ena_tex.
[16161486] leave from ena_tex ercd=0
[16162156] task3 is running (001).       *
[16166135] enter to int handler 5.
[16166359] leave from int handler 5.
[16392595] enter to int handler 5.
[16392819] leave from int handler 5.
[16619053] enter to int handler 5.
[16619277] leave from int handler 5.
[16845513] enter to int handler 5.
[16845774] task 1 becomes RUNNABLE.
[16846015] leave from int handler 5.
[16846269] dispatch from task 4.
[16846416] dispatch to task 1.
[16846581] leave from dly_tsk ercd=0.
[16872029] enter to dly_tsk dlytim=10.
[16872427] task 1 becomes WAITING.
[16872589] dispatch from task 1.
[16872736] dispatch to task 4.
[17068669] enter to int handler 5.
[17068893] leave from int handler 5.
[17295129] enter to int handler 5.
[17295353] leave from int handler 5.
[17521589] enter to int handler 5.
[17521813] leave from int handler 5.
[17748047] enter to int handler 5.
[17748271] leave from int handler 5.
[17974506] enter to int handler 5.
[17974730] leave from int handler 5.
[18200966] enter to int handler 5.
[18201190] leave from int handler 5.
[18427424] enter to int handler 5.
[18427648] leave from int handler 5.
[18653884] enter to int handler 5.
[18654108] leave from int handler 5.
[18880344] enter to int handler 5.
[18880568] leave from int handler 5.
[19106802] enter to int handler 5.
[19107026] leave from int handler 5.
[19333261] enter to int handler 5.
[19333522] task 1 becomes RUNNABLE.
[19333763] leave from int handler 5.
[19334017] dispatch from task 4.
[19334164] dispatch to task 1.
[19334329] leave from dly_tsk ercd=0.
[19334539] enter to dly_tsk dlytim=10.
[19334937] task 1 becomes WAITING.
[19335099] dispatch from task 1.
[19335246] dispatch to task 4.
[19559844] enter to int handler 5.
[19560068] leave from int handler 5.
[19786302] enter to int handler 5.
[19786526] leave from int handler 5.
[20012761] enter to int handler 5.
[20012985] leave from int handler 5.
[20101142] task3 is running (002).       *
[20238992] enter to int handler 5.
[20239216] leave from int handler 5.
[20465450] enter to int handler 5.
[20465674] leave from int handler 5.
[20691909] enter to int handler 5.
[20692133] leave from int handler 5.
[20918369] enter to int handler 5.
[20918593] leave from int handler 5.
[21144827] enter to int handler 5.
[21145051] leave from int handler 5.
[21371287] enter to int handler 5.
[21371511] leave from int handler 5.
[21597747] enter to int handler 5.
[21597971] leave from int handler 5.
[21824205] enter to int handler 5.
[21824466] task 1 becomes RUNNABLE.
[21824707] leave from int handler 5.
[21824961] dispatch from task 4.
[21825108] dispatch to task 1.
[21825273] leave from dly_tsk ercd=0.
[21839305] enter to dly_tsk dlytim=10.
[21839703] task 1 becomes WAITING.
[21839865] dispatch from task 1.
[21840012] dispatch to task 4.
[22048863] enter to int handler 5.
[22049087] leave from int handler 5.
[22275323] enter to int handler 5.
[22275547] leave from int handler 5.
[22501783] enter to int handler 5.
[22502007] leave from int handler 5.
[22728241] enter to int handler 5.
[22728465] leave from int handler 5.
[22919561] enter to int handler 2.
[22919837] enter to isig_sem semid=1.
[22920064] task 5 becomes RUNNABLE.
[22920274] leave from isig_sem ercd=0.
[22920498] leave from int handler 2.
[22920752] dispatch from task 4.
[22920899] dispatch to task 5.
[22921572] #rot_rdq(three priorities)
[22921825] enter to rot_rdq tskpri=9.
[22922023] leave from rot_rdq ercd=0.
[22922169] enter to rot_rdq tskpri=10.
[22922390] leave from rot_rdq ercd=0.
[22922536] enter to rot_rdq tskpri=11.
[22922734] leave from rot_rdq ercd=0.
[22923236] task 5 becomes WAITING.
[22923398] dispatch from task 5.
[22923545] dispatch to task 2.
[22954624] enter to int handler 5.
[22954848] leave from int handler 5.
[23181084] enter to int handler 5.
[23181308] leave from int handler 5.
[23216565] task1 is running (003).   |
[23407313] enter to int handler 5.
[23407537] leave from int handler 5.
[23633772] enter to int handler 5.
[23633996] leave from int handler 5.
[23860232] enter to int handler 5.
[23860456] leave from int handler 5.
[24086690] enter to int handler 5.
[24086914] leave from int handler 5.
[24313150] enter to int handler 5.
[24313411] task 1 becomes RUNNABLE.
[24313652] leave from int handler 5.
[24313906] dispatch from task 2.
[24314053] dispatch to task 1.
[24314218] leave from dly_tsk ercd=0.
[24338034] enter to dly_tsk dlytim=10.
[24338432] task 1 becomes WAITING.
[24338594] dispatch from task 1.
[24338741] dispatch to task 2.
[24536520] enter to int handler 5.
[24536744] leave from int handler 5.
[24762980] enter to int handler 5.
[24763204] leave from int handler 5.
[24989440] enter to int handler 5.
[24989664] leave from int handler 5.
[25215898] enter to int handler 5.
[25216122] leave from int handler 5.
[25442357] enter to int handler 5.
[25442581] leave from int handler 5.
[25668817] enter to int handler 5.
[25669041] leave from int handler 5.
[25895275] enter to int handler 5.
[25895499] leave from int handler 5.
[26121735] enter to int handler 5.
[26121959] leave from int handler 5.
[26348195] enter to int handler 5.
[26348419] leave from int handler 5.
[26574653] enter to int handler 5.
[26574877] leave from int handler 5.
[26801112] enter to int handler 5.
[26801373] task 1 becomes RUNNABLE.
[26801614] leave from int handler 5.
[26801868] dispatch from task 2.
[26802015] dispatch to task 1.
[26802180] leave from dly_tsk ercd=0.
[26802390] enter to dly_tsk dlytim=10.
[26802788] task 1 becomes WAITING.
[26802950] dispatch from task 1.
[26803097] dispatch to task 2.
[27027695] enter to int handler 5.
[27027919] leave from int handler 5.
[27153389] task1 is running (004).   |
[27253923] enter to int handler 5.
[27254147] leave from int handler 5.
[27480383] enter to int handler 5.
[27480607] leave from int handler 5.
[27706843] enter to int handler 5.
[27707067] leave from int handler 5.
[27933301] enter to int handler 5.
[27933525] leave from int handler 5.
[28159760] enter to int handler 5.
[28159984] leave from int handler 5.
[28182237] enter to int handler 2.
[28182513] enter to isig_sem semid=1.
[28182740] task 5 becomes RUNNABLE.
[28182950] leave from isig_sem ercd=0.
[28183174] leave from int handler 2.
[28183428] dispatch from task 2.
[28183575] dispatch to task 5.
[28184234] task 5 becomes WAITING.
[28184396] dispatch from task 5.
[28184543] dispatch to task 2.
[28386307] enter to int handler 5.
[28386531] leave from int handler 5.
[28612767] enter to int handler 5.
[28612991] leave from int handler 5.
[28839225] enter to int handler 5.
[28839449] leave from int handler 5.
[29065684] enter to int handler 5.
[29065908] leave from int handler 5.
[29292144] enter to int handler 5.
[29292405] task 1 becomes RUNNABLE.
[29292646] leave from int handler 5.
[29292900] dispatch from task 2.
[29293047] dispatch to task 1.
[29293212] leave from dly_tsk ercd=0.
[29305612] enter to dly_tsk dlytim=10.
[29306010] task 1 becomes WAITING.
[29306172] dispatch from task 1.
[29306319] dispatch to task 2.
[29369057] enter to int handler 2.
[29369333] enter to isig_sem semid=1.
[29369560] task 5 becomes RUNNABLE.
[29369770] leave from isig_sem ercd=0.
[29369994] leave from int handler 2.
[29370248] dispatch from task 2.
[29370395] dispatch to task 5.
[29371062] task 5 becomes WAITING.
[29371224] dispatch from task 5.
[29371371] dispatch to task 2.
[29517101] enter to int handler 5.
[29517325] leave from int handler 5.
[29743559] enter to int handler 5.
[29743783] leave from int handler 5.
[29970019] enter to int handler 5.
[29970243] leave from int handler 5.
[30196479] enter to int handler 5.
[30196703] leave from int handler 5.
[30422937] enter to int handler 5.
[30423161] leave from int handler 5.
[30649396] enter to int handler 5.
[30649620] leave from int handler 5.
[30875856] enter to int handler 5.
[30876080] leave from int handler 5.
[31081946] #1#slp_tsk()
[31082197] enter to slp_tsk.
[31082444] task 2 becomes WAITING.
[31082606] dispatch from task 2.
[31082753] dispatch to task 3.
[31102301] enter to int handler 5.
[31102525] leave from int handler 5.
[31328761] enter to int handler 5.
[31328985] leave from int handler 5.
[31555219] enter to int handler 5.
[31555443] leave from int handler 5.
[31781678] enter to int handler 5.
[31781939] task 1 becomes RUNNABLE.
[31782180] leave from int handler 5.
[31782434] dispatch from task 3.
[31782581] dispatch to task 1.
[31782746] leave from dly_tsk ercd=0.
[31788747] enter to dly_tsk dlytim=10.
[31789145] task 1 becomes WAITING.
[31789307] dispatch from task 1.
[31789454] dispatch to task 3.
[32007471] enter to int handler 5.
[32007695] leave from int handler 5.
[32233931] enter to int handler 5.
[32234155] leave from int handler 5.
[32321327] task2 is running (003).     +
[32460159] enter to int handler 5.
[32460383] leave from int handler 5.
[32686619] enter to int handler 5.
[32686843] leave from int handler 5.
[32913079] enter to int handler 5.
[32913303] leave from int handler 5.
[33139537] enter to int handler 5.
[33139761] leave from int handler 5.
[33365996] enter to int handler 5.
[33366220] leave from int handler 5.
[33592456] enter to int handler 5.
[33592680] leave from int handler 5.
[33818914] enter to int handler 5.
[33819138] leave from int handler 5.
[34045374] enter to int handler 5.
[34045598] leave from int handler 5.
[34271834] enter to int handler 5.
[34272095] task 1 becomes RUNNABLE.
[34272336] leave from int handler 5.
[34272590] dispatch from task 3.
[34272737] dispatch to task 1.
[34272902] leave from dly_tsk ercd=0.
[34286118] enter to dly_tsk dlytim=10.
[34286516] task 1 becomes WAITING.
[34286678] dispatch from task 1.
[34286825] dispatch to task 3.
[34496599] enter to int handler 5.
[34496823] leave from int handler 5.
[34633884] enter to int handler 2.
[34634160] enter to isig_sem semid=1.
[34634387] task 5 becomes RUNNABLE.
[34634597] leave from isig_sem ercd=0.
[34634821] leave from int handler 2.
[34635075] dispatch from task 3.
[34635222] dispatch to task 5.
[34635881] task 5 becomes WAITING.
[34636043] dispatch from task 5.
[34636190] dispatch to task 3.
[34723146] enter to int handler 5.
[34723370] leave from int handler 5.
[34949604] enter to int handler 5.
[34949828] leave from int handler 5.
[35176063] enter to int handler 5.
[35176287] leave from int handler 5.
[35379650] enter to int handler 2.
[35379926] enter to isig_sem semid=1.
[35380153] task 5 becomes RUNNABLE.
[35380363] leave from isig_sem ercd=0.
[35380587] leave from int handler 2.
[35380841] dispatch from task 3.
[35380988] dispatch to task 5.
[35381655] task 5 becomes WAITING.
[35381817] dispatch from task 5.
[35381964] dispatch to task 3.
[35402608] enter to int handler 5.
[35402832] leave from int handler 5.
[35629066] enter to int handler 5.
[35629290] leave from int handler 5.
[35855525] enter to int handler 5.
[35855749] leave from int handler 5.
[36081985] enter to int handler 5.
[36082209] leave from int handler 5.
[36250700] #2#slp_tsk()
[36250951] enter to slp_tsk.
[36251198] task 3 becomes WAITING.
[36251360] dispatch from task 3.
[36251507] dispatch to task 4.
[36308431] enter to int handler 5.
[36308655] leave from int handler 5.
[36534889] enter to int handler 5.
[36535113] leave from int handler 5.
[36761348] enter to int handler 5.
[36761609] task 1 becomes RUNNABLE.
[36761850] leave from int handler 5.
[36762104] dispatch from task 4.
[36762251] dispatch to task 1.
[36762416] leave from dly_tsk ercd=0.
[36768417] enter to dly_tsk dlytim=10.
[36768815] task 1 becomes WAITING.
[36768977] dispatch from task 1.
[36769124] dispatch to task 4.
[36987141] enter to int handler 5.
[36987365] leave from int handler 5.
[37213601] enter to int handler 5.
[37213825] leave from int handler 5.
[37366179] task3 is running (003).       *
[37439829] enter to int handler 5.
[37440053] leave from int handler 5.
[37666289] enter to int handler 5.
[37666513] leave from int handler 5.
[37892749] enter to int handler 5.
[37892973] leave from int handler 5.
[38119207] enter to int handler 5.
[38119431] leave from int handler 5.
[38345666] enter to int handler 5.
[38345890] leave from int handler 5.
[38572126] enter to int handler 5.
[38572350] leave from int handler 5.
[38798584] enter to int handler 5.
[38798808] leave from int handler 5.
[39025044] enter to int handler 5.
[39025268] leave from int handler 5.
[39251504] enter to int handler 5.
[39251765] task 1 becomes RUNNABLE.
[39252006] leave from int handler 5.
[39252260] dispatch from task 4.
[39252407] dispatch to task 1.
[39252572] leave from dly_tsk ercd=0.
[39266604] enter to dly_tsk dlytim=10.
[39267002] task 1 becomes WAITING.
[39267164] dispatch from task 1.
[39267311] dispatch to task 4.
[39476162] enter to int handler 5.
[39476386] leave from int handler 5.
[39702620] enter to int handler 5.
[39702844] leave from int handler 5.
[39929080] enter to int handler 5.
[39929304] leave from int handler 5.
[40155540] enter to int handler 5.
[40155764] leave from int handler 5.
[40381998] enter to int handler 5.
[40382222] leave from int handler 5.
[40608457] enter to int handler 5.
[40608681] leave from int handler 5.
[40766407] enter to int handler 2.
[40766683] enter to isig_sem semid=1.
[40766910] task 5 becomes RUNNABLE.
[40767120] leave from isig_sem ercd=0.
[40767344] leave from int handler 2.
[40767598] dispatch from task 4.
[40767745] dispatch to task 5.
[40768404] task 5 becomes WAITING.
[40768566] dispatch from task 5.
[40768713] dispatch to task 4.
[40835004] enter to int handler 5.
[40835228] leave from int handler 5.
[41061464] enter to int handler 5.
[41061688] leave from int handler 5.
[41287922] enter to int handler 5.
[41288146] leave from int handler 5.
[41294600] task3 is running (004).       *
[41514152] enter to int handler 5.
[41514376] leave from int handler 5.
[41682047] enter to int handler 2.
[41682323] enter to isig_sem semid=1.
[41682550] task 5 becomes RUNNABLE.
[41682760] leave from isig_sem ercd=0.
[41682984] leave from int handler 2.
[41683238] dispatch from task 4.
[41683385] dispatch to task 5.
[41684052] task 5 becomes WAITING.
[41684214] dispatch from task 5.
[41684361] dispatch to task 4.
[41740696] enter to int handler 5.
[41740957] task 1 becomes RUNNABLE.
[41741198] leave from int handler 5.
[41741452] dispatch from task 4.
[41741599] dispatch to task 1.
[41741764] leave from dly_tsk ercd=0.
[41755796] enter to dly_tsk dlytim=10.
[41756194] task 1 becomes WAITING.
[41756356] dispatch from task 1.
[41756503] dispatch to task 4.
[41965355] enter to int handler 5.
[41965579] leave from int handler 5.
[42191813] enter to int handler 5.
[42192037] leave from int handler 5.
[42418272] enter to int handler 5.
[42418496] leave from int handler 5.
[42644732] enter to int handler 5.
[42644956] leave from int handler 5.
[42871190] enter to int handler 5.
[42871414] leave from int handler 5.
[43097650] enter to int handler 5.
[43097874] leave from int handler 5.
[43324110] enter to int handler 5.
[43324334] leave from int handler 5.
[43550568] enter to int handler 5.
[43550792] leave from int handler 5.
[43777027] enter to int handler 5.
[43777251] leave from int handler 5.
[44003487] enter to int handler 5.
[44003711] leave from int handler 5.
[44229945] enter to int handler 5.
[44230206] task 1 becomes RUNNABLE.
[44230447] leave from int handler 5.
[44230701] dispatch from task 4.
[44230848] dispatch to task 1.
[44231013] leave from dly_tsk ercd=0.
[44231223] enter to dly_tsk dlytim=10.
[44231621] task 1 becomes WAITING.
[44231783] dispatch from task 1.
[44231930] dispatch to task 4.
[44456527] enter to int handler 5.
[44456751] leave from int handler 5.
[44682987] enter to int handler 5.
[44683211] leave from int handler 5.
[44909445] enter to int handler 5.
[44909669] leave from int handler 5.
[45135905] enter to int handler 5.
[45136129] leave from int handler 5.
[45223938] #3#slp_tsk()
[45224189] enter to slp_tsk.
[45224459] task 4 becomes WAITING.
[45224621] dispatch from task 4.
[45333620] enter to int handler 5.
[45333844] leave from int handler 5.
[45512915] enter to int handler 5.
[45513139] leave from int handler 5.
[45692199] enter to int handler 5.
[45692423] leave from int handler 5.
[45871483] enter to int handler 5.
[45871707] leave from int handler 5.
[46050779] enter to int handler 5.
[46051003] leave from int handler 5.
[46230063] enter to int handler 5.
[46230287] leave from int handler 5.
[46409347] enter to int handler 5.
[46409608] task 1 becomes RUNNABLE.
[46409845] leave from int handler 5.
[46410087] dispatch to task 1.
[46410252] leave from dly_tsk ercd=0.
[46416253] enter to dly_tsk dlytim=10.
[46416600] task 1 becomes WAITING.
[46416762] dispatch from task 1.
[46589576] enter to int handler 5.
[46589800] leave from int handler 5.
[46736604] enter to int handler 2.
[46736880] enter to isig_sem semid=1.
[46737107] task 5 becomes RUNNABLE.
[46737313] leave from isig_sem ercd=0.
[46737537] leave from int handler 2.
[46737779] dispatch to task 5.
[46738387] task 5 becomes WAITING.
[46738549] dispatch from task 5.
[46769368] enter to int handler 5.
[46769592] leave from int handler 5.
[46948663] enter to int handler 5.
[46948887] leave from int handler 5.
[47127947] enter to int handler 5.
[47128171] leave from int handler 5.
[47307231] enter to int handler 5.
[47307455] leave from int handler 5.
[47486527] enter to int handler 5.
[47486751] leave from int handler 5.
[47665811] enter to int handler 5.
[47666035] leave from int handler 5.
[47726019] enter to int handler 2.
[47726295] enter to isig_sem semid=1.
[47726522] task 5 becomes RUNNABLE.
[47726728] leave from isig_sem ercd=0.
[47726952] leave from int handler 2.
[47727194] dispatch to task 5.
[47727718] #wup_tsk(1)
[47727971] enter to wup_tsk tskid=2.
[47728190] task 2 becomes RUNNABLE.
[47728387] leave from wup_tsk ercd=0.
[47728889] task 5 becomes WAITING.
[47729051] dispatch from task 5.
[47729198] dispatch to task 2.
[47729369] leave from slp_tsk ercd=0.
[47730024] task1 is running (005).   |
[47876312] enter to int handler 5.
[47876536] leave from int handler 5.
[48102771] enter to int handler 5.
[48102995] leave from int handler 5.
[48329231] enter to int handler 5.
[48329455] leave from int handler 5.
[48555689] enter to int handler 5.
[48555950] task 1 becomes RUNNABLE.
[48556191] leave from int handler 5.
[48556445] dispatch from task 2.
[48556592] dispatch to task 1.
[48556757] leave from dly_tsk ercd=0.
[48574539] enter to dly_tsk dlytim=10.
[48574937] task 1 becomes WAITING.
[48575099] dispatch from task 1.
[48575246] dispatch to task 2.
[48779833] enter to int handler 5.
[48780057] leave from int handler 5.
[49006291] enter to int handler 5.
[49006515] leave from int handler 5.
[49232750] enter to int handler 5.
[49232974] leave from int handler 5.
[49459210] enter to int handler 5.
[49459434] leave from int handler 5.
[49685668] enter to int handler 5.
[49685892] leave from int handler 5.
[49912128] enter to int handler 5.
[49912352] leave from int handler 5.
[50138588] enter to int handler 5.
[50138812] leave from int handler 5.
[50365046] enter to int handler 5.
[50365270] leave from int handler 5.
[50591505] enter to int handler 5.
[50591729] leave from int handler 5.
[50817965] enter to int handler 5.
[50818189] leave from int handler 5.
[51044423] enter to int handler 5.
[51044684] task 1 becomes RUNNABLE.
[51044925] leave from int handler 5.
[51045179] dispatch from task 2.
[51045326] dispatch to task 1.
[51045491] leave from dly_tsk ercd=0.
[51045701] enter to dly_tsk dlytim=10.
[51046099] task 1 becomes WAITING.
[51046261] dispatch from task 1.
[51046408] dispatch to task 2.
[51271005] enter to int handler 5.
[51271229] leave from int handler 5.
[51497465] enter to int handler 5.
[51497689] leave from int handler 5.
[51660814] task1 is running (006).   |
[51723694] enter to int handler 5.
[51723918] leave from int handler 5.
[51950153] enter to int handler 5.
[51950377] leave from int handler 5.
[52176613] enter to int handler 5.
[52176837] leave from int handler 5.
[52403071] enter to int handler 5.
[52403295] leave from int handler 5.
[52629531] enter to int handler 5.
[52629755] leave from int handler 5.
[52855991] enter to int handler 5.
[52856215] leave from int handler 5.
[53082449] enter to int handler 5.
[53082673] leave from int handler 5.
[53308908] enter to int handler 5.
[53309132] leave from int handler 5.
[53535368] enter to int handler 5.
[53535629] task 1 becomes RUNNABLE.
[53535870] leave from int handler 5.
[53536124] dispatch from task 2.
[53536271] dispatch to task 1.
[53536436] leave from dly_tsk ercd=0.
[53548836] enter to dly_tsk dlytim=10.
[53549234] task 1 becomes WAITING.
[53549396] dispatch from task 1.
[53549543] dispatch to task 2.
[53734273] enter to int handler 2.
[53734549] enter to isig_sem semid=1.
[53734776] task 5 becomes RUNNABLE.
[53734986] leave from isig_sem ercd=0.
[53735210] leave from int handler 2.
[53735464] dispatch from task 2.
[53735611] dispatch to task 5.
[53736270] task 5 becomes WAITING.
[53736432] dispatch from task 5.
[53736579] dispatch to task 2.
[53760327] enter to int handler 5.
[53760551] leave from int handler 5.
[53986787] enter to int handler 5.
[53987011] leave from int handler 5.
[54213245] enter to int handler 5.
[54213469] leave from int handler 5.
[54439705] enter to int handler 5.
[54439929] leave from int handler 5.
[54492790] enter to int handler 2.
[54493066] enter to isig_sem semid=1.
[54493293] task 5 becomes RUNNABLE.
[54493503] leave from isig_sem ercd=0.
[54493727] leave from int handler 2.
[54493981] dispatch from task 2.
[54494128] dispatch to task 5.
[54494652] #wup_tsk(2)
[54494905] enter to wup_tsk tskid=3.
[54495124] task 3 becomes RUNNABLE.
[54495321] leave from wup_tsk ercd=0.
[54495823] task 5 becomes WAITING.
[54495985] dispatch from task 5.
[54496132] dispatch to task 2.
[54666185] enter to int handler 5.
[54666409] leave from int handler 5.
[54892643] enter to int handler 5.
[54892867] leave from int handler 5.
[55119103] enter to int handler 5.
[55119327] leave from int handler 5.
[55345563] enter to int handler 5.
[55345787] leave from int handler 5.
[55572021] enter to int handler 5.
[55572245] leave from int handler 5.
[55591205] task1 is running (007).   |
[55798251] enter to int handler 5.
[55798475] leave from int handler 5.
[56024711] enter to int handler 5.
[56024972] task 1 becomes RUNNABLE.
[56025213] leave from int handler 5.
[56025467] dispatch from task 2.
[56025614] dispatch to task 1.
[56025779] leave from dly_tsk ercd=0.
[56043561] enter to dly_tsk dlytim=10.
[56043959] task 1 becomes WAITING.
[56044121] dispatch from task 1.
[56044268] dispatch to task 2.
[56248852] enter to int handler 5.
[56249076] leave from int handler 5.
[56475312] enter to int handler 5.
[56475536] leave from int handler 5.
[56701770] enter to int handler 5.
[56701994] leave from int handler 5.
[56928230] enter to int handler 5.
[56928454] leave from int handler 5.
[57154690] enter to int handler 5.
[57154914] leave from int handler 5.
[57381148] enter to int handler 5.
[57381372] leave from int handler 5.
[57607607] enter to int handler 5.
[57607831] leave from int handler 5.
[57834067] enter to int handler 5.
[57834291] leave from int handler 5.
[58060525] enter to int handler 5.
[58060749] leave from int handler 5.
[58286985] enter to int handler 5.
[58287209] leave from int handler 5.
[58513445] enter to int handler 5.
[58513706] task 1 becomes RUNNABLE.
[58513947] leave from int handler 5.
[58514201] dispatch from task 2.
[58514348] dispatch to task 1.
[58514513] leave from dly_tsk ercd=0.
[58514723] enter to dly_tsk dlytim=10.
[58515121] task 1 becomes WAITING.
[58515283] dispatch from task 1.
[58515430] dispatch to task 2.
[58740025] enter to int handler 5.
[58740249] leave from int handler 5.
[58966485] enter to int handler 5.
[58966709] leave from int handler 5.
[59192945] enter to int handler 5.
[59193169] leave from int handler 5.
[59419403] enter to int handler 5.
[59419627] leave from int handler 5.
[59521995] task1 is running (008).   |
[59645633] enter to int handler 5.
[59645857] leave from int handler 5.
[59757836] enter to int handler 2.
[59758112] enter to isig_sem semid=1.
[59758339] task 5 becomes RUNNABLE.
[59758549] leave from isig_sem ercd=0.
[59758773] leave from int handler 2.
[59759027] dispatch from task 2.
[59759174] dispatch to task 5.
[59759833] task 5 becomes WAITING.
[59759995] dispatch from task 5.
[59760142] dispatch to task 2.
[59872179] enter to int handler 5.
[59872403] leave from int handler 5.
[60098639] enter to int handler 5.
[60098863] leave from int handler 5.
[60325097] enter to int handler 5.
[60325321] leave from int handler 5.
[60551557] enter to int handler 5.
[60551781] leave from int handler 5.
[60778017] enter to int handler 5.
[60778241] leave from int handler 5.
[61004475] enter to int handler 5.
[61004736] task 1 becomes RUNNABLE.
[61004977] leave from int handler 5.
[61005231] dispatch from task 2.
[61005378] dispatch to task 1.
[61005543] leave from dly_tsk ercd=0.
[61017943] enter to dly_tsk dlytim=10.
[61018341] task 1 becomes WAITING.
[61018503] dispatch from task 1.
[61018650] dispatch to task 2.
[61154097] enter to int handler 2.
[61154373] enter to isig_sem semid=1.
[61154600] task 5 becomes RUNNABLE.
[61154810] leave from isig_sem ercd=0.
[61155034] leave from int handler 2.
[61155288] dispatch from task 2.
[61155435] dispatch to task 5.
[61155959] #wup_tsk(3)
[61156212] enter to wup_tsk tskid=4.
[61156431] task 4 becomes RUNNABLE.
[61156628] leave from wup_tsk ercd=0.
[61157130] task 5 becomes WAITING.
[61157292] dispatch from task 5.
[61157439] dispatch to task 2.
[61229368] enter to int handler 5.
[61229592] leave from int handler 5.
[61455827] enter to int handler 5.
[61456051] leave from int handler 5.
[61682287] enter to int handler 5.
[61682511] leave from int handler 5.
[61908745] enter to int handler 5.
[61908969] leave from int handler 5.
[62135205] enter to int handler 5.
[62135429] leave from int handler 5.
[62361665] enter to int handler 5.
[62361889] leave from int handler 5.
[62588123] enter to int handler 5.
[62588347] leave from int handler 5.
[62814582] enter to int handler 5.
[62814806] leave from int handler 5.
[63041042] enter to int handler 5.
[63041266] leave from int handler 5.
[63267500] enter to int handler 5.
[63267724] leave from int handler 5.
[63451856] task1 is running (009).   |
[63493730] enter to int handler 5.
[63493991] task 1 becomes RUNNABLE.
[63494232] leave from int handler 5.
[63494486] dispatch from task 2.
[63494633] dispatch to task 1.
[63494798] leave from dly_tsk ercd=0.
[63512580] enter to dly_tsk dlytim=10.
[63512978] task 1 becomes WAITING.
[63513140] dispatch from task 1.
[63513287] dispatch to task 2.
[63717872] enter to int handler 5.
[63718096] leave from int handler 5.
[63944332] enter to int handler 5.
[63944556] leave from int handler 5.
[64170792] enter to int handler 5.
[64171016] leave from int handler 5.
[64397250] enter to int handler 5.
[64397474] leave from int handler 5.
[64623709] enter to int handler 5.
[64623933] leave from int handler 5.
[64850169] enter to int handler 5.
[64850393] leave from int handler 5.
[65076627] enter to int handler 5.
[65076851] leave from int handler 5.
[65303087] enter to int handler 5.
[65303311] leave from int handler 5.
[65529547] enter to int handler 5.
[65529771] leave from int handler 5.
[65756005] enter to int handler 5.
[65756229] leave from int handler 5.
[65982464] enter to int handler 5.
[65982725] task 1 becomes RUNNABLE.
[65982966] leave from int handler 5.
[65983220] dispatch from task 2.
[65983367] dispatch to task 1.
[65983532] leave from dly_tsk ercd=0.
[65983742] enter to dly_tsk dlytim=10.
[65984140] task 1 becomes WAITING.
[65984302] dispatch from task 1.
[65984449] dispatch to task 2.
[66209047] enter to int handler 5.
[66209271] leave from int handler 5.
[66435505] enter to int handler 5.
[66435729] leave from int handler 5.
[66661964] enter to int handler 5.
[66662188] leave from int handler 5.
[66753614] enter to int handler 2.
[66753890] enter to isig_sem semid=1.
[66754117] task 5 becomes RUNNABLE.
[66754327] leave from isig_sem ercd=0.
[66754551] leave from int handler 2.
[66754805] dispatch from task 2.
[66754952] dispatch to task 5.
[66755611] task 5 becomes WAITING.
[66755773] dispatch from task 5.
[66755920] dispatch to task 2.
[66888511] enter to int handler 5.
[66888735] leave from int handler 5.
[67114971] enter to int handler 5.
[67115195] leave from int handler 5.
[67341429] enter to int handler 5.
[67341653] leave from int handler 5.
[67385742] task1 is running (010).   |
[67567659] enter to int handler 5.
[67567883] leave from int handler 5.
[67681077] enter to int handler 2.
[67681353] enter to isig_sem semid=1.
[67681580] task 5 becomes RUNNABLE.
[67681790] leave from isig_sem ercd=0.
[67682014] leave from int handler 2.
[67682268] dispatch from task 2.
[67682415] dispatch to task 5.
[67683082] task 5 becomes WAITING.
[67683244] dispatch from task 5.
[67683391] dispatch to task 2.
[67794203] enter to int handler 5.
[67794427] leave from int handler 5.
[68020661] enter to int handler 5.
[68020885] leave from int handler 5.
[68247121] enter to int handler 5.
[68247345] leave from int handler 5.
[68473581] enter to int handler 5.
[68473842] task 1 becomes RUNNABLE.
[68474083] leave from int handler 5.
[68474337] dispatch from task 2.
[68474484] dispatch to task 1.
[68474649] leave from dly_tsk ercd=0.
[68487096] enter to dly_tsk dlytim=10.
[68487494] task 1 becomes WAITING.
[68487656] dispatch from task 1.
[68487803] dispatch to task 2.
[68698435] enter to int handler 5.
[68698659] leave from int handler 5.
[68924893] enter to int handler 5.
[68925117] leave from int handler 5.
[69151353] enter to int handler 5.
[69151577] leave from int handler 5.
[69377813] enter to int handler 5.
[69378037] leave from int handler 5.
[69604271] enter to int handler 5.
[69604495] leave from int handler 5.
[69830730] enter to int handler 5.
[69830954] leave from int handler 5.
[70057190] enter to int handler 5.
[70057414] leave from int handler 5.
[70283648] enter to int handler 5.
[70283872] leave from int handler 5.
[70510108] enter to int handler 5.
[70510332] leave from int handler 5.
[70736568] enter to int handler 5.
[70736792] leave from int handler 5.
[70963026] enter to int handler 5.
[70963287] task 1 becomes RUNNABLE.
[70963528] leave from int handler 5.
[70963782] dispatch from task 2.
[70963929] dispatch to task 1.
[70964094] leave from dly_tsk ercd=0.
[70964304] enter to dly_tsk dlytim=10.
[70964702] task 1 becomes WAITING.
[70964864] dispatch from task 1.
[70965011] dispatch to task 2.
[71189608] enter to int handler 5.
[71189832] leave from int handler 5.
[71313495] #1#ext_tsk()
[71313743] enter to ext_tsk.
[71314012] task 2 becomes DORMANT.
[71314157] dispatch from task 2.
[71314304] dispatch to task 3.
[71314475] leave from slp_tsk ercd=0.
[71315130] task2 is running (004).     +
[71415827] enter to int handler 5.
[71416051] leave from int handler 5.
[71642286] enter to int handler 5.
[71642510] leave from int handler 5.
[71868746] enter to int handler 5.
[71868970] leave from int handler 5.
[72095204] enter to int handler 5.
[72095428] leave from int handler 5.
[72321664] enter to int handler 5.
[72321888] leave from int handler 5.
[72548124] enter to int handler 5.
[72548348] leave from int handler 5.
[72774582] enter to int handler 5.
[72774806] leave from int handler 5.
[73001041] enter to int handler 5.
[73001265] leave from int handler 5.
[73227501] enter to int handler 5.
[73227725] leave from int handler 5.
[73453959] enter to int handler 5.
[73454220] task 1 becomes RUNNABLE.
[73454461] leave from int handler 5.
[73454715] dispatch from task 3.
[73454862] dispatch to task 1.
[73455027] leave from dly_tsk ercd=0.
[73474038] enter to dly_tsk dlytim=10.
[73474436] task 1 becomes WAITING.
[73474598] dispatch from task 1.
[73474745] dispatch to task 3.
[73677941] enter to int handler 5.
[73678165] leave from int handler 5.
[73758760] enter to int handler 2.
[73759036] enter to isig_sem semid=1.
[73759263] task 5 becomes RUNNABLE.
[73759473] leave from isig_sem ercd=0.
[73759697] leave from int handler 2.
[73759951] dispatch from task 3.
[73760098] dispatch to task 5.
[73760757] task 5 becomes WAITING.
[73760919] dispatch from task 5.
[73761066] dispatch to task 3.
[73904487] enter to int handler 5.
[73904711] leave from int handler 5.
[74130945] enter to int handler 5.
[74131169] leave from int handler 5.
[74357405] enter to int handler 5.
[74357629] leave from int handler 5.
[74462757] enter to int handler 2.
[74463033] enter to isig_sem semid=1.
[74463260] task 5 becomes RUNNABLE.
[74463470] leave from isig_sem ercd=0.
[74463694] leave from int handler 2.
[74463948] dispatch from task 3.
[74464095] dispatch to task 5.
[74464762] task 5 becomes WAITING.
[74464924] dispatch from task 5.
[74465071] dispatch to task 3.
[74583949] enter to int handler 5.
[74584173] leave from int handler 5.
[74810407] enter to int handler 5.
[74810631] leave from int handler 5.
[75036867] enter to int handler 5.
[75037091] leave from int handler 5.
[75250298] #2#ext_tsk()
[75250546] enter to ext_tsk.
[75250815] task 3 becomes DORMANT.
[75250960] dispatch from task 3.
[75251107] dispatch to task 4.
[75251278] leave from slp_tsk ercd=0.
[75251933] task3 is running (005).       *
[75263087] enter to int handler 5.
[75263311] leave from int handler 5.
[75489546] enter to int handler 5.
[75489770] leave from int handler 5.
[75716006] enter to int handler 5.
[75716230] leave from int handler 5.
[75942464] enter to int handler 5.
[75942725] task 1 becomes RUNNABLE.
[75942966] leave from int handler 5.
[75943220] dispatch from task 4.
[75943367] dispatch to task 1.
[75943532] leave from dly_tsk ercd=0.
[75963360] enter to dly_tsk dlytim=10.
[75963758] task 1 becomes WAITING.
[75963920] dispatch from task 1.
[75964067] dispatch to task 4.
[76166340] enter to int handler 5.
[76166564] leave from int handler 5.
[76392798] enter to int handler 5.
[76393022] leave from int handler 5.
[76619257] enter to int handler 5.
[76619481] leave from int handler 5.
[76845717] enter to int handler 5.
[76845941] leave from int handler 5.
[77072175] enter to int handler 5.
[77072399] leave from int handler 5.
[77298635] enter to int handler 5.
[77298859] leave from int handler 5.
[77525095] enter to int handler 5.
[77525319] leave from int handler 5.
[77751553] enter to int handler 5.
[77751777] leave from int handler 5.
[77978012] enter to int handler 5.
[77978236] leave from int handler 5.
[78204472] enter to int handler 5.
[78204696] leave from int handler 5.
[78430930] enter to int handler 5.
[78431191] task 1 becomes RUNNABLE.
[78431432] leave from int handler 5.
[78431686] dispatch from task 4.
[78431833] dispatch to task 1.
[78431998] leave from dly_tsk ercd=0.
[78432208] enter to dly_tsk dlytim=10.
[78432606] task 1 becomes WAITING.
[78432768] dispatch from task 1.
[78432915] dispatch to task 4.
[78657512] enter to int handler 5.
[78657736] leave from int handler 5.
[78883972] enter to int handler 5.
[78884196] leave from int handler 5.
[79110430] enter to int handler 5.
[79110654] leave from int handler 5.
[79185300] task3 is running (006).       *
[79336660] enter to int handler 5.
[79336884] leave from int handler 5.
[79563120] enter to int handler 5.
[79563344] leave from int handler 5.
[79734549] enter to int handler 2.
[79734825] enter to isig_sem semid=1.
[79735052] task 5 becomes RUNNABLE.
[79735262] leave from isig_sem ercd=0.
[79735486] leave from int handler 2.
[79735740] dispatch from task 4.
[79735887] dispatch to task 5.
[79736546] task 5 becomes WAITING.
[79736708] dispatch from task 5.
[79736855] dispatch to task 4.
[79789667] enter to int handler 5.
[79789891] leave from int handler 5.
[80016125] enter to int handler 5.
[80016349] leave from int handler 5.
[80242584] enter to int handler 5.
[80242808] leave from int handler 5.
[80469044] enter to int handler 5.
[80469268] leave from int handler 5.
[80695502] enter to int handler 5.
[80695726] leave from int handler 5.
[80795771] enter to int handler 2.
[80796047] enter to isig_sem semid=1.
[80796274] task 5 becomes RUNNABLE.
[80796484] leave from isig_sem ercd=0.
[80796708] leave from int handler 2.
[80796962] dispatch from task 4.
[80797109] dispatch to task 5.
[80797776] task 5 becomes WAITING.
[80797938] dispatch from task 5.
[80798085] dispatch to task 4.
[80922046] enter to int handler 5.
[80922307] task 1 becomes RUNNABLE.
[80922548] leave from int handler 5.
[80922802] dispatch from task 4.
[80922949] dispatch to task 1.
[80923114] leave from dly_tsk ercd=0.
[80937146] enter to dly_tsk dlytim=10.
[80937544] task 1 becomes WAITING.
[80937706] dispatch from task 1.
[80937853] dispatch to task 4.
[81146705] enter to int handler 5.
[81146929] leave from int handler 5.
[81373165] enter to int handler 5.
[81373389] leave from int handler 5.
[81599623] enter to int handler 5.
[81599847] leave from int handler 5.
[81826082] enter to int handler 5.
[81826306] leave from int handler 5.
[82052542] enter to int handler 5.
[82052766] leave from int handler 5.
[82279000] enter to int handler 5.
[82279224] leave from int handler 5.
[82505460] enter to int handler 5.
[82505684] leave from int handler 5.
[82731920] enter to int handler 5.
[82732144] leave from int handler 5.
[82958378] enter to int handler 5.
[82958602] leave from int handler 5.
[83115489] #3#ext_tsk()
[83115737] enter to ext_tsk.
[83116029] task 4 becomes DORMANT.
[83116174] dispatch from task 4.
[83170512] enter to int handler 5.
[83170736] leave from int handler 5.
[83349808] enter to int handler 5.
[83350069] task 1 becomes RUNNABLE.
[83350306] leave from int handler 5.
[83350548] dispatch to task 1.
[83350713] leave from dly_tsk ercd=0.
[83356714] enter to dly_tsk dlytim=10.
[83357061] task 1 becomes WAITING.
[83357223] dispatch from task 1.
[83530037] enter to int handler 5.
[83530261] leave from int handler 5.
[83709321] enter to int handler 5.
[83709545] leave from int handler 5.
[83888605] enter to int handler 5.
[83888829] leave from int handler 5.
[84067890] enter to int handler 5.
[84068114] leave from int handler 5.
[84247185] enter to int handler 5.
[84247409] leave from int handler 5.
[84426469] enter to int handler 5.
[84426693] leave from int handler 5.
[84605753] enter to int handler 5.
[84605977] leave from int handler 5.
[84785049] enter to int handler 5.
[84785273] leave from int handler 5.
[84964333] enter to int handler 5.
[84964557] leave from int handler 5.
[85143617] enter to int handler 5.
[85143841] leave from int handler 5.
[85322902] enter to int handler 5.
[85323163] task 1 becomes RUNNABLE.
[85323400] leave from int handler 5.
[85323641] dispatch to task 1.
[85323806] leave from dly_tsk ercd=0.
[85324016] enter to dly_tsk dlytim=10.
[85324363] task 1 becomes WAITING.
[85324525] dispatch from task 1.
[85502547] enter to int handler 5.
[85502771] leave from int handler 5.
[85681843] enter to int handler 5.
[85682067] leave from int handler 5.
[85861127] enter to int handler 5.
[85861351] leave from int handler 5.
[86040411] enter to int handler 5.
[86040635] leave from int handler 5.
[86219696] enter to int handler 5.
[86219920] leave from int handler 5.
[86398991] enter to int handler 5.
[86399215] leave from int handler 5.
[86578275] enter to int handler 5.
[86578499] leave from int handler 5.
[86757559] enter to int handler 5.
[86757783] leave from int handler 5.
[86936855] enter to int handler 5.
[86937079] leave from int handler 5.
[87116139] enter to int handler 5.
[87116363] leave from int handler 5.
[87295423] enter to int handler 5.
[87295684] task 1 becomes RUNNABLE.
[87295921] leave from int handler 5.
[87296163] dispatch to task 1.
[87296328] leave from dly_tsk ercd=0.
[87296538] enter to dly_tsk dlytim=10.
[87296885] task 1 becomes WAITING.
[87297047] dispatch from task 1.
[87475069] enter to int handler 5.
[87475293] leave from int handler 5.
[87654353] enter to int handler 5.
[87654577] leave from int handler 5.
[87833649] enter to int handler 5.
[87833873] leave from int handler 5.
[88012933] enter to int handler 5.
[88013157] leave from int handler 5.
[88192217] enter to int handler 5.
[88192441] leave from int handler 5.
[88371502] enter to int handler 5.
[88371726] leave from int handler 5.
[88550797] enter to int handler 5.
[88551021] leave from int handler 5.
[88730081] enter to int handler 5.
[88730305] leave from int handler 5.
[88909365] enter to int handler 5.
[88909589] leave from int handler 5.
[89088661] enter to int handler 5.
[89088885] leave from int handler 5.
[89267945] enter to int handler 5.
[89268206] task 1 becomes RUNNABLE.
[89268443] leave from int handler 5.
[89268685] dispatch to task 1.
[89268850] leave from dly_tsk ercd=0.
[89269060] enter to dly_tsk dlytim=10.
[89269407] task 1 becomes WAITING.
[89269569] dispatch from task 1.
[89447591] enter to int handler 5.
[89447815] leave from int handler 5.
[89626875] enter to int handler 5.
[89627099] leave from int handler 5.
[89806159] enter to int handler 5.
[89806383] leave from int handler 5.
[89985455] enter to int handler 5.
[89985679] leave from int handler 5.
[90164739] enter to int handler 5.
[90164963] leave from int handler 5.
[90344023] enter to int handler 5.
[90344247] leave from int handler 5.
[90523308] enter to int handler 5.
[90523532] leave from int handler 5.
[90702603] enter to int handler 5.
[90702827] leave from int handler 5.
[90881887] enter to int handler 5.
[90882111] leave from int handler 5.
[91061171] enter to int handler 5.
[91061395] leave from int handler 5.
[91240467] enter to int handler 5.
[91240728] task 1 becomes RUNNABLE.
[91240965] leave from int handler 5.
[91241207] dispatch to task 1.
[91241372] leave from dly_tsk ercd=0.
[91241582] enter to dly_tsk dlytim=10.
[91241929] task 1 becomes WAITING.
[91242091] dispatch from task 1.
[91420102] enter to int handler 5.
[91420326] leave from int handler 5.
[91599397] enter to int handler 5.
[91599621] leave from int handler 5.
[91778681] enter to int handler 5.
[91778905] leave from int handler 5.
[91957965] enter to int handler 5.
[91958189] leave from int handler 5.
[92137261] enter to int handler 5.
[92137485] leave from int handler 5.
[92316545] enter to int handler 5.
[92316769] leave from int handler 5.
[92495829] enter to int handler 5.
[92496053] leave from int handler 5.
[92675114] enter to int handler 5.
[92675338] leave from int handler 5.
[92854409] enter to int handler 5.
[92854633] leave from int handler 5.
[93033693] enter to int handler 5.
[93033917] leave from int handler 5.
[93120302] enter to int handler 2.
[93120578] enter to isig_sem semid=1.
[93120805] task 5 becomes RUNNABLE.
[93121011] leave from isig_sem ercd=0.
[93121235] leave from int handler 2.
[93121476] dispatch to task 5.
[93122076] Sample program ends.
[93122323] enter to ext_ker.
[9379610] applog str : ID 1 : foo.
[33796100] applog str : ID 1 : bar.
[63796100] applog str : ID 1 : baz.
[15379610] applog str : ID 2 : hoge.
[39796100] applog str : ID 2 : fuga.
[70796100] applog str : ID 2 : piyo.
[10379610] applog strtask : TASK 1 : FOO.
[36796100] applog strtask : TASK 1 : BAR.
[69796100] applog strtask : TASK 1 : BAZ.
[18379610] applog strtask : TASK 2 : HOGE.
[42796100] applog strtask : TASK 2 : FUGA.
[77796100] applog strtask : TASK 2 : PIYO.
[13379610] applog state : ID 1 : 0.
[26796100] applog state : ID 1 : 1.
