time=714us MainCom->SubCom.enter(open)
time=21780us SubCom->SubsubCom.enter(open)
time=30778us SubCom->SubsubCom.leave(open; retval=0)
time=44866us MainCom->SubCom.leave(open; retval=0)
time=50868us MainCom->SubCom.enter(read; len=1)
time=54892us MainCom->SubCom.leave(read; retval=0; buf=65)
time=58837us MainCom->SubCom.enter(read; len=1)
time=68860us MainCom->SubCom.leave(read; retval=0; buf=66)
time=72757us MainCom->SubCom.enter(read; len=1)
time=82780us MainCom->SubCom.leave(read; retval=0; buf=67)
time=86677us MainCom->SubCom.enter(read; len=1)
time=96699us MainCom->SubCom.leave(read; retval=0; buf=68)
time=99938us MainCom->SubCom.enter(read; len=1)
time=113855us SubCom->SubsubCom.enter(write; buf=0; len=1)
time=116857us SubCom->SubsubCom.leave(write; retval=0)
time=119731us SubCom->SubsubCom.enter(write; buf=227; len=1)
time=129733us SubCom->SubsubCom.leave(write; retval=0)
time=130826us SubCom->SubsubCom.enter(write; buf=64; len=1)
time=140828us SubCom->SubsubCom.leave(write; retval=0)
time=146702us SubCom->SubsubCom.enter(write; buf=208; len=1)
time=156704us SubCom->SubsubCom.leave(write; retval=0)
time=161919us SubCom->SubsubCom.enter(write; buf=159; len=1)
time=171921us SubCom->SubsubCom.leave(write; retval=0)
time=187794us SubCom->SubsubCom.enter(write; buf=229; len=1)
time=207796us SubCom->SubsubCom.leave(write; retval=0)
time=213669us SubCom->SubsubCom.enter(write; buf=0; len=1)
time=223671us SubCom->SubsubCom.leave(write; retval=0)
time=238882us SubCom->SubsubCom.enter(write; buf=0; len=1)
time=248884us SubCom->SubsubCom.leave(write; retval=0)
time=254754us SubCom->SubsubCom.enter(write; buf=0; len=1)
time=264756us SubCom->SubsubCom.leave(write; retval=0)
time=269965us SubCom->SubsubCom.enter(write; buf=80; len=1)
time=279967us SubCom->SubsubCom.leave(write; retval=0)
time=281960us MainCom->SubCom.leave(read; retval=0; buf=69)
time=285836us MainCom->SubCom.enter(read; len=1)
time=295857us MainCom->SubCom.leave(read; retval=0; buf=70)
time=305815us MainCom->SubCom.enter(read; len=1)
time=315835us MainCom->SubCom.leave(read; retval=0; buf=71)
time=325793us MainCom->SubCom.enter(read; len=1)
time=335813us MainCom->SubCom.leave(read; retval=0; buf=72)
time=345770us MainCom->SubCom.enter(read; len=1)
time=355789us MainCom->SubCom.leave(read; retval=0; buf=73)
time=365745us MainCom->SubCom.enter(read; len=1)
time=385720us SubCom->SubsubCom.enter(close)
time=395721us SubCom->SubsubCom.leave(close; retval=0)
time=401004us MainCom->SubCom.leave(read; retval=0; buf=74)
time=405723us MainCom->SubCom.enter(close)
time=415790us MainCom->SubCom.leave(close; retval=0)
