[2000] dispatch to task 1.
[2000] enter to ena_int intno=2.
[2000] leave to ena_int ercd=0.
[2000] enter to dly_tsk dlytim=10.
[2000] task 1 becomes WAITING.
[2000] dispatch to task 5.
[2000] enter to act_tsk tskid=2.
[2000] task 2 becomes RUNNABLE.
[2000] leave to act_tsk ercd=0.
[2000] enter to act_tsk tskid=3.
[2000] task 3 becomes RUNNABLE.
[2000] leave to act_tsk ercd=0.
[2000] enter to act_tsk tskid=4.
[2000] task 4 becomes RUNNABLE.
[2000] leave to act_tsk ercd=0.
[2000] enter to dly_tsk dlytim=40.
[2000] task 5 becomes WAITING.
[2000] dispatch to task 2.
[2000] enter to ena_tex.
[2000] leave to ena_tex ercd=0
[12000] task 1 becomes RUNNABLE.
[13000] dispatch to task 1.
[13000] leave to dly_tsk ercd=0.
[13000] enter to dly_tsk dlytim=10.
[13000] task 1 becomes WAITING.
[13000] dispatch to task 2.
[23000] task 1 becomes RUNNABLE.
[24000] dispatch to task 1.
[24000] leave to dly_tsk ercd=0.
[24000] enter to dly_tsk dlytim=10.
[24000] task 1 becomes WAITING.
[24000] dispatch to task 2.
[34000] task 1 becomes RUNNABLE.
[35000] dispatch to task 1.
[35000] leave to dly_tsk ercd=0.
[35000] enter to dly_tsk dlytim=10.
[35000] task 1 becomes WAITING.
[35000] dispatch to task 2.
[42000] task 5 becomes RUNNABLE.
[43000] dispatch to task 5.
[43000] leave to dly_tsk ercd=0.
[43000] enter to dly_tsk dlytim=40.
[43000] task 5 becomes WAITING.
[43000] dispatch to task 3.
[43000] enter to ena_tex.
[43000] leave to ena_tex ercd=0
[45000] task 1 becomes RUNNABLE.
[46000] dispatch to task 1.
[46000] leave to dly_tsk ercd=0.
[46000] enter to dly_tsk dlytim=10.
[46000] task 1 becomes WAITING.
[46000] dispatch to task 3.
[56000] task 1 becomes RUNNABLE.
[57000] dispatch to task 1.
[57000] leave to dly_tsk ercd=0.
[57000] enter to dly_tsk dlytim=10.
[57000] task 1 becomes WAITING.
[57000] dispatch to task 3.
[67000] task 1 becomes RUNNABLE.
[68000] dispatch to task 1.
[68000] leave to dly_tsk ercd=0.
[68000] enter to dly_tsk dlytim=10.
[68000] task 1 becomes WAITING.
[68000] dispatch to task 3.
[78000] task 1 becomes RUNNABLE.
[79000] dispatch to task 1.
[79000] leave to dly_tsk ercd=0.
[79000] enter to dly_tsk dlytim=10.
[79000] task 1 becomes WAITING.
[79000] dispatch to task 3.
[83000] task 5 becomes RUNNABLE.
[84000] dispatch to task 5.
[84000] leave to dly_tsk ercd=0.
[84000] enter to dly_tsk dlytim=40.
[84000] task 5 becomes WAITING.
[84000] dispatch to task 4.
[84000] enter to ena_tex.
[84000] leave to ena_tex ercd=0
[89000] task 1 becomes RUNNABLE.
[90000] dispatch to task 1.
[90000] leave to dly_tsk ercd=0.
[90000] enter to dly_tsk dlytim=10.
[90000] task 1 becomes WAITING.
[90000] dispatch to task 4.
[100000] task 1 becomes RUNNABLE.
[101000] dispatch to task 1.
[101000] leave to dly_tsk ercd=0.
[101000] enter to dly_tsk dlytim=10.
[101000] task 1 becomes WAITING.
[101000] dispatch to task 4.
[111000] task 1 becomes RUNNABLE.
[112000] dispatch to task 1.
[112000] leave to dly_tsk ercd=0.
[112000] enter to dly_tsk dlytim=10.
[112000] task 1 becomes WAITING.
[112000] dispatch to task 4.
[122000] task 1 becomes RUNNABLE.
[123000] dispatch to task 1.
[123000] leave to dly_tsk ercd=0.
[123000] enter to dly_tsk dlytim=10.
[123000] task 1 becomes WAITING.
[123000] dispatch to task 4.
[124000] task 5 becomes RUNNABLE.
[125000] dispatch to task 5.
[125000] leave to dly_tsk ercd=0.
[125000] enter to dly_tsk dlytim=40.
[125000] task 5 becomes WAITING.
[125000] dispatch to task 2.
[133000] task 1 becomes RUNNABLE.
[134000] dispatch to task 1.
[134000] leave to dly_tsk ercd=0.
[134000] enter to dly_tsk dlytim=10.
[134000] task 1 becomes WAITING.
[134000] dispatch to task 2.
[144000] task 1 becomes RUNNABLE.
[145000] dispatch to task 1.
[145000] leave to dly_tsk ercd=0.
[145000] enter to dly_tsk dlytim=10.
[145000] task 1 becomes WAITING.
[145000] dispatch to task 2.
[155000] task 1 becomes RUNNABLE.
[156000] dispatch to task 1.
[156000] leave to dly_tsk ercd=0.
[156000] enter to dly_tsk dlytim=10.
[156000] task 1 becomes WAITING.
[156000] dispatch to task 2.
[165000] task 5 becomes RUNNABLE.
[166000] dispatch to task 5.
[166000] leave to dly_tsk ercd=0.
[166000] enter to dly_tsk dlytim=40.
[166000] task 5 becomes WAITING.
[166000] dispatch to task 2.
[166000] enter to slp_tsk.
[166000] task 2 becomes WAITING.
[166000] dispatch to task 3.
[166000] task 1 becomes RUNNABLE.
[167000] dispatch to task 1.
[167000] leave to dly_tsk ercd=0.
[167000] enter to dly_tsk dlytim=10.
[167000] task 1 becomes WAITING.
[167000] dispatch to task 3.
[177000] task 1 becomes RUNNABLE.
[178000] dispatch to task 1.
[178000] leave to dly_tsk ercd=0.
[178000] enter to dly_tsk dlytim=10.
[178000] task 1 becomes WAITING.
[178000] dispatch to task 3.
[188000] task 1 becomes RUNNABLE.
[189000] dispatch to task 1.
[189000] leave to dly_tsk ercd=0.
[189000] enter to dly_tsk dlytim=10.
[189000] task 1 becomes WAITING.
[189000] dispatch to task 3.
[199000] task 1 becomes RUNNABLE.
[200000] dispatch to task 1.
[200000] leave to dly_tsk ercd=0.
[200000] enter to dly_tsk dlytim=10.
[200000] task 1 becomes WAITING.
[200000] dispatch to task 3.
[206000] task 5 becomes RUNNABLE.
[207000] dispatch to task 5.
[207000] leave to dly_tsk ercd=0.
[207000] enter to dly_tsk dlytim=40.
[207000] task 5 becomes WAITING.
[207000] dispatch to task 3.
[207000] enter to slp_tsk.
[207000] task 3 becomes WAITING.
[207000] dispatch to task 4.
[210000] task 1 becomes RUNNABLE.
[211000] dispatch to task 1.
[211000] leave to dly_tsk ercd=0.
[211000] enter to dly_tsk dlytim=10.
[211000] task 1 becomes WAITING.
[211000] dispatch to task 4.
[221000] task 1 becomes RUNNABLE.
[222000] dispatch to task 1.
[222000] leave to dly_tsk ercd=0.
[222000] enter to dly_tsk dlytim=10.
[222000] task 1 becomes WAITING.
[222000] dispatch to task 4.
[232000] task 1 becomes RUNNABLE.
[233000] dispatch to task 1.
[233000] leave to dly_tsk ercd=0.
[233000] enter to dly_tsk dlytim=10.
[233000] task 1 becomes WAITING.
[233000] dispatch to task 4.
[243000] task 1 becomes RUNNABLE.
[244000] dispatch to task 1.
[244000] leave to dly_tsk ercd=0.
[244000] enter to dly_tsk dlytim=10.
[244000] task 1 becomes WAITING.
[244000] dispatch to task 4.
[247000] task 5 becomes RUNNABLE.
[248000] dispatch to task 5.
[248000] leave to dly_tsk ercd=0.
[248000] enter to dly_tsk dlytim=40.
[248000] task 5 becomes WAITING.
[248000] dispatch to task 4.
[248000] enter to slp_tsk.
[248000] task 4 becomes WAITING.
[254000] task 1 becomes RUNNABLE.
[255000] dispatch to task 1.
[255000] leave to dly_tsk ercd=0.
[255000] enter to dly_tsk dlytim=10.
[255000] task 1 becomes WAITING.
[265000] task 1 becomes RUNNABLE.
[266000] dispatch to task 1.
[266000] leave to dly_tsk ercd=0.
[266000] enter to dly_tsk dlytim=10.
[266000] task 1 becomes WAITING.
[276000] task 1 becomes RUNNABLE.
[277000] dispatch to task 1.
[277000] leave to dly_tsk ercd=0.
[277000] enter to dly_tsk dlytim=10.
[277000] task 1 becomes WAITING.
[287000] task 1 becomes RUNNABLE.
[288000] dispatch to task 1.
[288000] leave to dly_tsk ercd=0.
[288000] enter to dly_tsk dlytim=10.
[288000] task 1 becomes WAITING.
[288000] task 5 becomes RUNNABLE.
[289000] dispatch to task 5.
[289000] leave to dly_tsk ercd=0.
[289000] enter to wup_tsk tskid=2.
[289000] task 2 becomes RUNNABLE.
[289000] leave to wup_tsk ercd=0.
[289000] enter to wup_tsk tskid=3.
[289000] task 3 becomes RUNNABLE.
[289000] leave to wup_tsk ercd=0.
[289000] enter to wup_tsk tskid=4.
[289000] task 4 becomes RUNNABLE.
[289000] leave to wup_tsk ercd=0.
[289000] enter to dly_tsk dlytim=40.
[289000] task 5 becomes WAITING.
[289000] dispatch to task 2.
[289000] leave to slp_tsk ercd=0.
[298000] task 1 becomes RUNNABLE.
[299000] dispatch to task 1.
[299000] leave to dly_tsk ercd=0.
[299000] enter to dly_tsk dlytim=10.
[299000] task 1 becomes WAITING.
[299000] dispatch to task 2.
[309000] task 1 becomes RUNNABLE.
[310000] dispatch to task 1.
[310000] leave to dly_tsk ercd=0.
[310000] enter to dly_tsk dlytim=10.
[310000] task 1 becomes WAITING.
[310000] dispatch to task 2.
[320000] task 1 becomes RUNNABLE.
[321000] dispatch to task 1.
[321000] leave to dly_tsk ercd=0.
[321000] enter to dly_tsk dlytim=10.
[321000] task 1 becomes WAITING.
[321000] dispatch to task 2.
[329000] task 5 becomes RUNNABLE.
[330000] dispatch to task 5.
[330000] leave to dly_tsk ercd=0.
[330000] enter to dly_tsk dlytim=40.
[330000] task 5 becomes WAITING.
[330000] dispatch to task 2.
[330000] enter to ext_tsk.
[330000] task 2 becomes DORMANT.
[330000] dispatch to task 3.
[330000] leave to slp_tsk ercd=0.
[331000] task 1 becomes RUNNABLE.
[332000] dispatch to task 1.
[332000] leave to dly_tsk ercd=0.
[332000] enter to dly_tsk dlytim=10.
[332000] task 1 becomes WAITING.
[332000] dispatch to task 3.
[342000] task 1 becomes RUNNABLE.
[343000] dispatch to task 1.
[343000] leave to dly_tsk ercd=0.
[343000] enter to dly_tsk dlytim=10.
[343000] task 1 becomes WAITING.
[343000] dispatch to task 3.
[353000] task 1 becomes RUNNABLE.
[354000] dispatch to task 1.
[354000] leave to dly_tsk ercd=0.
[354000] enter to dly_tsk dlytim=10.
[354000] task 1 becomes WAITING.
[354000] dispatch to task 3.
[364000] task 1 becomes RUNNABLE.
[365000] dispatch to task 1.
[365000] leave to dly_tsk ercd=0.
[365000] enter to dly_tsk dlytim=10.
[365000] task 1 becomes WAITING.
[365000] dispatch to task 3.
[370000] task 5 becomes RUNNABLE.
[371000] dispatch to task 5.
[371000] leave to dly_tsk ercd=0.
[371000] enter to dly_tsk dlytim=40.
[371000] task 5 becomes WAITING.
[371000] dispatch to task 3.
[371000] enter to ext_tsk.
[371000] task 3 becomes DORMANT.
[371000] dispatch to task 4.
[371000] leave to slp_tsk ercd=0.
[375000] task 1 becomes RUNNABLE.
[376000] dispatch to task 1.
[376000] leave to dly_tsk ercd=0.
[376000] enter to dly_tsk dlytim=10.
[376000] task 1 becomes WAITING.
[376000] dispatch to task 4.
[386000] task 1 becomes RUNNABLE.
[387000] dispatch to task 1.
[387000] leave to dly_tsk ercd=0.
[387000] enter to dly_tsk dlytim=10.
[387000] task 1 becomes WAITING.
[387000] dispatch to task 4.
[397000] task 1 becomes RUNNABLE.
[398000] dispatch to task 1.
[398000] leave to dly_tsk ercd=0.
[398000] enter to dly_tsk dlytim=10.
[398000] task 1 becomes WAITING.
[398000] dispatch to task 4.
[408000] task 1 becomes RUNNABLE.
[409000] dispatch to task 1.
[409000] leave to dly_tsk ercd=0.
[409000] enter to dly_tsk dlytim=10.
[409000] task 1 becomes WAITING.
[409000] dispatch to task 4.
[411000] task 5 becomes RUNNABLE.
[412000] dispatch to task 5.
[412000] leave to dly_tsk ercd=0.
[412000] enter to dly_tsk dlytim=40.
[412000] task 5 becomes WAITING.
[412000] dispatch to task 4.
[412000] enter to ext_tsk.
[412000] task 4 becomes DORMANT.
[419000] task 1 becomes RUNNABLE.
[420000] dispatch to task 1.
[420000] leave to dly_tsk ercd=0.
[420000] enter to dly_tsk dlytim=10.
[420000] task 1 becomes WAITING.
[430000] task 1 becomes RUNNABLE.
[431000] dispatch to task 1.
[431000] leave to dly_tsk ercd=0.
[431000] enter to dly_tsk dlytim=10.
[431000] task 1 becomes WAITING.
[441000] task 1 becomes RUNNABLE.
[442000] dispatch to task 1.
[442000] leave to dly_tsk ercd=0.
[442000] enter to dly_tsk dlytim=10.
[442000] task 1 becomes WAITING.
[452000] task 5 becomes RUNNABLE.
[452000] task 1 becomes RUNNABLE.
[453000] dispatch to task 1.
[453000] leave to dly_tsk ercd=0.
[453000] enter to dly_tsk dlytim=10.
[453000] task 1 becomes WAITING.
[453000] dispatch to task 5.
[453000] leave to dly_tsk ercd=0.