This is pTeX, Version 3.141592-p3.1.10 (utf8.sjis) (Web2C 7.5.4) (format=platex 2009.1.6)  3 FEB 2009 13:40
**goto-thesis-abstract.tex
(./goto-thesis-abstract.tex
pLaTeX2e <2006/11/10>+0 (based on LaTeX2e <2003/12/01> patch level 0)
(/usr/local/teTeX/share/texmf/ptex/platex/base/jreport.cls
Document Class: jreport 2006/06/27 v1.6 Standard pLaTeX class
\c@@paper=\count81
(/usr/local/teTeX/share/texmf/ptex/platex/base/jsize12.clo
File: jsize12.clo 2006/06/27 v1.6 Standard pLaTeX file (size option)
)
\c@part=\count82
\c@chapter=\count83
\c@section=\count84
\c@subsection=\count85
\c@subsubsection=\count86
\c@paragraph=\count87
\c@subparagraph=\count88
\c@figure=\count89
\c@table=\count90
\abovecaptionskip=\skip41
\belowcaptionskip=\skip42
\symmincho=\mathgroup4
LaTeX Font Info:    Overwriting symbol font `mincho' in version `bold'
(Font)                  JY1/mc/m/n --> JY1/gt/m/n on input line 677.
\toclineskip=\dimen118
\@lnumwidth=\dimen119
\bibindent=\dimen120
\heisei=\count91
)
(/usr/local/teTeX/share/texmf-dist/tex/latex/graphics/graphicx.sty
Package: graphicx 1999/02/16 v1.0f Enhanced LaTeX Graphics (DPC,SPQR)

(/usr/local/teTeX/share/texmf-dist/tex/latex/graphics/keyval.sty
Package: keyval 1999/03/16 v1.13 key=value parser (DPC)
\KV@toks@=\toks15
)
(/usr/local/teTeX/share/texmf/tex/latex/graphics/dvipdfmx-contrib-latex/graphic
s.sty
Package: graphics 2001/07/07 v1.0n Standard LaTeX Graphics (DPC,SPQR)
 (/usr/local/teTeX/share/texmf-dist/tex/latex/graphics/trig.sty
Package: trig 1999/03/16 v1.09 sin cos tan (DPC)
)
(/usr/local/teTeX/share/texmf-dist/tex/latex/graphics/graphics.cfg
File: graphics.cfg 2005/02/03 v1.3 graphics configuration of teTeX/TeXLive
)
Package graphics Info: Driver file: dvipdfmx.def on input line 81.

(/usr/local/teTeX/share/texmf/tex/latex/graphics/dvipdfmx-contrib-latex/dvipdfm
x.def
File: dvipdfmx.def 1999/02/16 v3.0i Driver-dependant file (DPC,SPQR)
))
\Gin@req@height=\dimen121
\Gin@req@width=\dimen122
) (./mymacros.sty
(/usr/local/teTeX/share/texmf-dist/tex/latex/framed/framed.sty
Package: framed 2003/07/21 v 0.8a: framed or shaded text with page breaks
\FrameRule=\dimen123
\FrameSep=\dimen124
)
(/usr/local/teTeX/share/texmf-dist/tex/latex/fancybox/fancybox.sty
Package: fancybox 2000/09/19 1.3

Style option: `fancybox' v1.3 <2000/09/19> (tvz)
\@fancybox=\box41
\shadowsize=\dimen125
\@Sbox=\box42
\do@VerbBox=\toks16
\the@fancyput=\toks17
\this@fancyput=\toks18
\EndVerbatimTokens=\toks19
\Verbatim@Outfile=\write3
\Verbatim@Infile=\read1
) (./eclbkbox.sty
\bk@bxb=\box43
\bk@bxa=\box44
\bk@lcnt=\count92
)) (/usr/local/teTeX/share/texmf-dist/tex/latex/here/here.sty) (./morefloats.st
y
\bx@S=\insert233
\bx@T=\insert232
\bx@U=\insert231
\bx@V=\insert230
\bx@W=\insert229
\bx@X=\insert228
\bx@Y=\insert227
\bx@Z=\insert226
\bx@AA=\insert225
\bx@BB=\insert224
\bx@CC=\insert223
\bx@DD=\insert222
\bx@EE=\insert221
\bx@FF=\insert220
\bx@GG=\insert219
\bx@HH=\insert218
\bx@II=\insert217
\bx@JJ=\insert216
) (./goto-thesis-abstract.aux)
\openout1 = `goto-thesis-abstract.aux'.

LaTeX Font Info:    Checking defaults for OML/cmm/m/it on input line 35.
LaTeX Font Info:    ... okay on input line 35.
LaTeX Font Info:    Checking defaults for T1/cmr/m/n on input line 35.
LaTeX Font Info:    ... okay on input line 35.
LaTeX Font Info:    Checking defaults for OT1/cmr/m/n on input line 35.
LaTeX Font Info:    ... okay on input line 35.
LaTeX Font Info:    Checking defaults for OMS/cmsy/m/n on input line 35.
LaTeX Font Info:    ... okay on input line 35.
LaTeX Font Info:    Checking defaults for OMX/cmex/m/n on input line 35.
LaTeX Font Info:    ... okay on input line 35.
LaTeX Font Info:    Checking defaults for U/cmr/m/n on input line 35.
LaTeX Font Info:    ... okay on input line 35.
LaTeX Font Info:    Checking defaults for JY1/mc/m/n on input line 35.
LaTeX Font Info:    ... okay on input line 35.
LaTeX Font Info:    Checking defaults for JT1/mc/m/n on input line 35.
LaTeX Font Info:    ... okay on input line 35.
 (./src/abstract_jp.tex)
[1

] (./src/abstract_en.tex) [2] (./goto-thesis-abstract.aux) ) 
Here is how much of TeX's memory you used:
 891 strings out of 94682
 10912 string characters out of 1176943
 65353 words of memory out of 1500000
 4211 multiletter control sequences out of 10000+50000
 10871 words of font info for 44 fonts, out of 1200000 for 2000
 566 hyphenation exceptions out of 8191
 25i,4n,21p,307b,201s stack positions out of 5000i,500n,6000p,200000b,5000s

Output written on goto-thesis-abstract.dvi (2 pages, 10604 bytes).
