time=714us SampleCom->CanSlotRead.enter(open)
time=21778us SampleCom->CanSlotRead.leave(open; retval=0)

time=21780us SampleCom->CanSlotWrite.enter(open)
time=44866us SampleCom->CanSlotWrite.leave(open; retval=0)

time=44868us SampleCom->CanSlotRead.enter(read; len=1)
time=54892us SampleCom->CanSlotRead.leave(read; retval=0; buf=65)

time=58837us SampleCom->CanSlotRead.enter(read; len=1)
time=68860us SampleCom->CanSlotRead.leave(read; retval=0; buf=66)

time=72757us SampleCom->CanSlotRead.enter(read; len=1)
time=82780us SampleCom->CanSlotRead.leave(read; retval=0; buf=67)

time=86677us SampleCom->CanSlotRead.enter(read; len=1)
time=96699us SampleCom->CanSlotRead.leave(read; retval=0; buf=68)

time=99938us SampleCom->CanSlotRead.enter(read; len=1)
time=109960us SampleCom->CanSlotRead.leave(read; retval=0; buf=69)

time=113855us SampleCom->CanSlotWrite.enter(write; buf=0; len=1)
time=116857us SampleCom->CanSlotWrite.leave(write; retval=0)

time=119731us SampleCom->CanSlotWrite.enter(write; buf=227; len=1)
time=129733us SampleCom->CanSlotWrite.leave(write; retval=0)

time=130826us SampleCom->CanSlotWrite.enter(write; buf=64; len=1)
time=140828us SampleCom->CanSlotWrite.leave(write; retval=0)

time=146702us SampleCom->CanSlotWrite.enter(write; buf=208; len=1)
time=156704us SampleCom->CanSlotWrite.leave(write; retval=0)

time=161919us SampleCom->CanSlotWrite.enter(write; buf=159; len=1)
time=171921us SampleCom->CanSlotWrite.leave(write; retval=0)

time=187794us SampleCom->CanSlotWrite.enter(write; buf=229; len=1)
time=207796us SampleCom->CanSlotWrite.leave(write; retval=0)

time=213669us SampleCom->CanSlotWrite.enter(write; buf=0; len=1)
time=223671us SampleCom->CanSlotWrite.leave(write; retval=0)

time=238882us SampleCom->CanSlotWrite.enter(write; buf=0; len=1)
time=248884us SampleCom->CanSlotWrite.leave(write; retval=0)

time=254754us SampleCom->CanSlotWrite.enter(write; buf=0; len=1)
time=264756us SampleCom->CanSlotWrite.leave(write; retval=0)

time=269965us SampleCom->CanSlotWrite.enter(write; buf=80; len=1)
time=279967us SampleCom->CanSlotWrite.leave(write; retval=0)

time=285836us SampleCom->CanSlotRead.enter(read; len=1)
time=295857us SampleCom->CanSlotRead.leave(read; retval=0; buf=70)

time=305815us SampleCom->CanSlotRead.enter(read; len=1)
time=315835us SampleCom->CanSlotRead.leave(read; retval=0; buf=71)

time=325793us SampleCom->CanSlotRead.enter(read; len=1)
time=335813us SampleCom->CanSlotRead.leave(read; retval=0; buf=72)

time=345770us SampleCom->CanSlotRead.enter(read; len=1)
time=355789us SampleCom->CanSlotRead.leave(read; retval=0; buf=73)

time=365745us SampleCom->CanSlotRead.enter(read; len=1)
time=375764us SampleCom->CanSlotRead.leave(read; retval=0; buf=74)

time=385720us SampleCom->CanSlotWrite.enter(close)
time=395721us SampleCom->CanSlotWrite.leave(close; retval=0)

time=405723us SampleCom->CanSlotRead.enter(close)
time=415790us SampleCom->CanSlotRead.leave(close; retval=0)
