time=714us MainCom->SubCom1.enter(open)
time=21778us MainCom->SubCom1.leave(open; retval=0)
time=21780us MainCom->SubCom2.enter(open)
time=44866us MainCom->SubCom2.leave(open; retval=0)
time=44868us MainCom->SubCom1.enter(read; len=1)
time=54892us MainCom->SubCom1.leave(read; retval=0; buf=65)
time=58837us MainCom->SubCom1.enter(read; len=1)
time=68860us MainCom->SubCom1.leave(read; retval=0; buf=66)
time=72757us MainCom->SubCom1.enter(read; len=1)
time=82780us MainCom->SubCom1.leave(read; retval=0; buf=67)
time=86677us MainCom->SubCom1.enter(read; len=1)
time=96699us MainCom->SubCom1.leave(read; retval=0; buf=68)
time=99938us MainCom->SubCom1.enter(read; len=1)
time=109960us MainCom->SubCom1.leave(read; retval=0; buf=69)
time=113855us MainCom->SubCom2.enter(write; buf=0; len=1)
time=116857us MainCom->SubCom2.leave(write; retval=0)
time=119731us MainCom->SubCom2.enter(write; buf=227; len=1)
time=129733us MainCom->SubCom2.leave(write; retval=0)
time=130826us MainCom->SubCom2.enter(write; buf=64; len=1)
time=140828us MainCom->SubCom2.leave(write; retval=0)
time=146702us MainCom->SubCom2.enter(write; buf=208; len=1)
time=156704us MainCom->SubCom2.leave(write; retval=0)
time=161919us MainCom->SubCom2.enter(write; buf=159; len=1)
time=171921us MainCom->SubCom2.leave(write; retval=0)
time=187794us MainCom->SubCom2.enter(write; buf=229; len=1)
time=207796us MainCom->SubCom2.leave(write; retval=0)
time=213669us MainCom->SubCom2.enter(write; buf=0; len=1)
time=223671us MainCom->SubCom2.leave(write; retval=0)
time=238882us MainCom->SubCom2.enter(write; buf=0; len=1)
time=248884us MainCom->SubCom2.leave(write; retval=0)
time=254754us MainCom->SubCom2.enter(write; buf=0; len=1)
time=264756us MainCom->SubCom2.leave(write; retval=0)
time=269965us MainCom->SubCom2.enter(write; buf=80; len=1)
time=279967us MainCom->SubCom2.leave(write; retval=0)
time=285836us MainCom->SubCom1.enter(read; len=1)
time=295857us MainCom->SubCom1.leave(read; retval=0; buf=70)
time=305815us MainCom->SubCom1.enter(read; len=1)
time=315835us MainCom->SubCom1.leave(read; retval=0; buf=71)
time=325793us MainCom->SubCom1.enter(read; len=1)
time=335813us MainCom->SubCom1.leave(read; retval=0; buf=72)
time=345770us MainCom->SubCom1.enter(read; len=1)
time=355789us MainCom->SubCom1.leave(read; retval=0; buf=73)
time=365745us MainCom->SubCom1.enter(read; len=1)
time=375764us MainCom->SubCom1.leave(read; retval=0; buf=74)
time=385720us MainCom->SubCom2.enter(close)
time=395721us MainCom->SubCom2.leave(close; retval=0)
time=405723us MainCom->SubCom1.enter(close)
time=415790us MainCom->SubCom1.leave(close; retval=0)
