[948934]:[1]: Processor 1 start.
[949512]:[2]: Processor 2 start.
[950803]:[1]: local_inirtn exinf = 1, counter = 1
[952171]:[2]: local_inirtn exinf = 2, counter = 2
[954133]:[1]: dispatch to task 1.
[954639]:[1]: enter to ena_int intno=65538.
[954863]:[1]: leave from ena_int ercd=0.
[954123]:[2]: dispatch to task 2.
[954629]:[2]: enter to ena_int intno=131074.
[954853]:[2]: leave from ena_int ercd=0.
[955321]:[1]: System logging task is started on port 1.
[955311]:[2]: System logging task is started on port 2.
[982228]:[2]: enter to dly_tsk dlytim=10.
[982710]:[2]: task 2 becomes WAITING.
[982924]:[2]: dispatch from task 2.
[983100]:[2]: dispatch to task 12.
[983754]:[2]: Server task starts (exinf = 2).
[983018]:[1]: enter to dly_tsk dlytim=10.
[983500]:[1]: task 1 becomes WAITING.
[983714]:[1]: dispatch from task 1.
[983890]:[1]: dispatch to task 7.
[984544]:[1]: Server task starts (exinf = 1).
[984862]:[1]: enter to rcv_dtq dtqid=1. p_data=1643876.
[984132]:[2]: enter to rcv_dtq dtqid=2. p_data=1685940.
[984619]:[2]: task 12 becomes WAITING.
[984852]:[2]: dispatch from task 12.
[985349]:[1]: task 7 becomes WAITING.
[985582]:[1]: dispatch from task 7.
[985758]:[1]: dispatch to task 6.
[985028]:[2]: dispatch to task 11.
[985762]:[2]: Sample program starts (exinf = 2).
[986492]:[1]: Sample program starts (exinf = 1).
[986527]:[2]: enter to act_tsk tskid=8.
[986788]:[2]: task 8 becomes RUNNABLE.
[987257]:[1]: enter to act_tsk tskid=3.
[987518]:[1]: task 3 becomes RUNNABLE.
[987756]:[1]: leave from act_tsk ercd=0.
[987026]:[2]: leave from act_tsk ercd=0.
[987521]:[2]: select tskno 0x21
[988251]:[1]: select tskno 0x11
[988794]:[1]: select cycid 1
[989337]:[1]: select almid 1
[989928]:[1]: select processor 1
[990519]:[1]: select class     1
[990034]:[2]: select cycid 2
[990577]:[2]: select almid 2
[991168]:[2]: select processor 2
[991759]:[2]: select class     2
[991364]:[1]: task 6 becomes WAITING.
[991606]:[1]: dispatch from task 6.
[991782]:[1]: dispatch to task 3.
[991995]:[1]: enter to ena_tex.
[992514]:[2]: task 11 becomes WAITING.
[992756]:[2]: dispatch from task 11.
[992932]:[2]: dispatch to task 8.
[993145]:[2]: enter to ena_tex.
[993415]:[2]: leave from ena_tex ercd=0
[993035]:[1]: leave from ena_tex ercd=0
[993778]:[1]: task1_1 is running (001).   |
[994158]:[2]: task2_1 is running (001).   |
[1158335]:[1]: enter to int handler 5.
[1158648]:[1]: leave from int handler 5.
[1160788]:[2]: enter to int handler 5.
[1161101]:[2]: leave from int handler 5.
[1384760]:[1]: enter to int handler 5.
[1385073]:[1]: leave from int handler 5.
[1387214]:[2]: enter to int handler 5.
[1387527]:[2]: leave from int handler 5.
[1611186]:[1]: enter to int handler 5.
[1611499]:[1]: leave from int handler 5.
[1613640]:[2]: enter to int handler 5.
[1613953]:[2]: leave from int handler 5.
[1837610]:[1]: enter to int handler 5.
[1837923]:[1]: leave from int handler 5.
[1840064]:[2]: enter to int handler 5.
[1840377]:[2]: leave from int handler 5.
[2064036]:[1]: enter to int handler 5.
[2064349]:[1]: leave from int handler 5.
[2066489]:[2]: enter to int handler 5.
[2066802]:[2]: leave from int handler 5.
[2290462]:[1]: enter to int handler 5.
[2290775]:[1]: leave from int handler 5.
[2292915]:[2]: enter to int handler 5.
[2293228]:[2]: leave from int handler 5.
[2516886]:[1]: enter to int handler 5.
[2517199]:[1]: leave from int handler 5.
[2519339]:[2]: enter to int handler 5.
[2519652]:[2]: leave from int handler 5.
[2743311]:[1]: enter to int handler 5.
[2743624]:[1]: leave from int handler 5.
[2745765]:[2]: enter to int handler 5.
[2746078]:[2]: leave from int handler 5.
[2969737]:[1]: enter to int handler 5.
[2970050]:[1]: leave from int handler 5.
[2972191]:[2]: enter to int handler 5.
[2972504]:[2]: leave from int handler 5.
[3196161]:[1]: enter to int handler 5.
[3196474]:[1]: leave from int handler 5.
[3198615]:[2]: enter to int handler 5.
[3198928]:[2]: leave from int handler 5.
[3422587]:[1]: enter to int handler 5.
[3422913]:[1]: task 1 becomes RUNNABLE.
[3423293]:[1]: leave from int handler 5.
[3423647]:[1]: dispatch from task 3.
[3423823]:[1]: dispatch to task 1.
[3424029]:[1]: leave from dly_tsk ercd=0.
[3425040]:[2]: enter to int handler 5.
[3425366]:[2]: task 2 becomes RUNNABLE.
[3425746]:[2]: leave from int handler 5.
[3426100]:[2]: dispatch from task 8.
[3426276]:[2]: dispatch to task 2.
[3426482]:[2]: leave from dly_tsk ercd=0.
[3542281]:[1]: enter to dly_tsk dlytim=10.
[3542770]:[1]: task 1 becomes WAITING.
[3542984]:[1]: dispatch from task 1.
[3543160]:[1]: dispatch to task 3.
[3544735]:[2]: enter to dly_tsk dlytim=10.
[3545224]:[2]: task 2 becomes WAITING.
[3545438]:[2]: dispatch from task 2.
[3545614]:[2]: dispatch to task 8.
[3643252]:[1]: enter to int handler 5.
[3643565]:[1]: leave from int handler 5.
[3645707]:[2]: enter to int handler 5.
[3646020]:[2]: leave from int handler 5.
[3778184]:[1]: enter to int handler 2.
[3778501]:[1]: enter to isig_sem semid=1.
[3778827]:[1]: task 6 becomes RUNNABLE.
[3779138]:[1]: leave from isig_sem ercd=0.
[3779412]:[1]: leave from int handler 2.
[3779766]:[1]: dispatch from task 3.
[3779942]:[1]: dispatch to task 6.
[3780664]:[1]: select tskno 0x11
[3781207]:[1]: select cycid 1
[3781750]:[1]: select almid 1
[3782341]:[1]: select processor 1
[3782932]:[1]: select class     1
[3783687]:[1]: task 6 becomes WAITING.
[3783929]:[1]: dispatch from task 6.
[3784105]:[1]: dispatch to task 3.
[3868952]:[1]: enter to int handler 5.
[3869265]:[1]: leave from int handler 5.
[3872133]:[2]: enter to int handler 5.
[3872446]:[2]: leave from int handler 5.
[4095378]:[1]: enter to int handler 5.
[4095691]:[1]: leave from int handler 5.
[4098557]:[2]: enter to int handler 5.
[4098870]:[2]: leave from int handler 5.
[4321802]:[1]: enter to int handler 5.
[4322115]:[1]: leave from int handler 5.
[4324982]:[2]: enter to int handler 5.
[4325295]:[2]: leave from int handler 5.
[4548228]:[1]: enter to int handler 5.
[4548541]:[1]: leave from int handler 5.
[4551408]:[2]: enter to int handler 5.
[4551721]:[2]: leave from int handler 5.
[4774654]:[1]: enter to int handler 5.
[4774967]:[1]: leave from int handler 5.
[4777832]:[2]: enter to int handler 5.
[4778145]:[2]: leave from int handler 5.
[5001078]:[1]: enter to int handler 5.
[5001391]:[1]: leave from int handler 5.
[5004258]:[2]: enter to int handler 5.
[5004571]:[2]: leave from int handler 5.
[5028543]:[2]: task2_1 is running (002).   |
[5034407]:[1]: task1_1 is running (002).   |
[5227241]:[1]: enter to int handler 5.
[5227554]:[1]: leave from int handler 5.
[5230422]:[2]: enter to int handler 5.
[5230735]:[2]: leave from int handler 5.
[5453667]:[1]: enter to int handler 5.
[5453980]:[1]: leave from int handler 5.
[5456846]:[2]: enter to int handler 5.
[5457159]:[2]: leave from int handler 5.
[5680091]:[1]: enter to int handler 5.
[5680404]:[1]: leave from int handler 5.
[5683271]:[2]: enter to int handler 5.
[5683584]:[2]: leave from int handler 5.
[5906517]:[1]: enter to int handler 5.
[5906843]:[1]: task 1 becomes RUNNABLE.
[5907223]:[1]: leave from int handler 5.
[5907577]:[1]: dispatch from task 3.
[5907753]:[1]: dispatch to task 1.
[5907959]:[1]: leave from dly_tsk ercd=0.
[5909697]:[2]: enter to int handler 5.
[5910023]:[2]: task 2 becomes RUNNABLE.
[5910403]:[2]: leave from int handler 5.
[5910757]:[2]: dispatch from task 8.
[5910933]:[2]: dispatch to task 2.
[5911139]:[2]: leave from dly_tsk ercd=0.
[5930910]:[2]: enter to dly_tsk dlytim=10.
[5931399]:[2]: task 2 becomes WAITING.
[5931613]:[2]: dispatch from task 2.
[5931789]:[2]: dispatch to task 8.
[5983646]:[1]: enter to dly_tsk dlytim=10.
[5984135]:[1]: task 1 becomes WAITING.
[5984349]:[1]: dispatch from task 1.
[5984525]:[1]: dispatch to task 3.
[6129127]:[1]: enter to int handler 5.
[6129440]:[1]: leave from int handler 5.
[6135005]:[2]: enter to int handler 5.
[6135318]:[2]: leave from int handler 5.
[6214665]:[1]: enter to int handler 2.
[6214982]:[1]: enter to isig_sem semid=1.
[6215308]:[1]: task 6 becomes RUNNABLE.
[6215619]:[1]: leave from isig_sem ercd=0.
[6215893]:[1]: leave from int handler 2.
[6216247]:[1]: dispatch from task 3.
[6216423]:[1]: dispatch to task 6.
[6217143]:[1]: select tskno 0x11
[6217686]:[1]: select cycid 1
[6218229]:[1]: select almid 1
[6218820]:[1]: select processor 2
[6219411]:[1]: select class     1
[6220166]:[1]: task 6 becomes WAITING.
[6220408]:[1]: dispatch from task 6.
[6220584]:[1]: dispatch to task 3.
[6354827]:[1]: enter to int handler 5.
[6355140]:[1]: leave from int handler 5.
[6361431]:[2]: enter to int handler 5.
[6361744]:[2]: leave from int handler 5.
[6581253]:[1]: enter to int handler 5.
[6581566]:[1]: leave from int handler 5.
[6587857]:[2]: enter to int handler 5.
[6588170]:[2]: leave from int handler 5.
[6807677]:[1]: enter to int handler 5.
[6807990]:[1]: leave from int handler 5.
[6814281]:[2]: enter to int handler 5.
[6814594]:[2]: leave from int handler 5.
[7034103]:[1]: enter to int handler 5.
[7034416]:[1]: leave from int handler 5.
[7040706]:[2]: enter to int handler 5.
[7041019]:[2]: leave from int handler 5.
[7260529]:[1]: enter to int handler 5.
[7260842]:[1]: leave from int handler 5.
[7267132]:[2]: enter to int handler 5.
[7267445]:[2]: leave from int handler 5.
[7486953]:[1]: enter to int handler 5.
[7487266]:[1]: leave from int handler 5.
[7493556]:[2]: enter to int handler 5.
[7493869]:[2]: leave from int handler 5.
[7713378]:[1]: enter to int handler 5.
[7713691]:[1]: leave from int handler 5.
[7719982]:[2]: enter to int handler 5.
[7720295]:[2]: leave from int handler 5.
[7939804]:[1]: enter to int handler 5.
[7940117]:[1]: leave from int handler 5.
[7946408]:[2]: enter to int handler 5.
[7946721]:[2]: leave from int handler 5.
[8166228]:[1]: enter to int handler 5.
[8166541]:[1]: leave from int handler 5.
[8172832]:[2]: enter to int handler 5.
[8173145]:[2]: leave from int handler 5.
[8392654]:[1]: enter to int handler 5.
[8392980]:[1]: task 1 becomes RUNNABLE.
[8393360]:[1]: leave from int handler 5.
[8393714]:[1]: dispatch from task 3.
[8393890]:[1]: dispatch to task 1.
[8394096]:[1]: leave from dly_tsk ercd=0.
[8399257]:[2]: enter to int handler 5.
[8399583]:[2]: task 2 becomes RUNNABLE.
[8399963]:[2]: leave from int handler 5.
[8400317]:[2]: dispatch from task 8.
[8400493]:[2]: dispatch to task 2.
[8400699]:[2]: leave from dly_tsk ercd=0.
[8400944]:[2]: enter to dly_tsk dlytim=10.
[8401433]:[2]: task 2 becomes WAITING.
[8401647]:[2]: dispatch from task 2.
[8401823]:[2]: dispatch to task 8.
[8450253]:[1]: enter to dly_tsk dlytim=10.
[8450742]:[1]: task 1 becomes WAITING.
[8450956]:[1]: dispatch from task 1.
[8451132]:[1]: dispatch to task 3.
[8616309]:[1]: enter to int handler 5.
[8616622]:[1]: leave from int handler 5.
[8625615]:[2]: enter to int handler 5.
[8625928]:[2]: leave from int handler 5.
[8842735]:[1]: enter to int handler 5.
[8843048]:[1]: leave from int handler 5.
[8852040]:[2]: enter to int handler 5.
[8852353]:[2]: leave from int handler 5.
[8965850]:[2]: task2_1 is running (003).   |
[9069159]:[1]: enter to int handler 5.
[9069472]:[1]: leave from int handler 5.
[9078204]:[2]: enter to int handler 5.
[9078517]:[2]: leave from int handler 5.
[9090528]:[1]: task1_1 is running (003).   |
[9295322]:[1]: enter to int handler 5.
[9295635]:[1]: leave from int handler 5.
[9304628]:[2]: enter to int handler 5.
[9304941]:[2]: leave from int handler 5.
[9521748]:[1]: enter to int handler 5.
[9522061]:[1]: leave from int handler 5.
[9531054]:[2]: enter to int handler 5.
[9531367]:[2]: leave from int handler 5.
[9695243]:[1]: enter to int handler 2.
[9695560]:[1]: enter to isig_sem semid=1.
[9695886]:[1]: task 6 becomes RUNNABLE.
[9696197]:[1]: leave from isig_sem ercd=0.
[9696471]:[1]: leave from int handler 2.
[9696825]:[1]: dispatch from task 3.
[9697001]:[1]: dispatch to task 6.
[9697859]:[1]: task 6 becomes WAITING.
[9698101]:[1]: dispatch from task 6.
[9698277]:[1]: dispatch to task 3.
[9748091]:[1]: enter to int handler 5.
[9748404]:[1]: leave from int handler 5.
[9757480]:[2]: enter to int handler 5.
[9757793]:[2]: leave from int handler 5.
[9974515]:[1]: enter to int handler 5.
[9974828]:[1]: leave from int handler 5.
[9983904]:[2]: enter to int handler 5.
[9984217]:[2]: leave from int handler 5.
[10200940]:[1]: enter to int handler 5.
[10201253]:[1]: leave from int handler 5.
[10210329]:[2]: enter to int handler 5.
[10210642]:[2]: leave from int handler 5.
[10427366]:[1]: enter to int handler 5.
[10427679]:[1]: leave from int handler 5.
[10436755]:[2]: enter to int handler 5.
[10437068]:[2]: leave from int handler 5.
[10653790]:[1]: enter to int handler 5.
[10654103]:[1]: leave from int handler 5.
[10663179]:[2]: enter to int handler 5.
[10663492]:[2]: leave from int handler 5.
[10880216]:[1]: enter to int handler 5.
[10880542]:[1]: task 1 becomes RUNNABLE.
[10880922]:[1]: leave from int handler 5.
[10881276]:[1]: dispatch from task 3.
[10881452]:[1]: dispatch to task 1.
[10881658]:[1]: leave from dly_tsk ercd=0.
[10889605]:[2]: enter to int handler 5.
[10889931]:[2]: task 2 becomes RUNNABLE.
[10890311]:[2]: leave from int handler 5.
[10890665]:[2]: dispatch from task 8.
[10890841]:[2]: dispatch to task 2.
[10891047]:[2]: leave from dly_tsk ercd=0.
[10901429]:[1]: enter to dly_tsk dlytim=10.
[10901918]:[1]: task 1 becomes WAITING.
[10902132]:[1]: dispatch from task 1.
[10902308]:[1]: dispatch to task 3.
[10910818]:[2]: enter to dly_tsk dlytim=10.
[10911307]:[2]: task 2 becomes WAITING.
[10911521]:[2]: dispatch from task 2.
[10911697]:[2]: dispatch to task 8.
[11105526]:[1]: enter to int handler 5.
[11105839]:[1]: leave from int handler 5.
[11114915]:[2]: enter to int handler 5.
[11115228]:[2]: leave from int handler 5.
[11331950]:[1]: enter to int handler 5.
[11332263]:[1]: leave from int handler 5.
[11341339]:[2]: enter to int handler 5.
[11341652]:[2]: leave from int handler 5.
[11558375]:[1]: enter to int handler 5.
[11558688]:[1]: leave from int handler 5.
[11567764]:[2]: enter to int handler 5.
[11568077]:[2]: leave from int handler 5.
[11784801]:[1]: enter to int handler 5.
[11785114]:[1]: leave from int handler 5.
[11794190]:[2]: enter to int handler 5.
[11794503]:[2]: leave from int handler 5.
[12011225]:[1]: enter to int handler 5.
[12011538]:[1]: leave from int handler 5.
[12020614]:[2]: enter to int handler 5.
[12020927]:[2]: leave from int handler 5.
[12237651]:[1]: enter to int handler 5.
[12237964]:[1]: leave from int handler 5.
[12247040]:[2]: enter to int handler 5.
[12247353]:[2]: leave from int handler 5.
[12464077]:[1]: enter to int handler 5.
[12464390]:[1]: leave from int handler 5.
[12473466]:[2]: enter to int handler 5.
[12473779]:[2]: leave from int handler 5.
[12690501]:[1]: enter to int handler 5.
[12690814]:[1]: leave from int handler 5.
[12699890]:[2]: enter to int handler 5.
[12700203]:[2]: leave from int handler 5.
[12901010]:[2]: task2_1 is running (004).   |
[12916926]:[1]: enter to int handler 5.
[12917239]:[1]: leave from int handler 5.
[12926053]:[2]: enter to int handler 5.
[12926366]:[2]: leave from int handler 5.
[13012852]:[1]: enter to int handler 2.
[13013169]:[1]: enter to isig_sem semid=1.
[13013495]:[1]: task 6 becomes RUNNABLE.
[13013806]:[1]: leave from isig_sem ercd=0.
[13014080]:[1]: leave from int handler 2.
[13014434]:[1]: dispatch from task 3.
[13014610]:[1]: dispatch to task 6.
[13015332]:[1]: select tskno 0x12
[13015875]:[1]: select cycid 1
[13016418]:[1]: select almid 1
[13017009]:[1]: select processor 2
[13017600]:[1]: select class     1
[13018355]:[1]: task 6 becomes WAITING.
[13018597]:[1]: dispatch from task 6.
[13018773]:[1]: dispatch to task 3.
[13035068]:[1]: #1#mig_tsk(0, 2)
[13035389]:[1]: enter to mig_tsk tskid=0. prcid=2.
[13035709]:[1]: task 3 migrates from processor 1 to processor 2.
[13036116]:[1]: dispatch from task 3.
[13120298]:[1]: enter to int handler 5.
[13120611]:[1]: leave from int handler 5.
[13152479]:[2]: enter to int handler 5.
[13152792]:[2]: leave from int handler 5.
[13299604]:[1]: enter to int handler 5.
[13299930]:[1]: task 1 becomes RUNNABLE.
[13300306]:[1]: leave from int handler 5.
[13300637]:[1]: dispatch to task 1.
[13300843]:[1]: leave from dly_tsk ercd=0.
[13368221]:[1]: enter to dly_tsk dlytim=10.
[13368662]:[1]: task 1 becomes WAITING.
[13368876]:[1]: dispatch from task 1.
[13378903]:[2]: enter to int handler 5.
[13379229]:[2]: task 2 becomes RUNNABLE.
[13379609]:[2]: leave from int handler 5.
[13379963]:[2]: dispatch from task 8.
[13380139]:[2]: dispatch to task 2.
[13380345]:[2]: leave from dly_tsk ercd=0.
[13400116]:[2]: enter to dly_tsk dlytim=10.
[13400605]:[2]: task 2 becomes WAITING.
[13400819]:[2]: dispatch from task 2.
[13400995]:[2]: dispatch to task 8.
[13490642]:[1]: enter to int handler 5.
[13490955]:[1]: leave from int handler 5.
[13604213]:[2]: enter to int handler 5.
[13604526]:[2]: leave from int handler 5.
[13669936]:[1]: enter to int handler 5.
[13670249]:[1]: leave from int handler 5.
[13830639]:[2]: enter to int handler 5.
[13830952]:[2]: leave from int handler 5.
[13849242]:[1]: enter to int handler 5.
[13849555]:[1]: leave from int handler 5.
[14028548]:[1]: enter to int handler 5.
[14028861]:[1]: leave from int handler 5.
[14057063]:[2]: enter to int handler 5.
[14057376]:[2]: leave from int handler 5.
[14207843]:[1]: enter to int handler 5.
[14208156]:[1]: leave from int handler 5.
[14283488]:[2]: enter to int handler 5.
[14283801]:[2]: leave from int handler 5.
[14387148]:[1]: enter to int handler 5.
[14387461]:[1]: leave from int handler 5.
[14509914]:[2]: enter to int handler 5.
[14510227]:[2]: leave from int handler 5.
[14566454]:[1]: enter to int handler 5.
[14566767]:[1]: leave from int handler 5.
[14736338]:[2]: enter to int handler 5.
[14736651]:[2]: leave from int handler 5.
[14745760]:[1]: enter to int handler 5.
[14746073]:[1]: leave from int handler 5.
[14925054]:[1]: enter to int handler 5.
[14925367]:[1]: leave from int handler 5.
[14962764]:[2]: enter to int handler 5.
[14963077]:[2]: leave from int handler 5.
[15104360]:[1]: enter to int handler 5.
[15104673]:[1]: leave from int handler 5.
[15189190]:[2]: enter to int handler 5.
[15189503]:[2]: leave from int handler 5.
[15283666]:[1]: enter to int handler 5.
[15283992]:[1]: task 1 becomes RUNNABLE.
[15284368]:[1]: leave from int handler 5.
[15284699]:[1]: dispatch to task 1.
[15284905]:[1]: leave from dly_tsk ercd=0.
[15285150]:[1]: enter to dly_tsk dlytim=10.
[15285591]:[1]: task 1 becomes WAITING.
[15285805]:[1]: dispatch from task 1.
[15415614]:[2]: enter to int handler 5.
[15415927]:[2]: leave from int handler 5.
[15463287]:[1]: enter to int handler 5.
[15463600]:[1]: leave from int handler 5.
[15642039]:[2]: enter to int handler 5.
[15642352]:[2]: leave from int handler 5.
[15642593]:[1]: enter to int handler 5.
[15642906]:[1]: leave from int handler 5.
[15648259]:[1]: enter to int handler 2.
[15648576]:[1]: enter to isig_sem semid=1.
[15648902]:[1]: task 6 becomes RUNNABLE.
[15649209]:[1]: leave from isig_sem ercd=0.
[15649483]:[1]: leave from int handler 2.
[15649814]:[1]: dispatch to task 6.
[15650455]:[1]: #act_tsk(0x12)
[15650761]:[1]: enter to act_tsk tskid=4.
[15651022]:[1]: task 4 becomes RUNNABLE.
[15651260]:[1]: leave from act_tsk ercd=0.
[15651893]:[1]: task 6 becomes WAITING.
[15652135]:[1]: dispatch from task 6.
[15652311]:[1]: dispatch to task 4.
[15652524]:[1]: enter to ena_tex.
[15652794]:[1]: leave from ena_tex ercd=0
[15653537]:[1]: task1_2 is running (001).     +
[15867207]:[1]: enter to int handler 5.
[15867520]:[1]: leave from int handler 5.
[15868465]:[2]: enter to int handler 5.
[15868791]:[2]: task 2 becomes RUNNABLE.
[15869171]:[2]: leave from int handler 5.
[15869525]:[2]: dispatch from task 8.
[15869701]:[2]: dispatch to task 2.
[15869907]:[2]: leave from dly_tsk ercd=0.
[15870152]:[2]: enter to dly_tsk dlytim=10.
[15870641]:[2]: task 2 becomes WAITING.
[15870855]:[2]: dispatch from task 2.
[15871031]:[2]: dispatch to task 8.
[16093631]:[1]: enter to int handler 5.
[16093944]:[1]: leave from int handler 5.
[16094822]:[2]: enter to int handler 5.
[16095135]:[2]: leave from int handler 5.
[16320056]:[1]: enter to int handler 5.
[16320369]:[1]: leave from int handler 5.
[16321248]:[2]: enter to int handler 5.
[16321561]:[2]: leave from int handler 5.
[16546482]:[1]: enter to int handler 5.
[16546795]:[1]: leave from int handler 5.
[16547672]:[2]: enter to int handler 5.
[16547985]:[2]: leave from int handler 5.
[16772906]:[1]: enter to int handler 5.
[16773219]:[1]: leave from int handler 5.
[16774098]:[2]: enter to int handler 5.
[16774411]:[2]: leave from int handler 5.
[16839060]:[2]: task2_1 is running (005).   |
[16999332]:[1]: enter to int handler 5.
[16999645]:[1]: leave from int handler 5.
[17000262]:[2]: enter to int handler 5.
[17000575]:[2]: leave from int handler 5.
[17225758]:[1]: enter to int handler 5.
[17226071]:[1]: leave from int handler 5.
[17226686]:[2]: enter to int handler 5.
[17226999]:[2]: leave from int handler 5.
[17452182]:[1]: enter to int handler 5.
[17452495]:[1]: leave from int handler 5.
[17453111]:[2]: enter to int handler 5.
[17453424]:[2]: leave from int handler 5.
[17678607]:[1]: enter to int handler 5.
[17678933]:[1]: task 1 becomes RUNNABLE.
[17679313]:[1]: leave from int handler 5.
[17679537]:[2]: enter to int handler 5.
[17679667]:[1]: dispatch from task 4.
[17679843]:[1]: dispatch to task 1.
[17679910]:[2]: leave from int handler 5.
[17680049]:[1]: leave from dly_tsk ercd=0.
[17710941]:[1]: enter to dly_tsk dlytim=10.
[17711430]:[1]: task 1 becomes WAITING.
[17711644]:[1]: dispatch from task 1.
[17711820]:[1]: dispatch to task 4.
[17903346]:[1]: enter to int handler 5.
[17903659]:[1]: leave from int handler 5.
[17905956]:[2]: enter to int handler 5.
[17906269]:[2]: leave from int handler 5.
[18129771]:[1]: enter to int handler 5.
[18130084]:[1]: leave from int handler 5.
[18132382]:[2]: enter to int handler 5.
[18132695]:[2]: leave from int handler 5.
[18356197]:[1]: enter to int handler 5.
[18356510]:[1]: leave from int handler 5.
[18358808]:[2]: enter to int handler 5.
[18359134]:[2]: task 2 becomes RUNNABLE.
[18359514]:[2]: leave from int handler 5.
[18359868]:[2]: dispatch from task 8.
[18360044]:[2]: dispatch to task 2.
[18360250]:[2]: leave from dly_tsk ercd=0.
[18380021]:[2]: enter to dly_tsk dlytim=10.
[18380510]:[2]: task 2 becomes WAITING.
[18380724]:[2]: dispatch from task 2.
[18380900]:[2]: dispatch to task 8.
[18582621]:[1]: enter to int handler 5.
[18582934]:[1]: leave from int handler 5.
[18584116]:[2]: enter to int handler 5.
[18584429]:[2]: leave from int handler 5.
[18615230]:[1]: enter to int handler 2.
[18615547]:[1]: enter to isig_sem semid=1.
[18615873]:[1]: task 6 becomes RUNNABLE.
[18616184]:[1]: leave from isig_sem ercd=0.
[18616458]:[1]: leave from int handler 2.
[18616812]:[1]: dispatch from task 4.
[18616988]:[1]: dispatch to task 6.
[18617710]:[1]: select tskno 0x12
[18618253]:[1]: select cycid 1
[18618796]:[1]: select almid 1
[18619388]:[1]: select processor 2
[18619979]:[1]: select class     1
[18620734]:[1]: task 6 becomes WAITING.
[18620976]:[1]: dispatch from task 6.
[18621152]:[1]: dispatch to task 4.
[18808322]:[1]: enter to int handler 5.
[18808635]:[1]: leave from int handler 5.
[18810541]:[2]: enter to int handler 5.
[18810854]:[2]: leave from int handler 5.
[19034748]:[1]: enter to int handler 5.
[19035061]:[1]: leave from int handler 5.
[19036967]:[2]: enter to int handler 5.
[19037280]:[2]: leave from int handler 5.
[19261174]:[1]: enter to int handler 5.
[19261487]:[1]: leave from int handler 5.
[19263391]:[2]: enter to int handler 5.
[19263704]:[2]: leave from int handler 5.
[19487598]:[1]: enter to int handler 5.
[19487911]:[1]: leave from int handler 5.
[19489817]:[2]: enter to int handler 5.
[19490130]:[2]: leave from int handler 5.
[19606064]:[1]: task1_2 is running (002).     +
[19713761]:[1]: enter to int handler 5.
[19714074]:[1]: leave from int handler 5.
[19716243]:[2]: enter to int handler 5.
[19716556]:[2]: leave from int handler 5.
[19940187]:[1]: enter to int handler 5.
[19940500]:[1]: leave from int handler 5.
[19942667]:[2]: enter to int handler 5.
[19942980]:[2]: leave from int handler 5.
[20166611]:[1]: enter to int handler 5.
[20166937]:[1]: task 1 becomes RUNNABLE.
[20167317]:[1]: leave from int handler 5.
[20167671]:[1]: dispatch from task 4.
[20167847]:[1]: dispatch to task 1.
[20168053]:[1]: leave from dly_tsk ercd=0.
[20169092]:[2]: enter to int handler 5.
[20169405]:[2]: leave from int handler 5.
[20244973]:[1]: enter to dly_tsk dlytim=10.
[20245462]:[1]: task 1 becomes WAITING.
[20245676]:[1]: dispatch from task 1.
[20245852]:[1]: dispatch to task 4.
[20389172]:[1]: enter to int handler 5.
[20389485]:[1]: leave from int handler 5.
[20395518]:[2]: enter to int handler 5.
[20395831]:[2]: leave from int handler 5.
[20615598]:[1]: enter to int handler 5.
[20615911]:[1]: leave from int handler 5.
[20621942]:[2]: enter to int handler 5.
[20622255]:[2]: leave from int handler 5.
[20774280]:[2]: task2_1 is running (006).   |
[20842022]:[1]: enter to int handler 5.
[20842335]:[1]: leave from int handler 5.
[20848106]:[2]: enter to int handler 5.
[20848432]:[2]: task 2 becomes RUNNABLE.
[20848812]:[2]: leave from int handler 5.
[20849166]:[2]: dispatch from task 8.
[20849342]:[2]: dispatch to task 2.
[20849548]:[2]: leave from dly_tsk ercd=0.
[20869319]:[2]: enter to dly_tsk dlytim=10.
[20869808]:[2]: task 2 becomes WAITING.
[20870022]:[2]: dispatch from task 2.
[20870198]:[2]: dispatch to task 8.
[21068448]:[1]: enter to int handler 5.
[21068761]:[1]: leave from int handler 5.
[21073416]:[2]: enter to int handler 5.
[21073729]:[2]: leave from int handler 5.
[21294874]:[1]: enter to int handler 5.
[21295187]:[1]: leave from int handler 5.
[21299840]:[2]: enter to int handler 5.
[21300153]:[2]: leave from int handler 5.
[21521298]:[1]: enter to int handler 5.
[21521611]:[1]: leave from int handler 5.
[21526265]:[2]: enter to int handler 5.
[21526578]:[2]: leave from int handler 5.
[21631256]:[1]: enter to int handler 2.
[21631573]:[1]: enter to isig_sem semid=1.
[21631899]:[1]: task 6 becomes RUNNABLE.
[21632210]:[1]: leave from isig_sem ercd=0.
[21632484]:[1]: leave from int handler 2.
[21632838]:[1]: dispatch from task 4.
[21633014]:[1]: dispatch to task 6.
[21633734]:[1]: select tskno 0x12
[21634277]:[1]: select cycid 1
[21634820]:[1]: select almid 1
[21635411]:[1]: select processor 2
[21636002]:[1]: select class     1
[21636757]:[1]: task 6 becomes WAITING.
[21636999]:[1]: dispatch from task 6.
[21637175]:[1]: dispatch to task 4.
[21746998]:[1]: enter to int handler 5.
[21747311]:[1]: leave from int handler 5.
[21752691]:[2]: enter to int handler 5.
[21753004]:[2]: leave from int handler 5.
[21973424]:[1]: enter to int handler 5.
[21973737]:[1]: leave from int handler 5.
[21979115]:[2]: enter to int handler 5.
[21979428]:[2]: leave from int handler 5.
[22199848]:[1]: enter to int handler 5.
[22200161]:[1]: leave from int handler 5.
[22205541]:[2]: enter to int handler 5.
[22205854]:[2]: leave from int handler 5.
[22426274]:[1]: enter to int handler 5.
[22426587]:[1]: leave from int handler 5.
[22431967]:[2]: enter to int handler 5.
[22432280]:[2]: leave from int handler 5.
[22652700]:[1]: enter to int handler 5.
[22653026]:[1]: task 1 becomes RUNNABLE.
[22653406]:[1]: leave from int handler 5.
[22653760]:[1]: dispatch from task 4.
[22653936]:[1]: dispatch to task 1.
[22654142]:[1]: leave from dly_tsk ercd=0.
[22658391]:[2]: enter to int handler 5.
[22658704]:[2]: leave from int handler 5.
[22710299]:[1]: enter to dly_tsk dlytim=10.
[22710788]:[1]: task 1 becomes WAITING.
[22711002]:[1]: dispatch from task 1.
[22711178]:[1]: dispatch to task 4.
[22876355]:[1]: enter to int handler 5.
[22876668]:[1]: leave from int handler 5.
[22884816]:[2]: enter to int handler 5.
[22885129]:[2]: leave from int handler 5.
[23102779]:[1]: enter to int handler 5.
[23103092]:[1]: leave from int handler 5.
[23111242]:[2]: enter to int handler 5.
[23111555]:[2]: leave from int handler 5.
[23329204]:[1]: enter to int handler 5.
[23329517]:[1]: leave from int handler 5.
[23337666]:[2]: enter to int handler 5.
[23337992]:[2]: task 2 becomes RUNNABLE.
[23338372]:[2]: leave from int handler 5.
[23338726]:[2]: dispatch from task 8.
[23338902]:[2]: dispatch to task 2.
[23339108]:[2]: leave from dly_tsk ercd=0.
[23339353]:[2]: enter to dly_tsk dlytim=10.
[23339842]:[2]: task 2 becomes WAITING.
[23340056]:[2]: dispatch from task 2.
[23340232]:[2]: dispatch to task 8.
[23555630]:[1]: enter to int handler 5.
[23555943]:[1]: leave from int handler 5.
[23564025]:[2]: enter to int handler 5.
[23564338]:[2]: leave from int handler 5.
[23663418]:[1]: task1_2 is running (003).     +
[23781792]:[1]: enter to int handler 5.
[23782105]:[1]: leave from int handler 5.
[23790449]:[2]: enter to int handler 5.
[23790762]:[2]: leave from int handler 5.
[23918713]:[1]: enter to int handler 2.
[23919030]:[1]: enter to isig_sem semid=1.
[23919356]:[1]: task 6 becomes RUNNABLE.
[23919667]:[1]: leave from isig_sem ercd=0.
[23919941]:[1]: leave from int handler 2.
[23920295]:[1]: dispatch from task 4.
[23920471]:[1]: dispatch to task 6.
[23921329]:[1]: task 6 becomes WAITING.
[23921571]:[1]: dispatch from task 6.
[23921747]:[1]: dispatch to task 4.
[24008135]:[1]: enter to int handler 5.
[24008448]:[1]: leave from int handler 5.
[24016875]:[2]: enter to int handler 5.
[24017188]:[2]: leave from int handler 5.
[24234560]:[1]: enter to int handler 5.
[24234873]:[1]: leave from int handler 5.
[24243301]:[2]: enter to int handler 5.
[24243614]:[2]: leave from int handler 5.
[24460986]:[1]: enter to int handler 5.
[24461299]:[1]: leave from int handler 5.
[24469725]:[2]: enter to int handler 5.
[24470038]:[2]: leave from int handler 5.
[24687410]:[1]: enter to int handler 5.
[24687723]:[1]: leave from int handler 5.
[24696150]:[2]: enter to int handler 5.
[24696463]:[2]: leave from int handler 5.
[24712330]:[2]: task2_1 is running (007).   |
[24913836]:[1]: enter to int handler 5.
[24914149]:[1]: leave from int handler 5.
[24922314]:[2]: enter to int handler 5.
[24922627]:[2]: leave from int handler 5.
[25140262]:[1]: enter to int handler 5.
[25140588]:[1]: task 1 becomes RUNNABLE.
[25140968]:[1]: leave from int handler 5.
[25141322]:[1]: dispatch from task 4.
[25141498]:[1]: dispatch to task 1.
[25141704]:[1]: leave from dly_tsk ercd=0.
[25148738]:[2]: enter to int handler 5.
[25149051]:[2]: leave from int handler 5.
[25162707]:[1]: enter to dly_tsk dlytim=10.
[25163196]:[1]: task 1 becomes WAITING.
[25163410]:[1]: dispatch from task 1.
[25163586]:[1]: dispatch to task 4.
[25365520]:[1]: enter to int handler 5.
[25365833]:[1]: leave from int handler 5.
[25375164]:[2]: enter to int handler 5.
[25375477]:[2]: leave from int handler 5.
[25591944]:[1]: enter to int handler 5.
[25592257]:[1]: leave from int handler 5.
[25601590]:[2]: enter to int handler 5.
[25601903]:[2]: leave from int handler 5.
[25818370]:[1]: enter to int handler 5.
[25818683]:[1]: leave from int handler 5.
[25828014]:[2]: enter to int handler 5.
[25828340]:[2]: task 2 becomes RUNNABLE.
[25828720]:[2]: leave from int handler 5.
[25829074]:[2]: dispatch from task 8.
[25829250]:[2]: dispatch to task 2.
[25829456]:[2]: leave from dly_tsk ercd=0.
[25849227]:[2]: enter to dly_tsk dlytim=10.
[25849716]:[2]: task 2 becomes WAITING.
[25849930]:[2]: dispatch from task 2.
[25850106]:[2]: dispatch to task 8.
[26044796]:[1]: enter to int handler 5.
[26045109]:[1]: leave from int handler 5.
[26053323]:[2]: enter to int handler 5.
[26053636]:[2]: leave from int handler 5.
[26271220]:[1]: enter to int handler 5.
[26271533]:[1]: leave from int handler 5.
[26279749]:[2]: enter to int handler 5.
[26280062]:[2]: leave from int handler 5.
[26497645]:[1]: enter to int handler 5.
[26497958]:[1]: leave from int handler 5.
[26506173]:[2]: enter to int handler 5.
[26506486]:[2]: leave from int handler 5.
[26711253]:[1]: enter to int handler 2.
[26711570]:[1]: enter to isig_sem semid=1.
[26711896]:[1]: task 6 becomes RUNNABLE.
[26712207]:[1]: leave from isig_sem ercd=0.
[26712481]:[1]: leave from int handler 2.
[26712835]:[1]: dispatch from task 4.
[26713011]:[1]: dispatch to task 6.
[26713733]:[1]: select tskno 0x13
[26714276]:[1]: select cycid 1
[26714819]:[1]: select almid 1
[26715410]:[1]: select processor 2
[26716001]:[1]: select class     1
[26716756]:[1]: task 6 becomes WAITING.
[26716998]:[1]: dispatch from task 6.
[26717174]:[1]: dispatch to task 4.
[26723345]:[1]: enter to int handler 5.
[26723658]:[1]: leave from int handler 5.
[26732599]:[2]: enter to int handler 5.
[26732912]:[2]: leave from int handler 5.
[26949771]:[1]: enter to int handler 5.
[26950084]:[1]: leave from int handler 5.
[26959025]:[2]: enter to int handler 5.
[26959338]:[2]: leave from int handler 5.
[27176195]:[1]: enter to int handler 5.
[27176508]:[1]: leave from int handler 5.
[27185449]:[2]: enter to int handler 5.
[27185762]:[2]: leave from int handler 5.
[27402621]:[1]: enter to int handler 5.
[27402934]:[1]: leave from int handler 5.
[27411874]:[2]: enter to int handler 5.
[27412187]:[2]: leave from int handler 5.
[27609190]:[1]: #2#mig_tsk(0, 2)
[27609511]:[1]: enter to mig_tsk tskid=0. prcid=2.
[27609831]:[1]: task 4 migrates from processor 1 to processor 2.
[27610238]:[1]: dispatch from task 4.
[27625025]:[1]: enter to int handler 5.
[27625351]:[1]: task 1 becomes RUNNABLE.
[27625727]:[1]: leave from int handler 5.
[27626057]:[1]: dispatch to task 1.
[27626263]:[1]: leave from dly_tsk ercd=0.
[27638300]:[2]: enter to int handler 5.
[27638613]:[2]: leave from int handler 5.
[27693641]:[1]: enter to dly_tsk dlytim=10.
[27694082]:[1]: task 1 becomes WAITING.
[27694296]:[1]: dispatch from task 1.
[27816062]:[1]: enter to int handler 5.
[27816375]:[1]: leave from int handler 5.
[27864724]:[2]: enter to int handler 5.
[27865037]:[2]: leave from int handler 5.
[27995368]:[1]: enter to int handler 5.
[27995681]:[1]: leave from int handler 5.
[28087063]:[1]: enter to int handler 2.
[28087380]:[1]: enter to isig_sem semid=1.
[28087706]:[1]: task 6 becomes RUNNABLE.
[28088013]:[1]: leave from isig_sem ercd=0.
[28088287]:[1]: leave from int handler 2.
[28088617]:[1]: dispatch to task 6.
[28089258]:[1]: #act_tsk(0x13)
[28089564]:[1]: enter to act_tsk tskid=5.
[28089825]:[1]: task 5 becomes RUNNABLE.
[28090063]:[1]: leave from act_tsk ercd=0.
[28090696]:[1]: task 6 becomes WAITING.
[28090938]:[1]: dispatch from task 6.
[28091114]:[1]: dispatch to task 5.
[28091327]:[1]: enter to ena_tex.
[28091260]:[2]: enter to int handler 5.
[28091573]:[2]: leave from int handler 5.
[28091597]:[1]: leave from ena_tex ercd=0
[28092340]:[1]: task1_3 is running (001).       *
[28197285]:[1]: enter to int handler 5.
[28197598]:[1]: leave from int handler 5.
[28317566]:[2]: enter to int handler 5.
[28317892]:[2]: task 2 becomes RUNNABLE.
[28318272]:[2]: leave from int handler 5.
[28318626]:[2]: dispatch from task 8.
[28318802]:[2]: dispatch to task 2.
[28319008]:[2]: leave from dly_tsk ercd=0.
[28319253]:[2]: enter to dly_tsk dlytim=10.
[28319742]:[2]: task 2 becomes WAITING.
[28319956]:[2]: dispatch from task 2.
[28320132]:[2]: dispatch to task 8.
[28423711]:[1]: enter to int handler 5.
[28424024]:[1]: leave from int handler 5.
[28543923]:[2]: enter to int handler 5.
[28544236]:[2]: leave from int handler 5.
[28649747]:[2]: task2_1 is running (008).   |
[28650137]:[1]: enter to int handler 5.
[28650450]:[1]: leave from int handler 5.
[28770087]:[2]: enter to int handler 5.
[28770400]:[2]: leave from int handler 5.
[28876561]:[1]: enter to int handler 5.
[28876874]:[1]: leave from int handler 5.
[28996513]:[2]: enter to int handler 5.
[28996826]:[2]: leave from int handler 5.
[29102986]:[1]: enter to int handler 5.
[29103299]:[1]: leave from int handler 5.
[29222937]:[2]: enter to int handler 5.
[29223250]:[2]: leave from int handler 5.
[29329412]:[1]: enter to int handler 5.
[29329725]:[1]: leave from int handler 5.
[29449362]:[2]: enter to int handler 5.
[29449675]:[2]: leave from int handler 5.
[29555836]:[1]: enter to int handler 5.
[29556149]:[1]: leave from int handler 5.
[29675788]:[2]: enter to int handler 5.
[29676101]:[2]: leave from int handler 5.
[29782262]:[1]: enter to int handler 5.
[29782575]:[1]: leave from int handler 5.
[29902212]:[2]: enter to int handler 5.
[29902525]:[2]: leave from int handler 5.
[30008688]:[1]: enter to int handler 5.
[30009014]:[1]: task 1 becomes RUNNABLE.
[30009394]:[1]: leave from int handler 5.
[30009748]:[1]: dispatch from task 5.
[30009924]:[1]: dispatch to task 1.
[30010130]:[1]: leave from dly_tsk ercd=0.
[30042254]:[1]: enter to dly_tsk dlytim=10.
[30042743]:[1]: task 1 becomes WAITING.
[30042957]:[1]: dispatch from task 1.
[30043133]:[1]: dispatch to task 5.
[30128638]:[2]: enter to int handler 5.
[30128951]:[2]: leave from int handler 5.
[30233375]:[1]: enter to int handler 5.
[30233688]:[1]: leave from int handler 5.
[30355064]:[2]: enter to int handler 5.
[30355377]:[2]: leave from int handler 5.
[30459800]:[1]: enter to int handler 5.
[30460113]:[1]: leave from int handler 5.
[30581488]:[2]: enter to int handler 5.
[30581801]:[2]: leave from int handler 5.
[30592191]:[1]: enter to int handler 2.
[30592508]:[1]: enter to isig_sem semid=1.
[30592834]:[1]: task 6 becomes RUNNABLE.
[30593145]:[1]: leave from isig_sem ercd=0.
[30593419]:[1]: leave from int handler 2.
[30593773]:[1]: dispatch from task 5.
[30593949]:[1]: dispatch to task 6.
[30594671]:[1]: select tskno 0x13
[30595214]:[1]: select cycid 1
[30595757]:[1]: select almid 1
[30596348]:[1]: select processor 2
[30596939]:[1]: select class     1
[30597694]:[1]: task 6 becomes WAITING.
[30597936]:[1]: dispatch from task 6.
[30598112]:[1]: dispatch to task 5.
[30685500]:[1]: enter to int handler 5.
[30685813]:[1]: leave from int handler 5.
[30807913]:[2]: enter to int handler 5.
[30808239]:[2]: task 2 becomes RUNNABLE.
[30808619]:[2]: leave from int handler 5.
[30808973]:[2]: dispatch from task 8.
[30809149]:[2]: dispatch to task 2.
[30809355]:[2]: leave from dly_tsk ercd=0.
[30829126]:[2]: enter to dly_tsk dlytim=10.
[30829615]:[2]: task 2 becomes WAITING.
[30829829]:[2]: dispatch from task 2.
[30830005]:[2]: dispatch to task 8.
[30911926]:[1]: enter to int handler 5.
[30912239]:[1]: leave from int handler 5.
[31033223]:[2]: enter to int handler 5.
[31033536]:[2]: leave from int handler 5.
[31138350]:[1]: enter to int handler 5.
[31138663]:[1]: leave from int handler 5.
[31259647]:[2]: enter to int handler 5.
[31259960]:[2]: leave from int handler 5.
[31364776]:[1]: enter to int handler 5.
[31365089]:[1]: leave from int handler 5.
[31486073]:[2]: enter to int handler 5.
[31486386]:[2]: leave from int handler 5.
[31591202]:[1]: enter to int handler 5.
[31591515]:[1]: leave from int handler 5.
[31712499]:[2]: enter to int handler 5.
[31712812]:[2]: leave from int handler 5.
[31817626]:[1]: enter to int handler 5.
[31817939]:[1]: leave from int handler 5.
[31938923]:[2]: enter to int handler 5.
[31939236]:[2]: leave from int handler 5.
[32044051]:[1]: enter to int handler 5.
[32044364]:[1]: leave from int handler 5.
[32046841]:[1]: task1_3 is running (002).       *
[32165348]:[2]: enter to int handler 5.
[32165661]:[2]: leave from int handler 5.
[32270215]:[1]: enter to int handler 5.
[32270528]:[1]: leave from int handler 5.
[32391774]:[2]: enter to int handler 5.
[32392087]:[2]: leave from int handler 5.
[32496639]:[1]: enter to int handler 5.
[32496965]:[1]: task 1 becomes RUNNABLE.
[32497345]:[1]: leave from int handler 5.
[32497699]:[1]: dispatch from task 5.
[32497875]:[1]: dispatch to task 1.
[32498081]:[1]: leave from dly_tsk ercd=0.
[32576232]:[1]: enter to dly_tsk dlytim=10.
[32576721]:[1]: task 1 becomes WAITING.
[32576935]:[1]: dispatch from task 1.
[32577111]:[1]: dispatch to task 5.
[32584907]:[2]: task2_1 is running (009).   |
[32617936]:[2]: enter to int handler 5.
[32618249]:[2]: leave from int handler 5.
[32642240]:[1]: enter to int handler 2.
[32642557]:[1]: enter to isig_sem semid=1.
[32642883]:[1]: task 6 becomes RUNNABLE.
[32643194]:[1]: leave from isig_sem ercd=0.
[32643468]:[1]: leave from int handler 2.
[32643822]:[1]: dispatch from task 5.
[32643998]:[1]: dispatch to task 6.
[32644718]:[1]: select tskno 0x13
[32645261]:[1]: select cycid 1
[32645804]:[1]: select almid 1
[32646395]:[1]: select processor 2
[32646986]:[1]: select class     1
[32647741]:[1]: task 6 becomes WAITING.
[32647983]:[1]: dispatch from task 6.
[32648159]:[1]: dispatch to task 5.
[32718423]:[1]: enter to int handler 5.
[32718736]:[1]: leave from int handler 5.
[32844362]:[2]: enter to int handler 5.
[32844675]:[2]: leave from int handler 5.
[32944849]:[1]: enter to int handler 5.
[32945162]:[1]: leave from int handler 5.
[33070788]:[2]: enter to int handler 5.
[33071101]:[2]: leave from int handler 5.
[33171275]:[1]: enter to int handler 5.
[33171588]:[1]: leave from int handler 5.
[33297212]:[2]: enter to int handler 5.
[33297538]:[2]: task 2 becomes RUNNABLE.
[33297918]:[2]: leave from int handler 5.
[33298272]:[2]: dispatch from task 8.
[33298448]:[2]: dispatch to task 2.
[33298654]:[2]: leave from dly_tsk ercd=0.
[33318425]:[2]: enter to dly_tsk dlytim=10.
[33318914]:[2]: task 2 becomes WAITING.
[33319128]:[2]: dispatch from task 2.
[33319304]:[2]: dispatch to task 8.
[33397699]:[1]: enter to int handler 5.
[33398012]:[1]: leave from int handler 5.
[33522521]:[2]: enter to int handler 5.
[33522834]:[2]: leave from int handler 5.
[33624124]:[1]: enter to int handler 5.
[33624437]:[1]: leave from int handler 5.
[33748947]:[2]: enter to int handler 5.
[33749260]:[2]: leave from int handler 5.
[33850550]:[1]: enter to int handler 5.
[33850863]:[1]: leave from int handler 5.
[33975371]:[2]: enter to int handler 5.
[33975684]:[2]: leave from int handler 5.
[34076974]:[1]: enter to int handler 5.
[34077287]:[1]: leave from int handler 5.
[34201797]:[2]: enter to int handler 5.
[34202110]:[2]: leave from int handler 5.
[34303400]:[1]: enter to int handler 5.
[34303713]:[1]: leave from int handler 5.
[34428223]:[2]: enter to int handler 5.
[34428536]:[2]: leave from int handler 5.
[34529826]:[1]: enter to int handler 5.
[34530139]:[1]: leave from int handler 5.
[34654647]:[2]: enter to int handler 5.
[34654960]:[2]: leave from int handler 5.
[34756250]:[1]: enter to int handler 5.
[34756563]:[1]: leave from int handler 5.
[34881072]:[2]: enter to int handler 5.
[34881385]:[2]: leave from int handler 5.
[34982675]:[1]: enter to int handler 5.
[34983001]:[1]: task 1 becomes RUNNABLE.
[34983381]:[1]: leave from int handler 5.
[34983735]:[1]: dispatch from task 5.
[34983911]:[1]: dispatch to task 1.
[34984117]:[1]: leave from dly_tsk ercd=0.
[35033562]:[1]: enter to int handler 2.
[35033879]:[1]: enter to isig_sem semid=1.
[35034205]:[1]: task 6 becomes RUNNABLE.
[35034477]:[1]: leave from isig_sem ercd=0.
[35034751]:[1]: leave from int handler 2.
[35041893]:[1]: enter to dly_tsk dlytim=10.
[35042375]:[1]: task 1 becomes WAITING.
[35042589]:[1]: dispatch from task 1.
[35042765]:[1]: dispatch to task 6.
[35043623]:[1]: task 6 becomes WAITING.
[35043865]:[1]: dispatch from task 6.
[35044041]:[1]: dispatch to task 5.
[35107498]:[2]: enter to int handler 5.
[35107811]:[2]: leave from int handler 5.
[35206264]:[1]: enter to int handler 5.
[35206577]:[1]: leave from int handler 5.
[35333922]:[2]: enter to int handler 5.
[35334235]:[2]: leave from int handler 5.
[35432688]:[1]: enter to int handler 5.
[35433001]:[1]: leave from int handler 5.
[35560348]:[2]: enter to int handler 5.
[35560661]:[2]: leave from int handler 5.
[35659113]:[1]: enter to int handler 5.
[35659426]:[1]: leave from int handler 5.
[35786774]:[2]: enter to int handler 5.
[35787100]:[2]: task 2 becomes RUNNABLE.
[35787480]:[2]: leave from int handler 5.
[35787834]:[2]: dispatch from task 8.
[35788010]:[2]: dispatch to task 2.
[35788216]:[2]: leave from dly_tsk ercd=0.
[35788461]:[2]: enter to dly_tsk dlytim=10.
[35788950]:[2]: task 2 becomes WAITING.
[35789164]:[2]: dispatch from task 2.
[35789340]:[2]: dispatch to task 8.
[35885539]:[1]: enter to int handler 5.
[35885852]:[1]: leave from int handler 5.
[36013131]:[2]: enter to int handler 5.
[36013444]:[2]: leave from int handler 5.
[36107348]:[1]: #3#mig_tsk(0, 2)
[36107669]:[1]: enter to mig_tsk tskid=0. prcid=2.
[36107989]:[1]: task 5 migrates from processor 1 to processor 2.
[36108396]:[1]: dispatch from task 5.
[36111134]:[1]: enter to int handler 5.
[36111447]:[1]: leave from int handler 5.
[36239557]:[2]: enter to int handler 5.
[36239870]:[2]: leave from int handler 5.
[36290428]:[1]: enter to int handler 5.
[36290741]:[1]: leave from int handler 5.
[36465981]:[2]: enter to int handler 5.
[36466294]:[2]: leave from int handler 5.
[36469734]:[1]: enter to int handler 5.
[36470047]:[1]: leave from int handler 5.
[36522957]:[2]: task2_1 is running (010).   |
[36649040]:[1]: enter to int handler 5.
[36649353]:[1]: leave from int handler 5.
[36692144]:[2]: enter to int handler 5.
[36692457]:[2]: leave from int handler 5.
[36828335]:[1]: enter to int handler 5.
[36828648]:[1]: leave from int handler 5.
[36918570]:[2]: enter to int handler 5.
[36918883]:[2]: leave from int handler 5.
[37007640]:[1]: enter to int handler 5.
[37007953]:[1]: leave from int handler 5.
[37144994]:[2]: enter to int handler 5.
[37145307]:[2]: leave from int handler 5.
[37186946]:[1]: enter to int handler 5.
[37187272]:[1]: task 1 becomes RUNNABLE.
[37187648]:[1]: leave from int handler 5.
[37187979]:[1]: dispatch to task 1.
[37188185]:[1]: leave from dly_tsk ercd=0.
[37199647]:[1]: enter to dly_tsk dlytim=10.
[37200088]:[1]: task 1 becomes WAITING.
[37200302]:[1]: dispatch from task 1.
[37368437]:[1]: enter to int handler 5.
[37368750]:[1]: leave from int handler 5.
[37371420]:[2]: enter to int handler 5.
[37371733]:[2]: leave from int handler 5.
[37547742]:[1]: enter to int handler 5.
[37548055]:[1]: leave from int handler 5.
[37597846]:[2]: enter to int handler 5.
[37598159]:[2]: leave from int handler 5.
[37727048]:[1]: enter to int handler 5.
[37727361]:[1]: leave from int handler 5.
[37824270]:[2]: enter to int handler 5.
[37824583]:[2]: leave from int handler 5.
[37906354]:[1]: enter to int handler 5.
[37906667]:[1]: leave from int handler 5.
[38050695]:[2]: enter to int handler 5.
[38051008]:[2]: leave from int handler 5.
[38085648]:[1]: enter to int handler 5.
[38085961]:[1]: leave from int handler 5.
[38264954]:[1]: enter to int handler 5.
[38265267]:[1]: leave from int handler 5.
[38277121]:[2]: enter to int handler 5.
[38277447]:[2]: task 2 becomes RUNNABLE.
[38277827]:[2]: leave from int handler 5.
[38278181]:[2]: dispatch from task 8.
[38278357]:[2]: dispatch to task 2.
[38278563]:[2]: leave from dly_tsk ercd=0.
[38298404]:[2]: enter to dly_tsk dlytim=10.
[38298893]:[2]: task 2 becomes WAITING.
[38299107]:[2]: dispatch from task 2.
[38299283]:[2]: dispatch to task 8.
[38444260]:[1]: enter to int handler 5.
[38444573]:[1]: leave from int handler 5.
[38502415]:[2]: enter to int handler 5.
[38502728]:[2]: leave from int handler 5.
[38623555]:[1]: enter to int handler 5.
[38623868]:[1]: leave from int handler 5.
[38728840]:[2]: enter to int handler 5.
[38729153]:[2]: leave from int handler 5.
[38802860]:[1]: enter to int handler 5.
[38803173]:[1]: leave from int handler 5.
[38955266]:[2]: enter to int handler 5.
[38955579]:[2]: leave from int handler 5.
[38982166]:[1]: enter to int handler 5.
[38982479]:[1]: leave from int handler 5.
[39161472]:[1]: enter to int handler 5.
[39161798]:[1]: task 1 becomes RUNNABLE.
[39162174]:[1]: leave from int handler 5.
[39162505]:[1]: dispatch to task 1.
[39162711]:[1]: leave from dly_tsk ercd=0.
[39162956]:[1]: enter to dly_tsk dlytim=10.
[39163397]:[1]: task 1 becomes WAITING.
[39163611]:[1]: dispatch from task 1.
[39181690]:[2]: enter to int handler 5.
[39182003]:[2]: leave from int handler 5.
[39341093]:[1]: enter to int handler 5.
[39341406]:[1]: leave from int handler 5.
[39408116]:[2]: enter to int handler 5.
[39408429]:[2]: leave from int handler 5.
[39520388]:[1]: enter to int handler 5.
[39520701]:[1]: leave from int handler 5.
[39634542]:[2]: enter to int handler 5.
[39634855]:[2]: leave from int handler 5.
[39699693]:[1]: enter to int handler 5.
[39700006]:[1]: leave from int handler 5.
[39860966]:[2]: enter to int handler 5.
[39861279]:[2]: leave from int handler 5.
[39878999]:[1]: enter to int handler 5.
[39879312]:[1]: leave from int handler 5.
[40058305]:[1]: enter to int handler 5.
[40058618]:[1]: leave from int handler 5.
[40087391]:[2]: enter to int handler 5.
[40087704]:[2]: leave from int handler 5.
[40237599]:[1]: enter to int handler 5.
[40237912]:[1]: leave from int handler 5.
[40313817]:[2]: enter to int handler 5.
[40314130]:[2]: leave from int handler 5.
[40416905]:[1]: enter to int handler 5.
[40417218]:[1]: leave from int handler 5.
[40458187]:[2]: task2_1 is running (011).   |
[40539979]:[2]: enter to int handler 5.
[40540292]:[2]: leave from int handler 5.
[40596211]:[1]: enter to int handler 5.
[40596524]:[1]: leave from int handler 5.
[40766405]:[2]: enter to int handler 5.
[40766731]:[2]: task 2 becomes RUNNABLE.
[40767111]:[2]: leave from int handler 5.
[40767465]:[2]: dispatch from task 8.
[40767641]:[2]: dispatch to task 2.
[40767847]:[2]: leave from dly_tsk ercd=0.
[40775506]:[1]: enter to int handler 5.
[40775819]:[1]: leave from int handler 5.
[40787748]:[2]: enter to dly_tsk dlytim=10.
[40788237]:[2]: task 2 becomes WAITING.
[40788451]:[2]: dispatch from task 2.
[40788627]:[2]: dispatch to task 8.
[40954811]:[1]: enter to int handler 5.
[40955124]:[1]: leave from int handler 5.
[40991621]:[2]: enter to int handler 5.
[40991934]:[2]: leave from int handler 5.
[41134117]:[1]: enter to int handler 5.
[41134443]:[1]: task 1 becomes RUNNABLE.
[41134819]:[1]: leave from int handler 5.
[41135150]:[1]: dispatch to task 1.
[41135356]:[1]: leave from dly_tsk ercd=0.
[41135601]:[1]: enter to dly_tsk dlytim=10.
[41136042]:[1]: task 1 becomes WAITING.
[41136256]:[1]: dispatch from task 1.
[41195284]:[2]: enter to int handler 2.
[41195601]:[2]: enter to isig_sem semid=3.
[41195927]:[2]: task 11 becomes RUNNABLE.
[41196238]:[2]: leave from isig_sem ercd=0.
[41196512]:[2]: leave from int handler 2.
[41196866]:[2]: dispatch from task 8.
[41197042]:[2]: dispatch to task 11.
[41197900]:[2]: task 11 becomes WAITING.
[41198142]:[2]: dispatch from task 11.
[41198318]:[2]: dispatch to task 8.
[41217963]:[2]: enter to int handler 5.
[41218276]:[2]: leave from int handler 5.
[41313738]:[1]: enter to int handler 5.
[41314051]:[1]: leave from int handler 5.
[41444389]:[2]: enter to int handler 5.
[41444702]:[2]: leave from int handler 5.
[41493044]:[1]: enter to int handler 5.
[41493357]:[1]: leave from int handler 5.
[41670813]:[2]: enter to int handler 5.
[41671126]:[2]: leave from int handler 5.
[41672339]:[1]: enter to int handler 5.
[41672652]:[1]: leave from int handler 5.
[41851644]:[1]: enter to int handler 5.
[41851957]:[1]: leave from int handler 5.
[41897239]:[2]: enter to int handler 5.
[41897552]:[2]: leave from int handler 5.
[42030950]:[1]: enter to int handler 5.
[42031263]:[1]: leave from int handler 5.
[42123665]:[2]: enter to int handler 5.
[42123978]:[2]: leave from int handler 5.
[42210256]:[1]: enter to int handler 5.
[42210569]:[1]: leave from int handler 5.
[42350089]:[2]: enter to int handler 5.
[42350402]:[2]: leave from int handler 5.
[42389550]:[1]: enter to int handler 5.
[42389863]:[1]: leave from int handler 5.
[42568856]:[1]: enter to int handler 5.
[42569169]:[1]: leave from int handler 5.
[42576514]:[2]: enter to int handler 5.
[42576827]:[2]: leave from int handler 5.
[42748162]:[1]: enter to int handler 5.
[42748475]:[1]: leave from int handler 5.
[42802940]:[2]: enter to int handler 5.
[42803253]:[2]: leave from int handler 5.
[42927457]:[1]: enter to int handler 5.
[42927770]:[1]: leave from int handler 5.
[43029364]:[2]: enter to int handler 5.
[43029677]:[2]: leave from int handler 5.
[43106762]:[1]: enter to int handler 5.
[43107088]:[1]: task 1 becomes RUNNABLE.
[43107464]:[1]: leave from int handler 5.
[43107795]:[1]: dispatch to task 1.
[43108001]:[1]: leave from dly_tsk ercd=0.
[43108246]:[1]: enter to dly_tsk dlytim=10.
[43108687]:[1]: task 1 becomes WAITING.
[43108901]:[1]: dispatch from task 1.
[43255790]:[2]: enter to int handler 5.
[43256116]:[2]: task 2 becomes RUNNABLE.
[43256496]:[2]: leave from int handler 5.
[43256850]:[2]: dispatch from task 8.
[43257026]:[2]: dispatch to task 2.
[43257232]:[2]: leave from dly_tsk ercd=0.
[43257477]:[2]: enter to dly_tsk dlytim=10.
[43257966]:[2]: task 2 becomes WAITING.
[43258180]:[2]: dispatch from task 2.
[43258356]:[2]: dispatch to task 8.
[43286383]:[1]: enter to int handler 5.
[43286696]:[1]: leave from int handler 5.
[43465689]:[1]: enter to int handler 5.
[43466002]:[1]: leave from int handler 5.
[43482147]:[2]: enter to int handler 5.
[43482460]:[2]: leave from int handler 5.
[43644995]:[1]: enter to int handler 5.
[43645308]:[1]: leave from int handler 5.
[43708573]:[2]: enter to int handler 5.
[43708886]:[2]: leave from int handler 5.
[43824290]:[1]: enter to int handler 5.
[43824603]:[1]: leave from int handler 5.
[43934999]:[2]: enter to int handler 5.
[43935312]:[2]: leave from int handler 5.
[44003595]:[1]: enter to int handler 5.
[44003908]:[1]: leave from int handler 5.
[44161423]:[2]: enter to int handler 5.
[44161736]:[2]: leave from int handler 5.
[44182901]:[1]: enter to int handler 5.
[44183214]:[1]: leave from int handler 5.
[44362207]:[1]: enter to int handler 5.
[44362520]:[1]: leave from int handler 5.
[44387848]:[2]: enter to int handler 5.
[44388161]:[2]: leave from int handler 5.
[44399412]:[2]: #1#ext_tsk()
[44399719]:[2]: enter to ext_tsk.
[44400136]:[2]: task 8 becomes DORMANT.
[44400352]:[2]: dispatch from task 8.
[44400528]:[2]: dispatch to task 3.
[44400727]:[2]: leave from mig_tsk ercd=0.
[44401447]:[2]: task1_1 is running (004).   |
[44541501]:[1]: enter to int handler 5.
[44541814]:[1]: leave from int handler 5.
[44613888]:[2]: enter to int handler 5.
[44614201]:[2]: leave from int handler 5.
[44720807]:[1]: enter to int handler 5.
[44721120]:[1]: leave from int handler 5.
[44840312]:[2]: enter to int handler 5.
[44840625]:[2]: leave from int handler 5.
[44900113]:[1]: enter to int handler 5.
[44900426]:[1]: leave from int handler 5.
[45066738]:[2]: enter to int handler 5.
[45067051]:[2]: leave from int handler 5.
[45079408]:[1]: enter to int handler 5.
[45079734]:[1]: task 1 becomes RUNNABLE.
[45080110]:[1]: leave from int handler 5.
[45080440]:[1]: dispatch to task 1.
[45080646]:[1]: leave from dly_tsk ercd=0.
[45080891]:[1]: enter to dly_tsk dlytim=10.
[45081332]:[1]: task 1 becomes WAITING.
[45081546]:[1]: dispatch from task 1.
[45259040]:[1]: enter to int handler 5.
[45259353]:[1]: leave from int handler 5.
[45293164]:[2]: enter to int handler 5.
[45293477]:[2]: leave from int handler 5.
[45438334]:[1]: enter to int handler 5.
[45438647]:[1]: leave from int handler 5.
[45519588]:[2]: enter to int handler 5.
[45519901]:[2]: leave from int handler 5.
[45617640]:[1]: enter to int handler 5.
[45617953]:[1]: leave from int handler 5.
[45746013]:[2]: enter to int handler 5.
[45746339]:[2]: task 2 becomes RUNNABLE.
[45746719]:[2]: leave from int handler 5.
[45747073]:[2]: dispatch from task 3.
[45747249]:[2]: dispatch to task 2.
[45747455]:[2]: leave from dly_tsk ercd=0.
[45775778]:[2]: enter to dly_tsk dlytim=10.
[45776267]:[2]: task 2 becomes WAITING.
[45776481]:[2]: dispatch from task 2.
[45776657]:[2]: dispatch to task 3.
[45796946]:[1]: enter to int handler 5.
[45797259]:[1]: leave from int handler 5.
[45970900]:[2]: enter to int handler 5.
[45971213]:[2]: leave from int handler 5.
[45976241]:[1]: enter to int handler 5.
[45976554]:[1]: leave from int handler 5.
[46155546]:[1]: enter to int handler 5.
[46155859]:[1]: leave from int handler 5.
[46197325]:[2]: enter to int handler 5.
[46197638]:[2]: leave from int handler 5.
[46334852]:[1]: enter to int handler 5.
[46335165]:[1]: leave from int handler 5.
[46423751]:[2]: enter to int handler 5.
[46424064]:[2]: leave from int handler 5.
[46514158]:[1]: enter to int handler 5.
[46514471]:[1]: leave from int handler 5.
