[1920619] dispatch to task 4.
[1920784] enter to act_tsk tskid=1.
[1920984] task 1 becomes RUNNABLE.
[1921207] dispatch from task 4.
[1921354] dispatch to task 1.
[1921529] enter to wai_sem semid=3.
[1921923] task 1 becomes WAITING.
[1922085] dispatch from task 1.
[1922232] dispatch to task 4.
[1922397] leave from act_tsk ercd=0.
[1922557] enter to act_tsk tskid=2.
[1922757] task 2 becomes RUNNABLE.
[1922980] dispatch from task 4.
[1923127] dispatch to task 2.
[1923305] enter to sig_sem semid=3.
[1923532] task 1 becomes RUNNABLE.
[1923727] leave from sig_sem ercd=0.
[1923868] enter to ext_tsk.
[1924137] task 2 becomes DORMANT.
[1924282] dispatch from task 2.
[1924429] dispatch to task 1.
[1924594] leave from wai_sem ercd=0.
[1924734] enter to ext_tsk.
[1925077] task 1 becomes DORMANT.
[1925222] dispatch from task 1.
[1925369] dispatch to task 4.
[1925534] leave from act_tsk ercd=0.
[1925689] enter to act_tsk tskid=3.
[1925889] task 3 becomes RUNNABLE.
[1926112] dispatch from task 4.
[1926259] dispatch to task 3.
[1926435] enter to slp_tsk.
[1926756] task 3 becomes WAITING.
[1926918] dispatch from task 3.
[1927065] dispatch to task 4.
[1927230] leave from act_tsk ercd=0.
[1927384] enter to wup_tsk tskid=3.
[1927603] task 3 becomes RUNNABLE.
[1927834] dispatch from task 4.
[1927981] dispatch to task 3.
[1928149] leave from slp_tsk ercd=0.
[1928291] enter to ext_tsk.
[1928634] task 3 becomes DORMANT.
[1928779] dispatch from task 3.
[1928926] dispatch to task 4.
[1929092] leave from wup_tsk ercd=0.
