[538201]:[2]: enter to sns_ctx.
[538377]:[2]: leave to sns_ctx state=1.
[538560]:[2]: enter to iget_pid p_prcid=1394908.
[538751]:[2]: leave to iget_pid ercd=0. prcid=2
[538970]:[2]: enter to iget_pid p_prcid=1394908.
[539161]:[2]: leave to iget_pid ercd=0. prcid=2
[539368]:[2]: enter to sns_ctx.
[539544]:[2]: leave to sns_ctx state=1.
[539727]:[2]: enter to iget_pid p_prcid=1394836.
[539918]:[2]: leave to iget_pid ercd=0. prcid=2
[540085]:[2]: Processor 2 start.
[540269]:[2]: enter to sns_ctx.
[540445]:[2]: leave to sns_ctx state=1.
[540626]:[2]: enter to iget_pid p_prcid=1394880.
[540817]:[2]: leave to iget_pid ercd=0. prcid=2
[541859]:[1]: dispatch to task 4.
[542069]:[1]: enter to sns_ctx.
[542245]:[1]: leave to sns_ctx state=0.
[542427]:[1]: enter to get_pid p_prcid=1390332.
[542619]:[1]: leave to get_pid ercd=0. prcid=1
[543316]:[1]: enter to sns_ctx.
[543492]:[1]: leave to sns_ctx state=0.
[543674]:[1]: enter to get_pid p_prcid=1390252.
[543866]:[1]: leave to get_pid ercd=0. prcid=1
[544030]:[1]: Sample program starts (exinf = 0).
[544214]:[1]: enter to sns_ctx.
[544390]:[1]: leave to sns_ctx state=0.
[544574]:[1]: enter to get_pid p_prcid=1390296.
[544766]:[1]: leave to get_pid ercd=0. prcid=1
[545048]:[1]: enter to sns_dpn.
[545241]:[1]: leave to sns_dpn state=0.
[545432]:[1]: enter to dis_dsp.
[545684]:[1]: leave to dis_dsp ercd=0.
[545962]:[1]: enter to ena_int intno=2.
[546186]:[1]: leave to ena_int ercd=0.
[546436]:[1]: enter to ena_dsp.
[546723]:[1]: leave to ena_dsp ercd=0.
[546927]:[1]: enter to sns_dpn.
[547120]:[1]: leave to sns_dpn state=0.
[547352]:[1]: enter to act_tsk tskid=1.
[547619]:[1]: task 1 becomes RUNNABLE.
[547854]:[1]: leave to act_tsk ercd=0.
[548040]:[1]: enter to act_tsk tskid=2.
[548307]:[1]: task 2 becomes RUNNABLE.
[548542]:[1]: leave to act_tsk ercd=0.
[548725]:[1]: enter to act_tsk tskid=3.
[548992]:[1]: task 3 becomes RUNNABLE.
[549227]:[1]: leave to act_tsk ercd=0.
[549412]:[1]: enter to dly_tsk dlytim=10.
[549901]:[1]: task 4 becomes WAITING.
[550115]:[1]: dispatch from task 4.
[550291]:[1]: dispatch to task 1.
[550491]:[1]: enter to ena_tex.
[550761]:[1]: leave to ena_tex ercd=0
[2621311]:[1]: task 4 becomes RUNNABLE.
[2621850]:[1]: dispatch from task 1.
[2622026]:[1]: dispatch to task 4.
[2622232]:[1]: leave to dly_tsk ercd=0.
[2622415]:[1]: enter to rot_rdq tskpri=10.
[2622724]:[1]: leave to rot_rdq ercd=0.
[2622907]:[1]: enter to dly_tsk dlytim=10.
[2623396]:[1]: task 4 becomes WAITING.
[2623610]:[1]: dispatch from task 4.
[2623786]:[1]: dispatch to task 2.
[2623986]:[1]: enter to ena_tex.
[2624256]:[1]: leave to ena_tex ercd=0
[4717251]:[1]: task 4 becomes RUNNABLE.
[4717790]:[1]: dispatch from task 2.
[4717966]:[1]: dispatch to task 4.
[4718172]:[1]: leave to dly_tsk ercd=0.
[4718355]:[1]: enter to rot_rdq tskpri=10.
[4718664]:[1]: leave to rot_rdq ercd=0.
[4718847]:[1]: enter to dly_tsk dlytim=10.
[4719336]:[1]: task 4 becomes WAITING.
[4719550]:[1]: dispatch from task 4.
[4719726]:[1]: dispatch to task 3.
[4719926]:[1]: enter to ena_tex.
[4720196]:[1]: leave to ena_tex ercd=0
[6813191]:[1]: task 4 becomes RUNNABLE.
[6813730]:[1]: dispatch from task 3.
[6813906]:[1]: dispatch to task 4.
[6814112]:[1]: leave to dly_tsk ercd=0.
[6814295]:[1]: enter to rot_rdq tskpri=10.
[6814604]:[1]: leave to rot_rdq ercd=0.
[6814787]:[1]: enter to dly_tsk dlytim=10.
[6815276]:[1]: task 4 becomes WAITING.
[6815490]:[1]: dispatch from task 4.
[6815666]:[1]: dispatch to task 1.
[8909082]:[1]: task 4 becomes RUNNABLE.
[8909621]:[1]: dispatch from task 1.
[8909797]:[1]: dispatch to task 4.
[8910003]:[1]: leave to dly_tsk ercd=0.
[8910190]:[1]: enter to dly_tsk dlytim=10.
[8910679]:[1]: task 4 becomes WAITING.
[8910893]:[1]: dispatch from task 4.
[8911069]:[1]: dispatch to task 1.
[8911585]:[1]: enter to sns_ctx.
[8911761]:[1]: leave to sns_ctx state=0.
[8911943]:[1]: enter to get_pid p_prcid=1377908.
[8912135]:[1]: leave to get_pid ercd=0. prcid=1
[8912299]:[1]: #1#slp_tsk()
[8912483]:[1]: enter to sns_ctx.
[8912659]:[1]: leave to sns_ctx state=0.
[8912843]:[1]: enter to get_pid p_prcid=1377952.
[8913035]:[1]: leave to get_pid ercd=0. prcid=1
[8913311]:[1]: enter to slp_tsk.
[8913640]:[1]: task 1 becomes WAITING.
[8913854]:[1]: dispatch from task 1.
[8914030]:[1]: dispatch to task 2.
[11005239]:[1]: task 4 becomes RUNNABLE.
[11005778]:[1]: dispatch from task 2.
[11005954]:[1]: dispatch to task 4.
[11006160]:[1]: leave to dly_tsk ercd=0.
[11006347]:[1]: enter to dly_tsk dlytim=10.
[11006836]:[1]: task 4 becomes WAITING.
[11007050]:[1]: dispatch from task 4.
[11007226]:[1]: dispatch to task 2.
[11007758]:[1]: enter to sns_ctx.
[11007934]:[1]: leave to sns_ctx state=0.
[11008116]:[1]: enter to get_pid p_prcid=1382004.
[11008308]:[1]: leave to get_pid ercd=0. prcid=1
[11008472]:[1]: #2#slp_tsk()
[11008656]:[1]: enter to sns_ctx.
[11008832]:[1]: leave to sns_ctx state=0.
[11009016]:[1]: enter to get_pid p_prcid=1382048.
[11009208]:[1]: leave to get_pid ercd=0. prcid=1
[11009484]:[1]: enter to slp_tsk.
[11009813]:[1]: task 2 becomes WAITING.
[11010027]:[1]: dispatch from task 2.
[11010203]:[1]: dispatch to task 3.
[13101412]:[1]: task 4 becomes RUNNABLE.
[13101951]:[1]: dispatch from task 3.
[13102127]:[1]: dispatch to task 4.
[13102333]:[1]: leave to dly_tsk ercd=0.
[13102520]:[1]: enter to dly_tsk dlytim=10.
[13103009]:[1]: task 4 becomes WAITING.
[13103223]:[1]: dispatch from task 4.
[13103399]:[1]: dispatch to task 3.
[13103931]:[1]: enter to sns_ctx.
[13104107]:[1]: leave to sns_ctx state=0.
[13104289]:[1]: enter to get_pid p_prcid=1386100.
[13104481]:[1]: leave to get_pid ercd=0. prcid=1
[13104645]:[1]: #3#slp_tsk()
[13104829]:[1]: enter to sns_ctx.
[13105005]:[1]: leave to sns_ctx state=0.
[13105189]:[1]: enter to get_pid p_prcid=1386144.
[13105381]:[1]: leave to get_pid ercd=0. prcid=1
[13105657]:[1]: enter to slp_tsk.
[13106012]:[1]: task 3 becomes WAITING.
[13106226]:[1]: dispatch from task 3.
[15073853]:[1]: task 4 becomes RUNNABLE.
[15074365]:[1]: dispatch to task 4.
[15074571]:[1]: leave to dly_tsk ercd=0.
[15074754]:[1]: enter to wup_tsk tskid=1.
[15075061]:[1]: task 1 becomes RUNNABLE.
[15075308]:[1]: leave to wup_tsk ercd=0.
[15075489]:[1]: enter to wup_tsk tskid=2.
[15075796]:[1]: task 2 becomes RUNNABLE.
[15076043]:[1]: leave to wup_tsk ercd=0.
[15076224]:[1]: enter to wup_tsk tskid=3.
[15076531]:[1]: task 3 becomes RUNNABLE.
[15076778]:[1]: leave to wup_tsk ercd=0.
[15076961]:[1]: enter to dly_tsk dlytim=10.
[15077450]:[1]: task 4 becomes WAITING.
[15077664]:[1]: dispatch from task 4.
[15077840]:[1]: dispatch to task 1.
[15078052]:[1]: leave to slp_tsk ercd=0.
[17169909]:[1]: task 4 becomes RUNNABLE.
[17170448]:[1]: dispatch from task 1.
[17170624]:[1]: dispatch to task 4.
[17170830]:[1]: leave to dly_tsk ercd=0.
[17171023]:[1]: enter to mig_tsk tskid=1. prcid=2.
[17171405]:[1]: task 1 migrates from processor 1 to processor 2.
[17171853]:[1]: leave to mig_tsk ercd=0.
[17172040]:[1]: enter to dly_tsk dlytim=10.
[17172165]:[2]: dispatch to task 1.
[17172529]:[1]: task 4 becomes WAITING.
[17172743]:[1]: dispatch from task 4.
[17172919]:[1]: dispatch to task 2.
[17173131]:[1]: leave to slp_tsk ercd=0.
[19265874]:[1]: task 4 becomes RUNNABLE.
[19266413]:[1]: dispatch from task 2.
[19266589]:[1]: dispatch to task 4.
[19266795]:[1]: leave to dly_tsk ercd=0.
[19266988]:[1]: enter to mig_tsk tskid=2. prcid=2.
[19267370]:[1]: task 2 migrates from processor 1 to processor 2.
[19267789]:[1]: leave to mig_tsk ercd=0.
[19267976]:[1]: enter to dly_tsk dlytim=10.
[19268465]:[1]: task 4 becomes WAITING.
[19268679]:[1]: dispatch from task 4.
[19268855]:[1]: dispatch to task 3.
[19269067]:[1]: leave to slp_tsk ercd=0.
[21361835]:[1]: task 4 becomes RUNNABLE.
[21362374]:[1]: dispatch from task 3.
[21362550]:[1]: dispatch to task 4.
[21362756]:[1]: leave to dly_tsk ercd=0.
[21362949]:[1]: enter to mig_tsk tskid=3. prcid=2.
[21363352]:[1]: task 3 migrates from processor 1 to processor 2.
[21363771]:[1]: leave to mig_tsk ercd=0.
[21363958]:[1]: enter to dly_tsk dlytim=10.
[21364399]:[1]: task 4 becomes WAITING.
[21364613]:[1]: dispatch from task 4.
[23333993]:[1]: task 4 becomes RUNNABLE.
[23334504]:[1]: dispatch to task 4.
[23334710]:[1]: leave to dly_tsk ercd=0.
[23334897]:[1]: enter to dly_tsk dlytim=10.
[23335233]:[2]: enter to sns_ctx.
[23335338]:[1]: task 4 becomes WAITING.
[23335439]:[2]: leave to sns_ctx state=0.
[23335552]:[1]: dispatch from task 4.
[23335641]:[2]: enter to get_pid p_prcid=1377908.
[23335833]:[2]: leave to get_pid ercd=0. prcid=2
[23335997]:[2]: #1#mig_tsk(PE1)
[23336181]:[2]: enter to sns_ctx.
[23336357]:[2]: leave to sns_ctx state=0.
[23336541]:[2]: enter to get_pid p_prcid=1377952.
[23336733]:[2]: leave to get_pid ercd=0. prcid=2
[23336970]:[2]: enter to mig_tsk tskid=0. prcid=1.
[23337292]:[2]: task 1 migrates from processor 2 to processor 1.
[23337893]:[2]: dispatch from task 1.
[23338069]:[2]: dispatch to task 2.
[23338187]:[1]: dispatch to task 1.
[23338386]:[1]: leave to mig_tsk ercd=0.
[25429813]:[1]: task 4 becomes RUNNABLE.
[25430352]:[1]: dispatch from task 1.
[25430528]:[1]: dispatch to task 4.
[25430734]:[1]: leave to dly_tsk ercd=0.
[25430921]:[1]: enter to dly_tsk dlytim=10.
[25431345]:[2]: enter to sns_ctx.
[25431440]:[1]: task 4 becomes WAITING.
[25431521]:[2]: leave to sns_ctx state=0.
[25431654]:[1]: dispatch from task 4.
[25431753]:[2]: enter to get_pid p_prcid=1382004.
[25431830]:[1]: dispatch to task 1.
[25431945]:[2]: leave to get_pid ercd=0. prcid=2
[25432109]:[2]: #2#mig_tsk(PE1)
[25432293]:[2]: enter to sns_ctx.
[25432469]:[2]: leave to sns_ctx state=0.
[25432653]:[2]: enter to get_pid p_prcid=1382048.
[25432845]:[2]: leave to get_pid ercd=0. prcid=2
[25433082]:[2]: enter to mig_tsk tskid=0. prcid=1.
[25433404]:[2]: task 2 migrates from processor 2 to processor 1.
[25433973]:[2]: dispatch from task 2.
[25434149]:[2]: dispatch to task 3.
[27525667]:[1]: task 4 becomes RUNNABLE.
[27526206]:[1]: dispatch from task 1.
[27526382]:[1]: dispatch to task 4.
[27526588]:[1]: leave to dly_tsk ercd=0.
[27526775]:[1]: enter to dly_tsk dlytim=10.
[27527154]:[2]: enter to sns_ctx.
[27527284]:[1]: task 4 becomes WAITING.
[27527390]:[2]: leave to sns_ctx state=0.
[27527518]:[1]: dispatch from task 4.
[27527622]:[2]: enter to get_pid p_prcid=1386100.
[27527714]:[1]: dispatch to task 1.
[27527814]:[2]: leave to get_pid ercd=0. prcid=2
[27527978]:[2]: #3#mig_tsk(PE1)
[27528162]:[2]: enter to sns_ctx.
[27528338]:[2]: leave to sns_ctx state=0.
[27528522]:[2]: enter to get_pid p_prcid=1386144.
[27528714]:[2]: leave to get_pid ercd=0. prcid=2
[27528951]:[2]: enter to mig_tsk tskid=0. prcid=1.
[27529273]:[2]: task 3 migrates from processor 2 to processor 1.
[27529868]:[2]: dispatch from task 3.
[29621485]:[1]: task 4 becomes RUNNABLE.
[29622024]:[1]: dispatch from task 1.
[29622200]:[1]: dispatch to task 4.
[29622406]:[1]: leave to dly_tsk ercd=0.
[29622593]:[1]: enter to dly_tsk dlytim=10.
[29623082]:[1]: task 4 becomes WAITING.
[29623296]:[1]: dispatch from task 4.
[29623472]:[1]: dispatch to task 1.
[29623988]:[1]: enter to sns_ctx.
[29624164]:[1]: leave to sns_ctx state=0.
[29624346]:[1]: enter to get_pid p_prcid=1377908.
[29624538]:[1]: leave to get_pid ercd=0. prcid=1
[29624702]:[1]: #1#ext_tsk()
[29624886]:[1]: enter to sns_ctx.
[29625062]:[1]: leave to sns_ctx state=0.
[29625246]:[1]: enter to get_pid p_prcid=1377952.
[29625438]:[1]: leave to get_pid ercd=0. prcid=1
[29625718]:[1]: enter to ext_tsk.
[29626110]:[1]: task 1 becomes DORMANT.
[29626326]:[1]: dispatch from task 1.
[29626502]:[1]: dispatch to task 2.
[29626701]:[1]: leave to mig_tsk ercd=0.
[31717652]:[1]: task 4 becomes RUNNABLE.
[31718191]:[1]: dispatch from task 2.
[31718367]:[1]: dispatch to task 4.
[31718573]:[1]: leave to dly_tsk ercd=0.
[31718760]:[1]: enter to dly_tsk dlytim=10.
[31719249]:[1]: task 4 becomes WAITING.
[31719463]:[1]: dispatch from task 4.
[31719639]:[1]: dispatch to task 2.
[31720155]:[1]: enter to sns_ctx.
[31720331]:[1]: leave to sns_ctx state=0.
[31720513]:[1]: enter to get_pid p_prcid=1382004.
[31720705]:[1]: leave to get_pid ercd=0. prcid=1
[31720869]:[1]: #2#ext_tsk()
[31721053]:[1]: enter to sns_ctx.
[31721229]:[1]: leave to sns_ctx state=0.
[31721413]:[1]: enter to get_pid p_prcid=1382048.
[31721605]:[1]: leave to get_pid ercd=0. prcid=1
[31721885]:[1]: enter to ext_tsk.
[31722277]:[1]: task 2 becomes DORMANT.
[31722493]:[1]: dispatch from task 2.
[31722669]:[1]: dispatch to task 3.
[31722868]:[1]: leave to mig_tsk ercd=0.
[33813819]:[1]: task 4 becomes RUNNABLE.
[33814358]:[1]: dispatch from task 3.
[33814534]:[1]: dispatch to task 4.
[33814740]:[1]: leave to dly_tsk ercd=0.
[33814927]:[1]: enter to dly_tsk dlytim=10.
[33815416]:[1]: task 4 becomes WAITING.
[33815630]:[1]: dispatch from task 4.
[33815806]:[1]: dispatch to task 3.
[33816322]:[1]: enter to sns_ctx.
[33816498]:[1]: leave to sns_ctx state=0.
[33816680]:[1]: enter to get_pid p_prcid=1386100.
[33816872]:[1]: leave to get_pid ercd=0. prcid=1
[33817036]:[1]: #3#ext_tsk()
[33817220]:[1]: enter to sns_ctx.
[33817396]:[1]: leave to sns_ctx state=0.
[33817580]:[1]: enter to get_pid p_prcid=1386144.
[33817772]:[1]: leave to get_pid ercd=0. prcid=1
[33818052]:[1]: enter to ext_tsk.
[33818470]:[1]: task 3 becomes DORMANT.
[33818686]:[1]: dispatch from task 3.
[35786301]:[1]: task 4 becomes RUNNABLE.
[35786813]:[1]: dispatch to task 4.
[35787019]:[1]: leave to dly_tsk ercd=0.
[35787204]:[1]: enter to act_tsk tskid=1.
[35787471]:[1]: task 1 becomes RUNNABLE.
[35787706]:[1]: leave to act_tsk ercd=0.
[35787892]:[1]: enter to act_tsk tskid=2.
[35788159]:[1]: task 2 becomes RUNNABLE.
[35788394]:[1]: leave to act_tsk ercd=0.
[35788577]:[1]: enter to act_tsk tskid=3.
[35788844]:[1]: task 3 becomes RUNNABLE.
[35789079]:[1]: leave to act_tsk ercd=0.
[35789264]:[1]: enter to dly_tsk dlytim=10.
[35789753]:[1]: task 4 becomes WAITING.
[35789967]:[1]: dispatch from task 4.
[35790143]:[1]: dispatch to task 1.
[35790343]:[1]: enter to ena_tex.
[35790613]:[1]: leave to ena_tex ercd=0
[37882399]:[1]: task 4 becomes RUNNABLE.
[37882938]:[1]: dispatch from task 1.
[37883114]:[1]: dispatch to task 4.
[37883320]:[1]: leave to dly_tsk ercd=0.
[37883503]:[1]: enter to rot_rdq tskpri=10.
[37883812]:[1]: leave to rot_rdq ercd=0.
[37883995]:[1]: enter to dly_tsk dlytim=10.
[37884484]:[1]: task 4 becomes WAITING.
[37884698]:[1]: dispatch from task 4.
[37884874]:[1]: dispatch to task 2.
[37885074]:[1]: enter to ena_tex.
[37885344]:[1]: leave to ena_tex ercd=0
[39978339]:[1]: task 4 becomes RUNNABLE.
[39978878]:[1]: dispatch from task 2.
[39979054]:[1]: dispatch to task 4.
[39979260]:[1]: leave to dly_tsk ercd=0.
[39979443]:[1]: enter to rot_rdq tskpri=10.
[39979752]:[1]: leave to rot_rdq ercd=0.
[39979935]:[1]: enter to dly_tsk dlytim=10.
[39980424]:[1]: task 4 becomes WAITING.
[39980638]:[1]: dispatch from task 4.
[39980814]:[1]: dispatch to task 3.
[39981014]:[1]: enter to ena_tex.
[39981284]:[1]: leave to ena_tex ercd=0
[42074279]:[1]: task 4 becomes RUNNABLE.
[42074818]:[1]: dispatch from task 3.
[42074994]:[1]: dispatch to task 4.
[42075200]:[1]: leave to dly_tsk ercd=0.
[42075383]:[1]: enter to rot_rdq tskpri=10.
[42075692]:[1]: leave to rot_rdq ercd=0.
[42075875]:[1]: enter to dly_tsk dlytim=10.
[42076364]:[1]: task 4 becomes WAITING.
[42076578]:[1]: dispatch from task 4.
[42076754]:[1]: dispatch to task 1.
[44170168]:[1]: task 4 becomes RUNNABLE.
[44170707]:[1]: dispatch from task 1.
[44170883]:[1]: dispatch to task 4.
[44171089]:[1]: leave to dly_tsk ercd=0.
[44171276]:[1]: enter to dly_tsk dlytim=10.
[44171765]:[1]: task 4 becomes WAITING.
[44171979]:[1]: dispatch from task 4.
[44172155]:[1]: dispatch to task 1.
[44172675]:[1]: enter to sns_ctx.
[44172851]:[1]: leave to sns_ctx state=0.
[44173033]:[1]: enter to get_pid p_prcid=1377908.
[44173225]:[1]: leave to get_pid ercd=0. prcid=1
[44173389]:[1]: #1#slp_tsk()
[44173573]:[1]: enter to sns_ctx.
[44173749]:[1]: leave to sns_ctx state=0.
[44173933]:[1]: enter to get_pid p_prcid=1377952.
[44174125]:[1]: leave to get_pid ercd=0. prcid=1
[44174401]:[1]: enter to slp_tsk.
[44174730]:[1]: task 1 becomes WAITING.
[44174944]:[1]: dispatch from task 1.
[44175120]:[1]: dispatch to task 2.
[46266329]:[1]: task 4 becomes RUNNABLE.
[46266868]:[1]: dispatch from task 2.
[46267044]:[1]: dispatch to task 4.
[46267250]:[1]: leave to dly_tsk ercd=0.
[46267437]:[1]: enter to dly_tsk dlytim=10.
[46267926]:[1]: task 4 becomes WAITING.
[46268140]:[1]: dispatch from task 4.
[46268316]:[1]: dispatch to task 2.
[46268848]:[1]: enter to sns_ctx.
[46269024]:[1]: leave to sns_ctx state=0.
[46269206]:[1]: enter to get_pid p_prcid=1382004.
[46269398]:[1]: leave to get_pid ercd=0. prcid=1
[46269562]:[1]: #2#slp_tsk()
[46269746]:[1]: enter to sns_ctx.
[46269922]:[1]: leave to sns_ctx state=0.
[46270106]:[1]: enter to get_pid p_prcid=1382048.
[46270298]:[1]: leave to get_pid ercd=0. prcid=1
[46270574]:[1]: enter to slp_tsk.
[46270903]:[1]: task 2 becomes WAITING.
[46271117]:[1]: dispatch from task 2.
[46271293]:[1]: dispatch to task 3.
[48362502]:[1]: task 4 becomes RUNNABLE.
[48363041]:[1]: dispatch from task 3.
[48363217]:[1]: dispatch to task 4.
[48363423]:[1]: leave to dly_tsk ercd=0.
[48363610]:[1]: enter to dly_tsk dlytim=10.
[48364099]:[1]: task 4 becomes WAITING.
[48364313]:[1]: dispatch from task 4.
[48364489]:[1]: dispatch to task 3.
[48365021]:[1]: enter to sns_ctx.
[48365197]:[1]: leave to sns_ctx state=0.
[48365379]:[1]: enter to get_pid p_prcid=1386100.
[48365571]:[1]: leave to get_pid ercd=0. prcid=1
[48365735]:[1]: #3#slp_tsk()
[48365919]:[1]: enter to sns_ctx.
[48366095]:[1]: leave to sns_ctx state=0.
[48366279]:[1]: enter to get_pid p_prcid=1386144.
[48366471]:[1]: leave to get_pid ercd=0. prcid=1
[48366747]:[1]: enter to slp_tsk.
[48367102]:[1]: task 3 becomes WAITING.
[48367316]:[1]: dispatch from task 3.
[50334943]:[1]: task 4 becomes RUNNABLE.
[50335455]:[1]: dispatch to task 4.
[50335661]:[1]: leave to dly_tsk ercd=0.
[50335844]:[1]: enter to wup_tsk tskid=1.
[50336151]:[1]: task 1 becomes RUNNABLE.
[50336398]:[1]: leave to wup_tsk ercd=0.
[50336579]:[1]: enter to wup_tsk tskid=2.
[50336886]:[1]: task 2 becomes RUNNABLE.
[50337133]:[1]: leave to wup_tsk ercd=0.
[50337314]:[1]: enter to wup_tsk tskid=3.
[50337621]:[1]: task 3 becomes RUNNABLE.
[50337868]:[1]: leave to wup_tsk ercd=0.
[50338051]:[1]: enter to dly_tsk dlytim=10.
[50338540]:[1]: task 4 becomes WAITING.
[50338754]:[1]: dispatch from task 4.
[50338930]:[1]: dispatch to task 1.
[50339142]:[1]: leave to slp_tsk ercd=0.
[52430993]:[1]: task 4 becomes RUNNABLE.
